#
# There is insufficient memory for the Java Runtime Environment to continue.
# Native memory allocation (malloc) failed to allocate 32784 bytes. Error detail: Chunk::new
# Possible reasons:
#   The system is out of physical RAM or swap space
#   This process is running with CompressedOops enabled, and the Java Heap may be blocking the growth of the native heap
# Possible solutions:
#   Reduce memory load on the system
#   Increase physical memory or swap space
#   Check if swap backing store is full
#   Decrease Java heap size (-Xmx/-Xms)
#   Decrease number of Java threads
#   Decrease Java thread stack sizes (-Xss)
#   Set larger code cache with -XX:ReservedCodeCacheSize=
#   JVM is running with Unscaled Compressed Oops mode in which the Java heap is
#     placed in the first 4GB address space. The Java Heap base address is the
#     maximum limit for the native heap growth. Please use -XX:HeapBaseMinAddress
#     to set the Java Heap base and to place the Java Heap above 4GB virtual address.
# This output file may be truncated or incomplete.
#
#  Out of Memory Error (arena.cpp:168), pid=7376, tid=20056
#
# JRE version: OpenJDK Runtime Environment Temurin-21.0.11+10 (21.0.11+10) (build 21.0.11+10-LTS)
# Java VM: OpenJDK 64-Bit Server VM Temurin-21.0.11+10 (21.0.11+10-LTS, mixed mode, sharing, tiered, compressed oops, compressed class ptrs, parallel gc, windows-amd64)
# No core dump will be written. Minidumps are not enabled by default on client versions of Windows
#

---------------  S U M M A R Y ------------

Command Line: --add-modules=ALL-SYSTEM --add-opens=java.base/java.util=ALL-UNNAMED --add-opens=java.base/java.lang=ALL-UNNAMED --add-opens=java.base/sun.nio.fs=ALL-UNNAMED -Declipse.application=org.eclipse.jdt.ls.core.id1 -Dosgi.bundles.defaultStartLevel=4 -Declipse.product=org.eclipse.jdt.ls.core.product -Djava.import.generatesMetadataFilesAtProjectRoot=false -DDetectVMInstallationsJob.disabled=true -Dfile.encoding=utf8 -XX:+UseParallelGC -XX:GCTimeRatio=4 -XX:AdaptiveSizePolicyWeight=90 -Dsun.zip.disableMemoryMapping=true -Xmx2G -Xms100m -Xlog:disable -javaagent:c:\Users\sujit kumar\.vscode\extensions\redhat.java-1.56.2026071808-win32-x64\lombok\lombok-1.18.39-4050.jar c:\Users\sujit kumar\.vscode\extensions\redhat.java-1.56.2026071808-win32-x64\server\plugins\org.eclipse.equinox.launcher_1.7.200.v20260619-2039.jar -configuration c:\Users\sujit kumar\AppData\Roaming\Code\User\globalStorage\redhat.java\1.56.2026071808\config_ss_win -data c:\Users\sujit kumar\AppData\Roaming\Code\User\workspaceStorage\afad6fe3008e4abd10941523ee9f4e58\redhat.java\ss_ws --pipe=\\.\pipe\lsp-8046dfcd886941b2371bca42d9305137-sock

Host: AMD Ryzen 5 5500U with Radeon Graphics         , 12 cores, 5G,  Windows 11 , 64 bit Build 26100 (10.0.26100.8875)
Time: Tue Jul 21 12:09:35 2026 India Standard Time elapsed time: 5.963855 seconds (0d 0h 0m 5s)

---------------  T H R E A D  ---------------

Current thread (0x000001c11a35a830):  JavaThread "C2 CompilerThread0" daemon [_thread_in_native, id=20056, stack(0x000000a8c7f00000,0x000000a8c8000000) (1024K)]


Current CompileTask:
C2:5963 1336       4       lombok.launch.PackageShader::apply (252 bytes)

Stack: [0x000000a8c7f00000,0x000000a8c8000000]
Native frames: (J=compiled Java code, j=interpreted, Vv=VM code, C=native code)
V  [jvm.dll+0x6d7e19]
V  [jvm.dll+0x8b5096]
V  [jvm.dll+0x8b764e]
V  [jvm.dll+0x8b7d33]
V  [jvm.dll+0x284596]
V  [jvm.dll+0xc685d]
V  [jvm.dll+0xc6da1]
V  [jvm.dll+0xc6985]
V  [jvm.dll+0x6b2edc]
V  [jvm.dll+0x60cd1e]
V  [jvm.dll+0x5f4373]
V  [jvm.dll+0x5f864b]
V  [jvm.dll+0x5f7d7d]
V  [jvm.dll+0x5f7c60]
V  [jvm.dll+0x5f7de0]
V  [jvm.dll+0x5f7c60]
V  [jvm.dll+0x5ff162]
V  [jvm.dll+0x255d67]
V  [jvm.dll+0x25612d]
V  [jvm.dll+0x24e6a0]
V  [jvm.dll+0x24bbe6]
V  [jvm.dll+0x1cb4ae]
V  [jvm.dll+0x25baad]
V  [jvm.dll+0x25a03a]
V  [jvm.dll+0x3f868e]
V  [jvm.dll+0x85fb0d]
V  [jvm.dll+0x6d664d]
C  [ucrtbase.dll+0x2cd30]
C  [KERNEL32.DLL+0x2e957]
C  [ntdll.dll+0xaad6c]


---------------  P R O C E S S  ---------------

Threads class SMR info:
_java_thread_list=0x000001c11a690300, length=11, elements={
0x000001c0bf13cb90, 0x000001c0bf758400, 0x000001c0d7e0d6b0, 0x000001c0d7e0e6f0,
0x000001c0bf75bff0, 0x000001c0bf75fba0, 0x000001c0bf765d10, 0x000001c11a35a830,
0x000001c11a35b380, 0x000001c0bf7663a0, 0x000001c0bf7635b0
}

Java Threads: ( => current thread )
  0x000001c0bf13cb90 JavaThread "main"                              [_thread_in_Java, id=29324, stack(0x000000a8c7500000,0x000000a8c7600000) (1024K)]
  0x000001c0bf758400 JavaThread "Reference Handler"          daemon [_thread_blocked, id=22132, stack(0x000000a8c7900000,0x000000a8c7a00000) (1024K)]
  0x000001c0d7e0d6b0 JavaThread "Finalizer"                  daemon [_thread_blocked, id=22324, stack(0x000000a8c7a00000,0x000000a8c7b00000) (1024K)]
  0x000001c0d7e0e6f0 JavaThread "Signal Dispatcher"          daemon [_thread_blocked, id=31700, stack(0x000000a8c7b00000,0x000000a8c7c00000) (1024K)]
  0x000001c0bf75bff0 JavaThread "Attach Listener"            daemon [_thread_blocked, id=23332, stack(0x000000a8c7c00000,0x000000a8c7d00000) (1024K)]
  0x000001c0bf75fba0 JavaThread "Service Thread"             daemon [_thread_blocked, id=26340, stack(0x000000a8c7d00000,0x000000a8c7e00000) (1024K)]
  0x000001c0bf765d10 JavaThread "Monitor Deflation Thread"   daemon [_thread_blocked, id=28456, stack(0x000000a8c7e00000,0x000000a8c7f00000) (1024K)]
=>0x000001c11a35a830 JavaThread "C2 CompilerThread0"         daemon [_thread_in_native, id=20056, stack(0x000000a8c7f00000,0x000000a8c8000000) (1024K)]
  0x000001c11a35b380 JavaThread "C1 CompilerThread0"         daemon [_thread_blocked, id=22728, stack(0x000000a8c8000000,0x000000a8c8100000) (1024K)]
  0x000001c0bf7663a0 JavaThread "Common-Cleaner"             daemon [_thread_blocked, id=32316, stack(0x000000a8c8100000,0x000000a8c8200000) (1024K)]
  0x000001c0bf7635b0 JavaThread "Notification Thread"        daemon [_thread_blocked, id=24092, stack(0x000000a8c8200000,0x000000a8c8300000) (1024K)]
Total: 11

Other Threads:
  0x000001c0bf753890 VMThread "VM Thread"                           [id=30568, stack(0x000000a8c7800000,0x000000a8c7900000) (1024K)]
  0x000001c0bf720550 WatcherThread "VM Periodic Task Thread"        [id=2432, stack(0x000000a8c7700000,0x000000a8c7800000) (1024K)]
  0x000001c0bf6d0c10 WorkerThread "GC Thread#0"                     [id=29984, stack(0x000000a8c7600000,0x000000a8c7700000) (1024K)]
  0x000001c11b790b00 WorkerThread "GC Thread#1"                     [id=29040, stack(0x000000a8c8300000,0x000000a8c8400000) (1024K)]
  0x000001c11b6baa80 WorkerThread "GC Thread#2"                     [id=14236, stack(0x000000a8c8400000,0x000000a8c8500000) (1024K)]
  0x000001c11b6bae30 WorkerThread "GC Thread#3"                     [id=29676, stack(0x000000a8c8500000,0x000000a8c8600000) (1024K)]
  0x000001c11b77e1e0 WorkerThread "GC Thread#4"                     [id=7808, stack(0x000000a8c8600000,0x000000a8c8700000) (1024K)]
  0x000001c11b77da80 WorkerThread "GC Thread#5"                     [id=6284, stack(0x000000a8c8700000,0x000000a8c8800000) (1024K)]
  0x000001c11b77f0a0 WorkerThread "GC Thread#6"                     [id=6272, stack(0x000000a8c8800000,0x000000a8c8900000) (1024K)]
Total: 9

Threads with active compile tasks:
C2 CompilerThread0  6020 1336       4       lombok.launch.PackageShader::apply (252 bytes)
C1 CompilerThread0  6020 1420       2       org.eclipse.osgi.internal.container.NamespaceList$Builder$2::apply (9 bytes)
Total: 2

VM state: not at safepoint (normal execution)

VM Mutex/Monitor currently owned by a thread: None

Heap address: 0x0000000080000000, size: 2048 MB, Compressed Oops mode: 32-bit

CDS archive(s) mapped at: [0x000001c0d8000000-0x000001c0d8ba0000-0x000001c0d8ba0000), size 12189696, SharedBaseAddress: 0x000001c0d8000000, ArchiveRelocationMode: 1.
Compressed class space mapped at: 0x000001c0d9000000-0x000001c119000000, reserved size: 1073741824
Narrow klass base: 0x000001c0d8000000, Narrow klass shift: 0, Narrow klass range: 0x100000000

GC Precious Log:
 CardTable entry size: 512
 CPUs: 12 total, 12 available
 Memory: 5989M
 Large Page Support: Disabled
 NUMA Support: Disabled
 Compressed Oops: Enabled (32-bit)
 Alignments: Space 512K, Generation 512K, Heap 2M
 Heap Min Capacity: 100M
 Heap Initial Capacity: 100M
 Heap Max Capacity: 2G
 Pre-touch: Disabled
 Parallel Workers: 10

Heap:
 PSYoungGen      total 29696K, used 16308K [0x00000000d5580000, 0x00000000d7680000, 0x0000000100000000)
  eden space 25600K, 50% used [0x00000000d5580000,0x00000000d6233258,0x00000000d6e80000)
  from space 4096K, 80% used [0x00000000d6e80000,0x00000000d71b9e98,0x00000000d7280000)
  to   space 4096K, 0% used [0x00000000d7280000,0x00000000d7280000,0x00000000d7680000)
 ParOldGen       total 68608K, used 16K [0x0000000080000000, 0x0000000084300000, 0x00000000d5580000)
  object space 68608K, 0% used [0x0000000080000000,0x0000000080004000,0x0000000084300000)
 Metaspace       used 6511K, committed 6848K, reserved 1114112K
  class space    used 659K, committed 832K, reserved 1048576K

Card table byte_map: [0x000001c0d3150000,0x000001c0d3560000] _byte_map_base: 0x000001c0d2d50000

Marking Bits: (ParMarkBitMap*) 0x00007ff81ab54460
 Begin Bits: [0x000001c0d3810000, 0x000001c0d5810000)
 End Bits:   [0x000001c0d5810000, 0x000001c0d7810000)

Polling page: 0x000001c0bf3a0000

Metaspace:

Usage:
  Non-class:      5.71 MB used.
      Class:    659.72 KB used.
       Both:      6.36 MB used.

Virtual space:
  Non-class space:       64.00 MB reserved,       5.88 MB (  9%) committed,  1 nodes.
      Class space:        1.00 GB reserved,     832.00 KB ( <1%) committed,  1 nodes.
             Both:        1.06 GB reserved,       6.69 MB ( <1%) committed. 

Chunk freelists:
   Non-Class:  9.73 MB
       Class:  15.05 MB
        Both:  24.78 MB

MaxMetaspaceSize: unlimited
CompressedClassSpaceSize: 1.00 GB
Initial GC threshold: 21.00 MB
Current GC threshold: 21.00 MB
CDS: on
 - commit_granule_bytes: 65536.
 - commit_granule_words: 8192.
 - virtual_space_node_default_size: 8388608.
 - enlarge_chunks_in_place: 1.
 - use_allocation_guard: 0.


Internal statistics:

num_allocs_failed_limit: 0.
num_arena_births: 190.
num_arena_deaths: 0.
num_vsnodes_births: 2.
num_vsnodes_deaths: 0.
num_space_committed: 107.
num_space_uncommitted: 0.
num_chunks_returned_to_freelist: 0.
num_chunks_taken_from_freelist: 327.
num_chunk_merges: 0.
num_chunk_splits: 212.
num_chunks_enlarged: 135.
num_inconsistent_stats: 0.

CodeHeap 'non-profiled nmethods': size=120000Kb used=494Kb max_used=494Kb free=119505Kb
 bounds [0x000001c0cba40000, 0x000001c0cbcb0000, 0x000001c0d2f70000]
CodeHeap 'profiled nmethods': size=120000Kb used=2448Kb max_used=2448Kb free=117551Kb
 bounds [0x000001c0c3f70000, 0x000001c0c41e0000, 0x000001c0cb4a0000]
CodeHeap 'non-nmethods': size=5760Kb used=1206Kb max_used=1236Kb free=4553Kb
 bounds [0x000001c0cb4a0000, 0x000001c0cb710000, 0x000001c0cba40000]
CodeCache: size=245760Kb, used=4148Kb, max_used=4178Kb, free=241609Kb
 total_blobs=1875, nmethods=1404, adapters=378, full_count=0
Compilation: enabled, stopped_count=0, restarted_count=0

Compilation events (20 events):
Event: 3.913 Thread 0x000001c11a35a830 nmethod 1271 0x000001c0cbab3c90 code [0x000001c0cbab4100, 0x000001c0cbab7ff8]
Event: 3.914 Thread 0x000001c11a35a830 1336       4       lombok.launch.PackageShader::apply (252 bytes)
Event: 3.920 Thread 0x000001c11a35b380 1342       3       java.lang.Integer::valueOf (32 bytes)
Event: 3.920 Thread 0x000001c11a35b380 nmethod 1342 0x000001c0c41b7010 code [0x000001c0c41b71e0, 0x000001c0c41b74e8]
Event: 3.921 Thread 0x000001c11a35b380 1344       2       org.lombokweb.asm.SymbolTable::hash (10 bytes)
Event: 3.921 Thread 0x000001c11a35b380 nmethod 1344 0x000001c0c41b7610 code [0x000001c0c41b77c0, 0x000001c0c41b78d0]
Event: 3.925 Thread 0x000001c11a35b380 1345       2       java.io.File::<init> (20 bytes)
Event: 3.925 Thread 0x000001c11a35b380 nmethod 1345 0x000001c0c41b7990 code [0x000001c0c41b7b20, 0x000001c0c41b7c58]
Event: 3.936 Thread 0x000001c11a35b380 1347       2       jdk.internal.module.Resources::toPackageName (39 bytes)
Event: 3.937 Thread 0x000001c11a35b380 nmethod 1347 0x000001c0c41b7d10 code [0x000001c0c41b7f00, 0x000001c0c41b8158]
Event: 3.939 Thread 0x000001c11a35b380 1348       2       java.util.Objects::checkFromToIndex (8 bytes)
Event: 3.939 Thread 0x000001c11a35b380 nmethod 1348 0x000001c0c41b8310 code [0x000001c0c41b84c0, 0x000001c0c41b8600]
Event: 3.946 Thread 0x000001c11a35b380 1349       2       org.lombokweb.asm.SymbolTable::get (13 bytes)
Event: 3.946 Thread 0x000001c11a35b380 nmethod 1349 0x000001c0c41b8710 code [0x000001c0c41b88a0, 0x000001c0c41b89f0]
Event: 3.946 Thread 0x000001c11a35b380 1350       2       org.lombokweb.asm.SymbolTable$Entry::<init> (17 bytes)
Event: 3.947 Thread 0x000001c11a35b380 nmethod 1350 0x000001c0c41b8b10 code [0x000001c0c41b8cc0, 0x000001c0c41b8e18]
Event: 3.947 Thread 0x000001c11a35b380 1351       2       org.lombokweb.asm.ByteVector::putByte (39 bytes)
Event: 3.947 Thread 0x000001c11a35b380 nmethod 1351 0x000001c0c41b8f10 code [0x000001c0c41b90c0, 0x000001c0c41b9260]
Event: 3.947 Thread 0x000001c11a35b380 1353       2       org.lombokweb.asm.SymbolTable::addConstantUtf8Reference (101 bytes)
Event: 5.960 Thread 0x000001c11a35b380 nmethod 1353 0x000001c0c41b9390 code [0x000001c0c41b95a0, 0x000001c0c41b9990]

GC Heap History (2 events):
Event: 3.355 GC heap before
{Heap before GC invocations=1 (full 0):
 PSYoungGen      total 29696K, used 25600K [0x00000000d5580000, 0x00000000d7680000, 0x0000000100000000)
  eden space 25600K, 100% used [0x00000000d5580000,0x00000000d6e80000,0x00000000d6e80000)
  from space 4096K, 0% used [0x00000000d7280000,0x00000000d7280000,0x00000000d7680000)
  to   space 4096K, 0% used [0x00000000d6e80000,0x00000000d6e80000,0x00000000d7280000)
 ParOldGen       total 68608K, used 0K [0x0000000080000000, 0x0000000084300000, 0x00000000d5580000)
  object space 68608K, 0% used [0x0000000080000000,0x0000000080000000,0x0000000084300000)
 Metaspace       used 4350K, committed 4608K, reserved 1114112K
  class space    used 472K, committed 576K, reserved 1048576K
}
Event: 3.380 GC heap after
{Heap after GC invocations=1 (full 0):
 PSYoungGen      total 29696K, used 3303K [0x00000000d5580000, 0x00000000d7680000, 0x0000000100000000)
  eden space 25600K, 0% used [0x00000000d5580000,0x00000000d5580000,0x00000000d6e80000)
  from space 4096K, 80% used [0x00000000d6e80000,0x00000000d71b9e98,0x00000000d7280000)
  to   space 4096K, 0% used [0x00000000d7280000,0x00000000d7280000,0x00000000d7680000)
 ParOldGen       total 68608K, used 16K [0x0000000080000000, 0x0000000084300000, 0x00000000d5580000)
  object space 68608K, 0% used [0x0000000080000000,0x0000000080004000,0x0000000084300000)
 Metaspace       used 4350K, committed 4608K, reserved 1114112K
  class space    used 472K, committed 576K, reserved 1048576K
}

Dll operation events (8 events):
Event: 0.025 Loaded shared library c:\Users\sujit kumar\.vscode\extensions\redhat.java-1.56.2026071808-win32-x64\jre\21.0.11-win32-x86_64\bin\java.dll
Event: 2.203 Loaded shared library c:\Users\sujit kumar\.vscode\extensions\redhat.java-1.56.2026071808-win32-x64\jre\21.0.11-win32-x86_64\bin\zip.dll
Event: 2.250 Loaded shared library C:\Users\sujit kumar\.vscode\extensions\redhat.java-1.56.2026071808-win32-x64\jre\21.0.11-win32-x86_64\bin\instrument.dll
Event: 2.264 Loaded shared library C:\Users\sujit kumar\.vscode\extensions\redhat.java-1.56.2026071808-win32-x64\jre\21.0.11-win32-x86_64\bin\net.dll
Event: 2.272 Loaded shared library C:\Users\sujit kumar\.vscode\extensions\redhat.java-1.56.2026071808-win32-x64\jre\21.0.11-win32-x86_64\bin\nio.dll
Event: 2.278 Loaded shared library C:\Users\sujit kumar\.vscode\extensions\redhat.java-1.56.2026071808-win32-x64\jre\21.0.11-win32-x86_64\bin\zip.dll
Event: 2.310 Loaded shared library C:\Users\sujit kumar\.vscode\extensions\redhat.java-1.56.2026071808-win32-x64\jre\21.0.11-win32-x86_64\bin\jimage.dll
Event: 2.422 Loaded shared library c:\Users\sujit kumar\.vscode\extensions\redhat.java-1.56.2026071808-win32-x64\jre\21.0.11-win32-x86_64\bin\verify.dll

Deoptimization events (20 events):
Event: 3.615 Thread 0x000001c0bf13cb90 DEOPT PACKING pc=0x000001c0cba80778 sp=0x000000a8c75fe8f0
Event: 3.615 Thread 0x000001c0bf13cb90 DEOPT UNPACKING pc=0x000001c0cb4f3aa2 sp=0x000000a8c75fe848 mode 2
Event: 3.802 Thread 0x000001c0bf13cb90 Uncommon trap: trap_request=0xffffff45 fr.pc=0x000001c0cba8d62c relative=0x0000000000000fac
Event: 3.802 Thread 0x000001c0bf13cb90 Uncommon trap: reason=unstable_if action=reinterpret pc=0x000001c0cba8d62c method=lombok.patcher.PatchScript.classMatches(Ljava/lang/String;Ljava/util/Collection;)Z @ 25 c2
Event: 3.802 Thread 0x000001c0bf13cb90 DEOPT PACKING pc=0x000001c0cba8d62c sp=0x000000a8c75f8c10
Event: 3.802 Thread 0x000001c0bf13cb90 DEOPT UNPACKING pc=0x000001c0cb4f3aa2 sp=0x000000a8c75f8b78 mode 2
Event: 3.807 Thread 0x000001c0bf13cb90 DEOPT PACKING pc=0x000001c0c401648d sp=0x000000a8c75f8060
Event: 3.807 Thread 0x000001c0bf13cb90 DEOPT UNPACKING pc=0x000001c0cb4f4242 sp=0x000000a8c75f7510 mode 0
Event: 3.844 Thread 0x000001c0bf13cb90 DEOPT PACKING pc=0x000001c0c401648d sp=0x000000a8c75f4510
Event: 3.844 Thread 0x000001c0bf13cb90 DEOPT UNPACKING pc=0x000001c0cb4f4242 sp=0x000000a8c75f39c0 mode 0
Event: 3.848 Thread 0x000001c0bf13cb90 DEOPT PACKING pc=0x000001c0c401648d sp=0x000000a8c75f4510
Event: 3.848 Thread 0x000001c0bf13cb90 DEOPT UNPACKING pc=0x000001c0cb4f4242 sp=0x000000a8c75f39c0 mode 0
Event: 3.864 Thread 0x000001c0bf13cb90 DEOPT PACKING pc=0x000001c0c401648d sp=0x000000a8c75f7f70
Event: 3.864 Thread 0x000001c0bf13cb90 DEOPT UNPACKING pc=0x000001c0cb4f4242 sp=0x000000a8c75f7420 mode 0
Event: 3.884 Thread 0x000001c0bf13cb90 DEOPT PACKING pc=0x000001c0c401648d sp=0x000000a8c75f4520
Event: 3.884 Thread 0x000001c0bf13cb90 DEOPT UNPACKING pc=0x000001c0cb4f4242 sp=0x000000a8c75f39d0 mode 0
Event: 3.899 Thread 0x000001c0bf13cb90 DEOPT PACKING pc=0x000001c0c401648d sp=0x000000a8c75f41a0
Event: 3.899 Thread 0x000001c0bf13cb90 DEOPT UNPACKING pc=0x000001c0cb4f4242 sp=0x000000a8c75f3650 mode 0
Event: 3.908 Thread 0x000001c0bf13cb90 DEOPT PACKING pc=0x000001c0c401648d sp=0x000000a8c75f7b00
Event: 3.909 Thread 0x000001c0bf13cb90 DEOPT UNPACKING pc=0x000001c0cb4f4242 sp=0x000000a8c75f6fb0 mode 0

Classes loaded (20 events):
Event: 3.720 Loading class java/util/concurrent/SynchronousQueue$Transferer
Event: 3.720 Loading class java/util/concurrent/LinkedTransferQueue
Event: 3.721 Loading class java/util/concurrent/TransferQueue
Event: 3.721 Loading class java/util/concurrent/TransferQueue done
Event: 3.721 Loading class java/util/concurrent/LinkedTransferQueue done
Event: 3.721 Loading class java/util/concurrent/SynchronousQueue$Transferer done
Event: 3.721 Loading class java/util/concurrent/LinkedTransferQueue$DualNode
Event: 3.722 Loading class java/util/concurrent/LinkedTransferQueue$DualNode done
Event: 3.724 Loading class java/util/concurrent/RejectedExecutionHandler
Event: 3.724 Loading class java/util/concurrent/RejectedExecutionHandler done
Event: 3.725 Loading class java/util/concurrent/LinkedBlockingQueue
Event: 3.725 Loading class java/util/concurrent/LinkedBlockingQueue done
Event: 3.726 Loading class java/util/concurrent/LinkedBlockingQueue$Node
Event: 3.726 Loading class java/util/concurrent/LinkedBlockingQueue$Node done
Event: 3.746 Loading class java/util/concurrent/Semaphore$NonfairSync
Event: 3.746 Loading class java/util/concurrent/Semaphore$Sync
Event: 3.746 Loading class java/util/concurrent/Semaphore$Sync done
Event: 3.746 Loading class java/util/concurrent/Semaphore$NonfairSync done
Event: 3.822 Loading class java/lang/TypeNotPresentException
Event: 3.822 Loading class java/lang/TypeNotPresentException done

Classes unloaded (0 events):
No events

Classes redefined (0 events):
No events

Internal exceptions (20 events):
Event: 2.896 Thread 0x000001c0bf13cb90 Exception <a 'java/io/FileNotFoundException'{0x00000000d64ee720}> (0x00000000d64ee720) 
thrown [s\src\hotspot\share\prims\jni.cpp, line 520]
Event: 2.896 Thread 0x000001c0bf13cb90 Exception <a 'java/io/FileNotFoundException'{0x00000000d64ef2e0}> (0x00000000d64ef2e0) 
thrown [s\src\hotspot\share\prims\jni.cpp, line 520]
Event: 2.901 Thread 0x000001c0bf13cb90 Implicit null exception at 0x000001c0cba71d24 to 0x000001c0cba722b8
Event: 2.901 Thread 0x000001c0bf13cb90 Implicit null exception at 0x000001c0cba73220 to 0x000001c0cba737a4
Event: 2.906 Thread 0x000001c0bf13cb90 Exception <a 'java/io/FileNotFoundException'{0x00000000d6529518}> (0x00000000d6529518) 
thrown [s\src\hotspot\share\prims\jni.cpp, line 520]
Event: 2.931 Thread 0x000001c0bf13cb90 Exception <a 'java/lang/NoSuchMethodError'{0x00000000d6565a68}: 'java.lang.Object java.lang.invoke.DirectMethodHandle$Holder.invokeInterface(java.lang.Object, java.lang.Object)'> (0x00000000d6565a68) 
thrown [s\src\hotspot\share\interpreter\linkResolver.cpp, line 773]
Event: 2.938 Thread 0x000001c0bf13cb90 Exception <a 'java/lang/NoSuchMethodError'{0x00000000d6579608}: 'java.lang.Object java.lang.invoke.Invokers$Holder.invokeExact_MT(java.lang.Object, java.lang.Object, java.lang.Object, java.lang.Object, java.lang.Object, java.lang.Object)'> (0x00000000d6579608) 
thrown [s\src\hotspot\share\interpreter\linkResolver.cpp, line 773]
Event: 2.946 Thread 0x000001c0bf13cb90 Exception <a 'java/lang/NoSuchMethodError'{0x00000000d65906e0}: 'int java.lang.invoke.DirectMethodHandle$Holder.invokeStatic(java.lang.Object, java.lang.Object, java.lang.Object, java.lang.Object, java.lang.Object)'> (0x00000000d65906e0) 
thrown [s\src\hotspot\share\interpreter\linkResolver.cpp, line 773]
Event: 2.996 Thread 0x000001c0bf13cb90 Exception <a 'java/lang/NoSuchMethodError'{0x00000000d66268c8}: 'java.lang.Object java.lang.invoke.DirectMethodHandle$Holder.invokeInterface(java.lang.Object, java.lang.Object, int)'> (0x00000000d66268c8) 
thrown [s\src\hotspot\share\interpreter\linkResolver.cpp, line 773]
Event: 3.194 Thread 0x000001c0bf13cb90 Exception <a 'java/lang/NoSuchMethodError'{0x00000000d6a8f850}: 'java.lang.ClassLoader java.lang.ClassLoader.getPlatformClassLoader(java.lang.Class)'> (0x00000000d6a8f850) 
thrown [s\src\hotspot\share\interpreter\linkResolver.cpp, line 773]
Event: 3.396 Thread 0x000001c0bf13cb90 Exception <a 'java/lang/ClassNotFoundException'{0x00000000d55a90e0}: sun/net/www/protocol/c/Handler> (0x00000000d55a90e0) 
thrown [s\src\hotspot\share\classfile\systemDictionary.cpp, line 313]
Event: 3.398 Thread 0x000001c0bf13cb90 Exception <a 'java/lang/ClassNotFoundException'{0x00000000d55aa518}: sun/net/www/protocol/c/Handler> (0x00000000d55aa518) 
thrown [s\src\hotspot\share\classfile\systemDictionary.cpp, line 313]
Event: 3.398 Thread 0x000001c0bf13cb90 Exception <a 'java/lang/ClassNotFoundException'{0x00000000d55ab7c8}: sun/net/www/protocol/c/Handler> (0x00000000d55ab7c8) 
thrown [s\src\hotspot\share\classfile\systemDictionary.cpp, line 313]
Event: 3.423 Thread 0x000001c0bf13cb90 Exception <a 'java/io/FileNotFoundException'{0x00000000d55d45d0}> (0x00000000d55d45d0) 
thrown [s\src\hotspot\share\prims\jni.cpp, line 520]
Event: 3.484 Thread 0x000001c0bf13cb90 Implicit null exception at 0x000001c0cbaa48a9 to 0x000001c0cbaa5190
Event: 3.484 Thread 0x000001c0bf13cb90 Implicit null exception at 0x000001c0cbaa939a to 0x000001c0cbaa95a0
Event: 3.485 Thread 0x000001c0bf13cb90 Exception <a 'java/lang/NoSuchMethodError'{0x00000000d57487e0}: 'void java.lang.invoke.DirectMethodHandle$Holder.invokeStatic(java.lang.Object, java.lang.Object, java.lang.Object, java.lang.Object)'> (0x00000000d57487e0) 
thrown [s\src\hotspot\share\interpreter\linkResolver.cpp, line 773]
Event: 3.488 Thread 0x000001c0bf13cb90 Implicit null exception at 0x000001c0cbaa3e1a to 0x000001c0cbaa4024
Event: 3.488 Thread 0x000001c0bf13cb90 Implicit null exception at 0x000001c0cba9753d to 0x000001c0cba975c1
Event: 3.665 Thread 0x000001c0bf13cb90 Exception <a 'java/lang/NoSuchMethodError'{0x00000000d59cb830}: 'void java.lang.invoke.DirectMethodHandle$Holder.invokeSpecial(java.lang.Object, java.lang.Object, java.lang.Object)'> (0x00000000d59cb830) 
thrown [s\src\hotspot\share\interpreter\linkResolver.cpp, line 773]

ZGC Phase Switch (0 events):
No events

VM Operations (11 events):
Event: 2.194 Executing non-safepoint VM operation: HandshakeAllThreads (Deoptimize)
Event: 2.194 Executing non-safepoint VM operation: HandshakeAllThreads (Deoptimize) done
Event: 2.328 Executing non-safepoint VM operation: HandshakeAllThreads (Deoptimize)
Event: 2.328 Executing non-safepoint VM operation: HandshakeAllThreads (Deoptimize) done
Event: 2.827 Executing non-safepoint VM operation: HandshakeAllThreads (Deoptimize)
Event: 2.827 Executing non-safepoint VM operation: HandshakeAllThreads (Deoptimize) done
Event: 2.853 Executing non-safepoint VM operation: HandshakeAllThreads (Deoptimize)
Event: 2.853 Executing non-safepoint VM operation: HandshakeAllThreads (Deoptimize) done
Event: 3.355 Executing safepoint VM operation: ParallelGCFailedAllocation (Allocation Failure)
Event: 3.380 Executing safepoint VM operation: ParallelGCFailedAllocation (Allocation Failure) done
Event: 4.386 Executing safepoint VM operation: Cleanup

Memory protections (0 events):
No events

Nmethod flushes (0 events):
No events

Events (11 events):
Event: 2.076 Thread 0x000001c0bf13cb90 Thread added: 0x000001c0bf13cb90
Event: 2.118 Thread 0x000001c0bf13cb90 Thread added: 0x000001c0bf758400
Event: 2.119 Thread 0x000001c0bf13cb90 Thread added: 0x000001c0d7e0d6b0
Event: 2.122 Thread 0x000001c0bf13cb90 Thread added: 0x000001c0d7e0e6f0
Event: 2.122 Thread 0x000001c0bf13cb90 Thread added: 0x000001c0bf75bff0
Event: 2.122 Thread 0x000001c0bf13cb90 Thread added: 0x000001c0bf75fba0
Event: 2.122 Thread 0x000001c0bf13cb90 Thread added: 0x000001c0bf765d10
Event: 2.123 Thread 0x000001c0bf13cb90 Thread added: 0x000001c11a35a830
Event: 2.123 Thread 0x000001c0bf13cb90 Thread added: 0x000001c11a35b380
Event: 2.257 Thread 0x000001c0bf13cb90 Thread added: 0x000001c0bf7663a0
Event: 2.609 Thread 0x000001c0bf13cb90 Thread added: 0x000001c0bf7635b0


Dynamic libraries:
0x00007ff76e740000 - 0x00007ff76e74e000 	c:\Users\sujit kumar\.vscode\extensions\redhat.java-1.56.2026071808-win32-x64\jre\21.0.11-win32-x86_64\bin\java.exe
0x00007ff917de0000 - 0x00007ff918046000 	C:\WINDOWS\SYSTEM32\ntdll.dll
0x00007ff8e2a20000 - 0x00007ff8e2a41000 	C:\Program Files\Avast Software\Avast\aswhook.dll
0x00007ff916e30000 - 0x00007ff916ef9000 	C:\WINDOWS\System32\KERNEL32.DLL
0x00007ff915330000 - 0x00007ff91572e000 	C:\WINDOWS\System32\KERNELBASE.dll
0x00007ff915980000 - 0x00007ff915acc000 	C:\WINDOWS\System32\ucrtbase.dll
0x00007ff8e7780000 - 0x00007ff8e7798000 	c:\Users\sujit kumar\.vscode\extensions\redhat.java-1.56.2026071808-win32-x64\jre\21.0.11-win32-x86_64\bin\jli.dll
0x00007ff916370000 - 0x00007ff916537000 	C:\WINDOWS\System32\USER32.dll
0x00007ff8e5770000 - 0x00007ff8e578e000 	c:\Users\sujit kumar\.vscode\extensions\redhat.java-1.56.2026071808-win32-x64\jre\21.0.11-win32-x86_64\bin\VCRUNTIME140.dll
0x00007ff915ae0000 - 0x00007ff915b07000 	C:\WINDOWS\System32\win32u.dll
0x00007ff916040000 - 0x00007ff91606b000 	C:\WINDOWS\System32\GDI32.dll
0x00007ff8f61b0000 - 0x00007ff8f6442000 	C:\WINDOWS\WinSxS\amd64_microsoft.windows.common-controls_6595b64144ccf1df_6.0.26100.8875_none_3e0d5d42e32fe9dd\COMCTL32.dll
0x00007ff917470000 - 0x00007ff917519000 	C:\WINDOWS\System32\msvcrt.dll
0x00007ff915200000 - 0x00007ff91532a000 	C:\WINDOWS\System32\gdi32full.dll
0x00007ff915150000 - 0x00007ff9151f3000 	C:\WINDOWS\System32\msvcp_win.dll
0x00007ff917d60000 - 0x00007ff917d92000 	C:\WINDOWS\System32\IMM32.DLL
0x00007ff904810000 - 0x00007ff90481c000 	c:\Users\sujit kumar\.vscode\extensions\redhat.java-1.56.2026071808-win32-x64\jre\21.0.11-win32-x86_64\bin\vcruntime140_1.dll
0x00007ff87d370000 - 0x00007ff87d3fd000 	c:\Users\sujit kumar\.vscode\extensions\redhat.java-1.56.2026071808-win32-x64\jre\21.0.11-win32-x86_64\bin\msvcp140.dll
0x00007ff819e90000 - 0x00007ff81ac32000 	c:\Users\sujit kumar\.vscode\extensions\redhat.java-1.56.2026071808-win32-x64\jre\21.0.11-win32-x86_64\bin\server\jvm.dll
0x00007ff916540000 - 0x00007ff9165f7000 	C:\WINDOWS\System32\ADVAPI32.dll
0x00007ff915f30000 - 0x00007ff915fda000 	C:\WINDOWS\System32\sechost.dll
0x00007ff917550000 - 0x00007ff917668000 	C:\WINDOWS\System32\RPCRT4.dll
0x00007ff916070000 - 0x00007ff9160f0000 	C:\WINDOWS\System32\WS2_32.dll
0x00007ff90df90000 - 0x00007ff90df9b000 	C:\WINDOWS\SYSTEM32\VERSION.dll
0x00007ff914e60000 - 0x00007ff914ebe000 	C:\WINDOWS\SYSTEM32\POWRPROF.dll
0x00007ff90c1a0000 - 0x00007ff90c1d6000 	C:\WINDOWS\SYSTEM32\WINMM.dll
0x00007ff914e40000 - 0x00007ff914e54000 	C:\WINDOWS\SYSTEM32\UMPDC.dll
0x00007ff913ce0000 - 0x00007ff913cfb000 	C:\WINDOWS\SYSTEM32\kernel.appcore.dll
0x00007ff904760000 - 0x00007ff90476a000 	c:\Users\sujit kumar\.vscode\extensions\redhat.java-1.56.2026071808-win32-x64\jre\21.0.11-win32-x86_64\bin\jimage.dll
0x00007ff9126e0000 - 0x00007ff912922000 	C:\WINDOWS\SYSTEM32\DBGHELP.DLL
0x00007ff916f00000 - 0x00007ff917283000 	C:\WINDOWS\System32\combase.dll
0x00007ff915cd0000 - 0x00007ff915da9000 	C:\WINDOWS\System32\OLEAUT32.dll
0x00007ff906ca0000 - 0x00007ff906cdb000 	C:\WINDOWS\SYSTEM32\dbgcore.DLL
0x00007ff915090000 - 0x00007ff91513c000 	C:\WINDOWS\System32\bcryptPrimitives.dll
0x00007ff904730000 - 0x00007ff90473f000 	c:\Users\sujit kumar\.vscode\extensions\redhat.java-1.56.2026071808-win32-x64\jre\21.0.11-win32-x86_64\bin\instrument.dll
0x00007ff8e1110000 - 0x00007ff8e1130000 	c:\Users\sujit kumar\.vscode\extensions\redhat.java-1.56.2026071808-win32-x64\jre\21.0.11-win32-x86_64\bin\java.dll
0x00007ff916690000 - 0x00007ff916e22000 	C:\WINDOWS\System32\SHELL32.dll
0x00007ff912ae0000 - 0x00007ff913372000 	C:\WINDOWS\SYSTEM32\windows.storage.dll
0x00007ff915e30000 - 0x00007ff915f27000 	C:\WINDOWS\System32\SHCORE.dll
0x00007ff917670000 - 0x00007ff9176d7000 	C:\WINDOWS\System32\shlwapi.dll
0x00007ff914f20000 - 0x00007ff914f49000 	C:\WINDOWS\SYSTEM32\profapi.dll
0x00007ff8e1080000 - 0x00007ff8e1098000 	c:\Users\sujit kumar\.vscode\extensions\redhat.java-1.56.2026071808-win32-x64\jre\21.0.11-win32-x86_64\bin\zip.dll
0x00007ff904480000 - 0x00007ff904490000 	C:\Users\sujit kumar\.vscode\extensions\redhat.java-1.56.2026071808-win32-x64\jre\21.0.11-win32-x86_64\bin\net.dll
0x00007ff90c400000 - 0x00007ff90c527000 	C:\WINDOWS\SYSTEM32\WINHTTP.dll
0x00007ff914290000 - 0x00007ff9142fc000 	C:\WINDOWS\system32\mswsock.dll
0x00007ff8e1060000 - 0x00007ff8e1076000 	C:\Users\sujit kumar\.vscode\extensions\redhat.java-1.56.2026071808-win32-x64\jre\21.0.11-win32-x86_64\bin\nio.dll
0x00007ff904170000 - 0x00007ff904180000 	c:\Users\sujit kumar\.vscode\extensions\redhat.java-1.56.2026071808-win32-x64\jre\21.0.11-win32-x86_64\bin\verify.dll

JVMTI agents:
c:\Users\sujit kumar\.vscode\extensions\redhat.java-1.56.2026071808-win32-x64\lombok\lombok-1.18.39-4050.jar path:c:\Users\sujit kumar\.vscode\extensions\redhat.java-1.56.2026071808-win32-x64\jre\21.0.11-win32-x86_64\bin\instrument.dll, loaded, initialized, instrumentlib options:none

dbghelp: loaded successfully - version: 4.0.5 - missing functions: none
symbol engine: initialized successfully - sym options: 0x614 - pdb path: .;c:\Users\sujit kumar\.vscode\extensions\redhat.java-1.56.2026071808-win32-x64\jre\21.0.11-win32-x86_64\bin;C:\WINDOWS\SYSTEM32;C:\Program Files\Avast Software\Avast;C:\WINDOWS\WinSxS\amd64_microsoft.windows.common-controls_6595b64144ccf1df_6.0.26100.8875_none_3e0d5d42e32fe9dd;c:\Users\sujit kumar\.vscode\extensions\redhat.java-1.56.2026071808-win32-x64\jre\21.0.11-win32-x86_64\bin\server

VM Arguments:
jvm_args: --add-modules=ALL-SYSTEM --add-opens=java.base/java.util=ALL-UNNAMED --add-opens=java.base/java.lang=ALL-UNNAMED --add-opens=java.base/sun.nio.fs=ALL-UNNAMED -Declipse.application=org.eclipse.jdt.ls.core.id1 -Dosgi.bundles.defaultStartLevel=4 -Declipse.product=org.eclipse.jdt.ls.core.product -Djava.import.generatesMetadataFilesAtProjectRoot=false -DDetectVMInstallationsJob.disabled=true -Dfile.encoding=utf8 -XX:+UseParallelGC -XX:GCTimeRatio=4 -XX:AdaptiveSizePolicyWeight=90 -Dsun.zip.disableMemoryMapping=true -Xmx2G -Xms100m -Xlog:disable -javaagent:c:\Users\sujit kumar\.vscode\extensions\redhat.java-1.56.2026071808-win32-x64\lombok\lombok-1.18.39-4050.jar 
java_command: c:\Users\sujit kumar\.vscode\extensions\redhat.java-1.56.2026071808-win32-x64\server\plugins\org.eclipse.equinox.launcher_1.7.200.v20260619-2039.jar -configuration c:\Users\sujit kumar\AppData\Roaming\Code\User\globalStorage\redhat.java\1.56.2026071808\config_ss_win -data c:\Users\sujit kumar\AppData\Roaming\Code\User\workspaceStorage\afad6fe3008e4abd10941523ee9f4e58\redhat.java\ss_ws --pipe=\\.\pipe\lsp-8046dfcd886941b2371bca42d9305137-sock
java_class_path (initial): c:\Users\sujit kumar\.vscode\extensions\redhat.java-1.56.2026071808-win32-x64\server\plugins\org.eclipse.equinox.launcher_1.7.200.v20260619-2039.jar
Launcher Type: SUN_STANDARD

[Global flags]
    uintx AdaptiveSizePolicyWeight                 = 90                                        {product} {command line}
     intx CICompilerCount                          = 4                                         {product} {ergonomic}
    uintx GCTimeRatio                              = 4                                         {product} {command line}
   size_t InitialHeapSize                          = 104857600                                 {product} {command line}
   size_t MaxHeapSize                              = 2147483648                                {product} {command line}
   size_t MaxNewSize                               = 715653120                                 {product} {ergonomic}
   size_t MinHeapDeltaBytes                        = 524288                                    {product} {ergonomic}
   size_t MinHeapSize                              = 104857600                                 {product} {command line}
   size_t NewSize                                  = 34603008                                  {product} {ergonomic}
    uintx NonNMethodCodeHeapSize                   = 5839372                                {pd product} {ergonomic}
    uintx NonProfiledCodeHeapSize                  = 122909434                              {pd product} {ergonomic}
   size_t OldSize                                  = 70254592                                  {product} {ergonomic}
    uintx ProfiledCodeHeapSize                     = 122909434                              {pd product} {ergonomic}
    uintx ReservedCodeCacheSize                    = 251658240                              {pd product} {ergonomic}
     bool SegmentedCodeCache                       = true                                      {product} {ergonomic}
   size_t SoftMaxHeapSize                          = 2147483648                             {manageable} {ergonomic}
     bool UseCompressedOops                        = true                           {product lp64_product} {ergonomic}
     bool UseLargePagesIndividualAllocation        = false                                  {pd product} {ergonomic}
     bool UseParallelGC                            = true                                      {product} {command line}

Logging:
Log output configuration:
 #0: stdout all=off uptime,level,tags foldmultilines=false
 #1: stderr all=off uptime,level,tags foldmultilines=false

Release file:
JAVA_VERSION="21.0.11" 
MODULES="java.base java.compiler java.datatransfer java.xml java.prefs java.desktop java.instrument java.logging java.management java.security.sasl java.naming java.rmi java.management.rmi java.net.http java.scripting java.security.jgss java.transaction.xa java.sql java.sql.rowset java.xml.crypto java.se java.smartcardio jdk.accessibility jdk.internal.jvmstat jdk.attach jdk.charsets jdk.internal.opt jdk.zipfs jdk.compiler jdk.crypto.ec jdk.crypto.cryptoki jdk.crypto.mscapi jdk.dynalink jdk.internal.ed jdk.editpad jdk.hotspot.agent jdk.httpserver jdk.internal.le jdk.internal.vm.ci jdk.internal.vm.compiler jdk.internal.vm.compiler.management jdk.jartool jdk.javadoc jdk.jcmd jdk.management jdk.management.agent jdk.jconsole jdk.jdeps jdk.jdwp.agent jdk.jdi jdk.jfr jdk.jshell jdk.jsobject jdk.jstatd jdk.localedata jdk.management.jfr jdk.naming.dns jdk.naming.rmi jdk.net jdk.nio.mapmode jdk.random jdk.sctp jdk.security.auth jdk.security.jgss jdk.unsupported jdk.unsupported.desktop jdk.xml.dom" 

Environment Variables:
PATH=C:\Program Files\Common Files\Oracle\Java\javapath;C:\WINDOWS\system32;C:\WINDOWS;C:\WINDOWS\System32\Wbem;C:\WINDOWS\System32\WindowsPowerShell\v1.0\;C:\WINDOWS\System32\OpenSSH\;C:\php-8.4.5;C:\Program Files\Git\cmd;C:\Program Files\Java\jdk-21\bin;C:\Program Files\nodejs\;C:\Program Files\MongoDB\Server\8.2\bin;C:\Users\sujit kumar\AppData\Local\Programs\Python\Python312\Scripts\;C:\Users\sujit kumar\AppData\Local\Programs\Python\Python312\;C:\Users\sujit kumar\AppData\Local\Microsoft\WindowsApps;C:\Users\sujit kumar\AppData\Local\Programs\Microsoft VS Code\bin;C:\php-8.4.5;C:\Program Files\Git\bin;C:\Users\sujit kumar\AppData\Roaming\npm;C:\Users\sujit kumar\AppData\Local\Programs\cursor\resources\app\bin;C:\Users\sujit kumar\AppData\Local\Programs\Windsurf\bin;C:\mongosh\
USERNAME=sujit kumar
OS=Windows_NT
PROCESSOR_IDENTIFIER=AMD64 Family 23 Model 104 Stepping 1, AuthenticAMD
TMP=C:\Users\SUJITK~1\AppData\Local\Temp
TEMP=C:\Users\SUJITK~1\AppData\Local\Temp




Periodic native trim disabled

---------------  S Y S T E M  ---------------

OS:
 Windows 11 , 64 bit Build 26100 (10.0.26100.8875)
OS uptime: 3 days 21:45 hours

CPU: total 12 (initial active 12) (12 cores per cpu, 2 threads per core) family 23 model 104 stepping 1 microcode 0x8608109, cx8, cmov, fxsr, ht, mmx, 3dnowpref, sse, sse2, sse3, ssse3, sse4a, sse4.1, sse4.2, popcnt, lzcnt, tsc, tscinvbit, avx, avx2, aes, clmul, bmi1, bmi2, adx, sha, fma, vzeroupper, clflush, clflushopt, rdtscp, rdpid, f16c
Processor Information for the first 12 processors :
  Max Mhz: 2100, Current Mhz: 2100, Mhz Limit: 2100

Memory: 4k page, system-wide physical 5989M (172M free)
TotalPageFile size 24421M (AvailPageFile size 96M)
current process WorkingSet (physical memory assigned to process): 86M, peak: 86M
current process commit charge ("private bytes"): 243M, peak: 244M

vm_info: OpenJDK 64-Bit Server VM (21.0.11+10-LTS) for windows-amd64 JRE (21.0.11+10-LTS), built on 2026-04-21T00:00:00Z by "admin" with MS VC++ 17.12 (VS2022)

END.
