#
# There is insufficient memory for the Java Runtime Environment to continue.
# Native memory allocation (malloc) failed to allocate 704816 bytes. Error detail: Chunk::new
# Possible reasons:
#   The system is out of physical RAM or swap space
#   This process is running with CompressedOops enabled, and the Java Heap may be blocking the growth of the native heap
# Possible solutions:
#   Reduce memory load on the system
#   Increase physical memory or swap space
#   Check if swap backing store is full
#   Decrease Java heap size (-Xmx/-Xms)
#   Decrease number of Java threads
#   Decrease Java thread stack sizes (-Xss)
#   Set larger code cache with -XX:ReservedCodeCacheSize=
#   JVM is running with Unscaled Compressed Oops mode in which the Java heap is
#     placed in the first 4GB address space. The Java Heap base address is the
#     maximum limit for the native heap growth. Please use -XX:HeapBaseMinAddress
#     to set the Java Heap base and to place the Java Heap above 4GB virtual address.
# This output file may be truncated or incomplete.
#
#  Out of Memory Error (arena.cpp:168), pid=29260, tid=30992
#
# JRE version: OpenJDK Runtime Environment Temurin-21.0.11+10 (21.0.11+10) (build 21.0.11+10-LTS)
# Java VM: OpenJDK 64-Bit Server VM Temurin-21.0.11+10 (21.0.11+10-LTS, mixed mode, sharing, tiered, compressed oops, compressed class ptrs, parallel gc, windows-amd64)
# No core dump will be written. Minidumps are not enabled by default on client versions of Windows
#

---------------  S U M M A R Y ------------

Command Line: --add-modules=ALL-SYSTEM --add-opens=java.base/java.util=ALL-UNNAMED --add-opens=java.base/java.lang=ALL-UNNAMED --add-opens=java.base/sun.nio.fs=ALL-UNNAMED -Declipse.application=org.eclipse.jdt.ls.core.id1 -Dosgi.bundles.defaultStartLevel=4 -Declipse.product=org.eclipse.jdt.ls.core.product -Djava.import.generatesMetadataFilesAtProjectRoot=false -DDetectVMInstallationsJob.disabled=true -Dfile.encoding=utf8 -XX:+UseParallelGC -XX:GCTimeRatio=4 -XX:AdaptiveSizePolicyWeight=90 -Dsun.zip.disableMemoryMapping=true -Xmx2G -Xms100m -Xlog:disable -javaagent:c:\Users\sujit kumar\.vscode\extensions\redhat.java-1.56.2026071508-win32-x64\lombok\lombok-1.18.39-4050.jar -XX:+HeapDumpOnOutOfMemoryError -XX:HeapDumpPath=c:\Users\sujit kumar\AppData\Roaming\Code\User\workspaceStorage\909e001eae301016b7e0bf0a875534cd\redhat.java -Daether.dependencyCollector.impl=bf -XX:+UnlockDiagnosticVMOptions -XX:+AllowArchivingWithJavaAgent -XX:+AutoCreateSharedArchive -XX:SharedArchiveFile=c:\Users\sujit kumar\AppData\Roaming\Code\User\globalStorage\redhat.java\1.56.2026071508\jdtls.jsa c:\Users\sujit kumar\.vscode\extensions\redhat.java-1.56.2026071508-win32-x64\server\plugins\org.eclipse.equinox.launcher_1.7.200.v20260619-2039.jar -configuration c:\Users\sujit kumar\AppData\Roaming\Code\User\globalStorage\redhat.java\1.56.2026071508\config_win -data c:\Users\sujit kumar\AppData\Roaming\Code\User\workspaceStorage\909e001eae301016b7e0bf0a875534cd\redhat.java\jdt_ws --pipe=\\.\pipe\lsp-114eb65f4631c6e92911b1651aa4ac00-sock

Host: AMD Ryzen 5 5500U with Radeon Graphics         , 12 cores, 5G,  Windows 11 , 64 bit Build 26100 (10.0.26100.8521)
Time: Fri Jul 17 10:26:05 2026 India Standard Time elapsed time: 328.195883 seconds (0d 0h 5m 28s)

---------------  T H R E A D  ---------------

Current thread (0x000002c9eec07be0):  JavaThread "C2 CompilerThread0" daemon [_thread_in_native, id=30992, stack(0x000000f1f2f00000,0x000000f1f3000000) (1024K)]


Current CompileTask:
C2:328196 16678   !   4       org.eclipse.osgi.internal.loader.BundleLoader::findClass0 (490 bytes)

Stack: [0x000000f1f2f00000,0x000000f1f3000000]
Native frames: (J=compiled Java code, j=interpreted, Vv=VM code, C=native code)
V  [jvm.dll+0x6d7e19]
V  [jvm.dll+0x8b5096]
V  [jvm.dll+0x8b764e]
V  [jvm.dll+0x8b7d33]
V  [jvm.dll+0x284596]
V  [jvm.dll+0xc685d]
V  [jvm.dll+0xc6da1]
V  [jvm.dll+0x2fb4ee]
V  [jvm.dll+0x5fe9a4]
V  [jvm.dll+0x255d67]
V  [jvm.dll+0x24e2ca]
V  [jvm.dll+0x24bbe6]
V  [jvm.dll+0x1cb4ae]
V  [jvm.dll+0x25baad]
V  [jvm.dll+0x25a03a]
V  [jvm.dll+0x3f868e]
V  [jvm.dll+0x85fb0d]
V  [jvm.dll+0x6d664d]
C  [ucrtbase.dll+0x2cd30]
C  [KERNEL32.DLL+0x2e957]
C  [ntdll.dll+0x87c1c]


---------------  P R O C E S S  ---------------

Threads class SMR info:
_java_thread_list=0x000002c9f5f02910, length=77, elements={
0x000002c993d35bc0, 0x000002c9960427c0, 0x000002c996045a00, 0x000002c99604b570,
0x000002c99604cbe0, 0x000002c9eebf5100, 0x000002c9eebf7250, 0x000002c9eec07be0,
0x000002c9eec0aec0, 0x000002c9eebf78e0, 0x000002c9eebf8c90, 0x000002c9f4b00fc0,
0x000002c9f4b02370, 0x000002c9f4b02a00, 0x000002c9f4b04440, 0x000002c9f4b03db0,
0x000002c9f4b06510, 0x000002c9f4b03090, 0x000002c9f4b06ba0, 0x000002c9f4b03720,
0x000002c9f4b07230, 0x000002c9f4b07f50, 0x000002c9f4b01ce0, 0x000002c9f4b085e0,
0x000002c9f4b05e80, 0x000002c9f4b05160, 0x000002c9f4b057f0, 0x000002c9eebf7f70,
0x000002c9eebf8600, 0x000002c9eebf9320, 0x000002c9eebf6bc0, 0x000002c9eebf99b0,
0x000002c9eebfa040, 0x000002c9f6f8ac20, 0x000002c9f6f8b2b0, 0x000002c9f6f8a590,
0x000002c9f6f8b940, 0x000002c9f6f8ccf0, 0x000002c9f6f8e730, 0x000002c9f6f90170,
0x000002c9f6f90800, 0x000002c9f6f8edc0, 0x000002c9f6f8da10, 0x000002c9f6f8f450,
0x000002c9f6f91520, 0x000002c9f47c79f0, 0x000002c9f47c6640, 0x000002c9f47c8080,
0x000002c9f47c8da0, 0x000002c9f47c6cd0, 0x000002c9f47c9430, 0x000002c9f47ca7e0,
0x000002c9f47c9ac0, 0x000002c9f47ca150, 0x000002c9f47c7360, 0x000002c9f47cae70,
0x000002c9f5479640, 0x000002c9f5477570, 0x000002c9f5477c00, 0x000002c9f5476850,
0x000002c9f547a9f0, 0x000002c9f547a360, 0x000002c9f547b080, 0x000002c9f547b710,
0x000002c9f547bda0, 0x000002c9f47cc220, 0x000002c9f47cbb90, 0x000002c9f4501190,
0x000002c9f4501820, 0x000002c9f4502bd0, 0x000002c9f4500470, 0x000002c9f4503f80,
0x000002c9f4500b00, 0x000002c9f4504610, 0x000002c9f4504ca0, 0x000002c9f4505330,
0x000002c9f4501eb0
}

Java Threads: ( => current thread )
  0x000002c993d35bc0 JavaThread "main"                              [_thread_blocked, id=23980, stack(0x000000f1f2500000,0x000000f1f2600000) (1024K)]
  0x000002c9960427c0 JavaThread "Reference Handler"          daemon [_thread_blocked, id=26736, stack(0x000000f1f2900000,0x000000f1f2a00000) (1024K)]
  0x000002c996045a00 JavaThread "Finalizer"                  daemon [_thread_blocked, id=24752, stack(0x000000f1f2a00000,0x000000f1f2b00000) (1024K)]
  0x000002c99604b570 JavaThread "Signal Dispatcher"          daemon [_thread_blocked, id=3764, stack(0x000000f1f2b00000,0x000000f1f2c00000) (1024K)]
  0x000002c99604cbe0 JavaThread "Attach Listener"            daemon [_thread_blocked, id=21536, stack(0x000000f1f2c00000,0x000000f1f2d00000) (1024K)]
  0x000002c9eebf5100 JavaThread "Service Thread"             daemon [_thread_blocked, id=29496, stack(0x000000f1f2d00000,0x000000f1f2e00000) (1024K)]
  0x000002c9eebf7250 JavaThread "Monitor Deflation Thread"   daemon [_thread_blocked, id=4204, stack(0x000000f1f2e00000,0x000000f1f2f00000) (1024K)]
=>0x000002c9eec07be0 JavaThread "C2 CompilerThread0"         daemon [_thread_in_native, id=30992, stack(0x000000f1f2f00000,0x000000f1f3000000) (1024K)]
  0x000002c9eec0aec0 JavaThread "C1 CompilerThread0"         daemon [_thread_blocked, id=24412, stack(0x000000f1f3000000,0x000000f1f3100000) (1024K)]
  0x000002c9eebf78e0 JavaThread "Common-Cleaner"             daemon [_thread_blocked, id=26132, stack(0x000000f1f3100000,0x000000f1f3200000) (1024K)]
  0x000002c9eebf8c90 JavaThread "Notification Thread"        daemon [_thread_blocked, id=4016, stack(0x000000f1f3200000,0x000000f1f3300000) (1024K)]
  0x000002c9f4b00fc0 JavaThread "Active Thread: Equinox Container: 798a3c59-fdd9-4376-8b7f-154c6196e727"        [_thread_blocked, id=27032, stack(0x000000f1f4000000,0x000000f1f4100000) (1024K)]
  0x000002c9f4b02370 JavaThread "Framework Event Dispatcher: Equinox Container: 798a3c59-fdd9-4376-8b7f-154c6196e727" daemon [_thread_blocked, id=28852, stack(0x000000f1f3300000,0x000000f1f3400000) (1024K)]
  0x000002c9f4b02a00 JavaThread "Start Level: Equinox Container: 798a3c59-fdd9-4376-8b7f-154c6196e727" daemon [_thread_blocked, id=29432, stack(0x000000f1f4200000,0x000000f1f4300000) (1024K)]
  0x000002c9f4b04440 JavaThread "Bundle File Closer"         daemon [_thread_blocked, id=22976, stack(0x000000f1f4400000,0x000000f1f4500000) (1024K)]
  0x000002c9f4b03db0 JavaThread "Refresh Thread: Equinox Container: 798a3c59-fdd9-4376-8b7f-154c6196e727" daemon [_thread_blocked, id=26796, stack(0x000000f1f4500000,0x000000f1f4600000) (1024K)]
  0x000002c9f4b06510 JavaThread "SCR Component Actor"        daemon [_thread_blocked, id=28772, stack(0x000000f1f4300000,0x000000f1f4400000) (1024K)]
  0x000002c9f4b03090 JavaThread "Worker-JM"                         [_thread_blocked, id=28560, stack(0x000000f1f4f00000,0x000000f1f5000000) (1024K)]
  0x000002c9f4b06ba0 JavaThread "JNA Cleaner"                daemon [_thread_blocked, id=11012, stack(0x000000f1f4e00000,0x000000f1f4f00000) (1024K)]
  0x000002c9f4b03720 JavaThread "Worker-0"                          [_thread_blocked, id=23428, stack(0x000000f1f5000000,0x000000f1f5100000) (1024K)]
  0x000002c9f4b07230 JavaThread "Worker-1: Periodic workspace save."        [_thread_in_vm, id=14460, stack(0x000000f1f5100000,0x000000f1f5200000) (1024K)]
  0x000002c9f4b07f50 JavaThread "Java indexing"              daemon [_thread_blocked, id=15008, stack(0x000000f1f5400000,0x000000f1f5500000) (1024K)]
  0x000002c9f4b01ce0 JavaThread "Thread-1"                   daemon [_thread_in_native, id=14928, stack(0x000000f1f3c00000,0x000000f1f3d00000) (1024K)]
  0x000002c9f4b085e0 JavaThread "Thread-2"                   daemon [_thread_in_native, id=29240, stack(0x000000f1f3d00000,0x000000f1f3e00000) (1024K)]
  0x000002c9f4b05e80 JavaThread "Thread-3"                   daemon [_thread_in_native, id=31060, stack(0x000000f1f3e00000,0x000000f1f3f00000) (1024K)]
  0x000002c9f4b05160 JavaThread "Thread-4"                   daemon [_thread_in_native, id=31640, stack(0x000000f1f3f00000,0x000000f1f4000000) (1024K)]
  0x000002c9f4b057f0 JavaThread "Thread-5"                   daemon [_thread_in_native, id=3328, stack(0x000000f1f4600000,0x000000f1f4700000) (1024K)]
  0x000002c9eebf7f70 JavaThread "Thread-6"                   daemon [_thread_in_native, id=27312, stack(0x000000f1f4700000,0x000000f1f4800000) (1024K)]
  0x000002c9eebf8600 JavaThread "Thread-7"                   daemon [_thread_in_native, id=22128, stack(0x000000f1f4800000,0x000000f1f4900000) (1024K)]
  0x000002c9eebf9320 JavaThread "Thread-8"                   daemon [_thread_in_native, id=22100, stack(0x000000f1f4900000,0x000000f1f4a00000) (1024K)]
  0x000002c9eebf6bc0 JavaThread "Thread-9"                   daemon [_thread_in_native, id=15340, stack(0x000000f1f4a00000,0x000000f1f4b00000) (1024K)]
  0x000002c9eebf99b0 JavaThread "Thread-10"                  daemon [_thread_in_native, id=15620, stack(0x000000f1f4b00000,0x000000f1f4c00000) (1024K)]
  0x000002c9eebfa040 JavaThread "Thread-11"                  daemon [_thread_in_native, id=30972, stack(0x000000f1f5700000,0x000000f1f5800000) (1024K)]
  0x000002c9f6f8ac20 JavaThread "Thread-12"                  daemon [_thread_in_native, id=21260, stack(0x000000f1f5800000,0x000000f1f5900000) (1024K)]
  0x000002c9f6f8b2b0 JavaThread "Thread-13"                  daemon [_thread_in_native, id=24120, stack(0x000000f1f5900000,0x000000f1f5a00000) (1024K)]
  0x000002c9f6f8a590 JavaThread "pool-2-thread-1"                   [_thread_blocked, id=6372, stack(0x000000f1f5a00000,0x000000f1f5b00000) (1024K)]
  0x000002c9f6f8b940 JavaThread "WorkspaceEventsHandler"            [_thread_blocked, id=30764, stack(0x000000f1f5c00000,0x000000f1f5d00000) (1024K)]
  0x000002c9f6f8ccf0 JavaThread "pool-1-thread-1"                   [_thread_blocked, id=27692, stack(0x000000f1f5d00000,0x000000f1f5e00000) (1024K)]
  0x000002c9f6f8e730 JavaThread "LocalFile Deleter"          daemon [_thread_blocked, id=30188, stack(0x000000f1f6000000,0x000000f1f6100000) (1024K)]
  0x000002c9f6f90170 JavaThread "LocalFile Deleter"          daemon [_thread_blocked, id=29984, stack(0x000000f1f6100000,0x000000f1f6200000) (1024K)]
  0x000002c9f6f90800 JavaThread "LocalFile Deleter"          daemon [_thread_blocked, id=27252, stack(0x000000f1f6200000,0x000000f1f6300000) (1024K)]
  0x000002c9f6f8edc0 JavaThread "LocalFile Deleter"          daemon [_thread_blocked, id=30632, stack(0x000000f1f6500000,0x000000f1f6600000) (1024K)]
  0x000002c9f6f8da10 JavaThread "LocalFile Deleter"          daemon [_thread_blocked, id=30680, stack(0x000000f1f6600000,0x000000f1f6700000) (1024K)]
  0x000002c9f6f8f450 JavaThread "LocalFile Deleter"          daemon [_thread_blocked, id=30120, stack(0x000000f1f6700000,0x000000f1f6800000) (1024K)]
  0x000002c9f6f91520 JavaThread "LocalFile Deleter"          daemon [_thread_blocked, id=29032, stack(0x000000f1f6800000,0x000000f1f6900000) (1024K)]
  0x000002c9f47c79f0 JavaThread "LocalFile Deleter"          daemon [_thread_blocked, id=30124, stack(0x000000f1f6b00000,0x000000f1f6c00000) (1024K)]
  0x000002c9f47c6640 JavaThread "Compiler Source File Reader" daemon [_thread_blocked, id=2896, stack(0x000000f1f6c00000,0x000000f1f6d00000) (1024K)]
  0x000002c9f47c8080 JavaThread "Compiler Source File Reader" daemon [_thread_blocked, id=30116, stack(0x000000f1f6d00000,0x000000f1f6e00000) (1024K)]
  0x000002c9f47c8da0 JavaThread "Compiler Source File Reader" daemon [_thread_blocked, id=30128, stack(0x000000f1f6e00000,0x000000f1f6f00000) (1024K)]
  0x000002c9f47c6cd0 JavaThread "Compiler Source File Reader" daemon [_thread_blocked, id=23036, stack(0x000000f1f6f00000,0x000000f1f7000000) (1024K)]
  0x000002c9f47c9430 JavaThread "Compiler Source File Reader" daemon [_thread_blocked, id=20292, stack(0x000000f1f7000000,0x000000f1f7100000) (1024K)]
  0x000002c9f47ca7e0 JavaThread "Compiler Source File Reader" daemon [_thread_blocked, id=13508, stack(0x000000f1f7100000,0x000000f1f7200000) (1024K)]
  0x000002c9f47c9ac0 JavaThread "Compiler Source File Reader" daemon [_thread_blocked, id=30628, stack(0x000000f1f7200000,0x000000f1f7300000) (1024K)]
  0x000002c9f47ca150 JavaThread "Compiler Source File Reader" daemon [_thread_blocked, id=30884, stack(0x000000f1f7300000,0x000000f1f7400000) (1024K)]
  0x000002c9f47c7360 JavaThread "Compiler Source File Reader" daemon [_thread_blocked, id=21560, stack(0x000000f1f7400000,0x000000f1f7500000) (1024K)]
  0x000002c9f47cae70 JavaThread "Compiler Source File Reader" daemon [_thread_blocked, id=2284, stack(0x000000f1f7500000,0x000000f1f7600000) (1024K)]
  0x000002c9f5479640 JavaThread "PatternSearchJob-worker-1"  daemon [_thread_blocked, id=25180, stack(0x000000f1f8600000,0x000000f1f8700000) (1024K)]
  0x000002c9f5477570 JavaThread "Compiler Class File Writer" daemon [_thread_blocked, id=23548, stack(0x000000f1f7600000,0x000000f1f7700000) (1024K)]
  0x000002c9f5477c00 JavaThread "Compiler Class File Writer" daemon [_thread_blocked, id=6212, stack(0x000000f1f7800000,0x000000f1f7900000) (1024K)]
  0x000002c9f5476850 JavaThread "Compiler Class File Writer" daemon [_thread_blocked, id=29440, stack(0x000000f1f5200000,0x000000f1f5300000) (1024K)]
  0x000002c9f547a9f0 JavaThread "Compiler Class File Writer" daemon [_thread_blocked, id=26172, stack(0x000000f1f7900000,0x000000f1f7a00000) (1024K)]
  0x000002c9f547a360 JavaThread "Compiler Class File Writer" daemon [_thread_blocked, id=24296, stack(0x000000f1f7a00000,0x000000f1f7b00000) (1024K)]
  0x000002c9f547b080 JavaThread "Compiler Class File Writer" daemon [_thread_blocked, id=31684, stack(0x000000f1f7b00000,0x000000f1f7c00000) (1024K)]
  0x000002c9f547b710 JavaThread "Compiler Class File Writer" daemon [_thread_blocked, id=20816, stack(0x000000f1f7c00000,0x000000f1f7d00000) (1024K)]
  0x000002c9f547bda0 JavaThread "Compiler Class File Writer" daemon [_thread_blocked, id=14664, stack(0x000000f1f7d00000,0x000000f1f7e00000) (1024K)]
  0x000002c9f47cc220 JavaThread "Compiler Class File Writer" daemon [_thread_blocked, id=23972, stack(0x000000f1f7e00000,0x000000f1f7f00000) (1024K)]
  0x000002c9f47cbb90 JavaThread "Compiler Class File Writer" daemon [_thread_blocked, id=26896, stack(0x000000f1f7f00000,0x000000f1f8000000) (1024K)]
  0x000002c9f4501190 JavaThread "PatternSearchJob-worker-2"  daemon [_thread_blocked, id=2964, stack(0x000000f1f8100000,0x000000f1f8200000) (1024K)]
  0x000002c9f4501820 JavaThread "PatternSearchJob-worker-3"  daemon [_thread_blocked, id=27492, stack(0x000000f1f8700000,0x000000f1f8800000) (1024K)]
  0x000002c9f4502bd0 JavaThread "PatternSearchJob-worker-4"  daemon [_thread_blocked, id=31020, stack(0x000000f1f8800000,0x000000f1f8900000) (1024K)]
  0x000002c9f4500470 JavaThread "PatternSearchJob-worker-5"  daemon [_thread_blocked, id=10612, stack(0x000000f1f8900000,0x000000f1f8a00000) (1024K)]
  0x000002c9f4503f80 JavaThread "PatternSearchJob-worker-6"  daemon [_thread_blocked, id=10444, stack(0x000000f1f8a00000,0x000000f1f8b00000) (1024K)]
  0x000002c9f4500b00 JavaThread "PatternSearchJob-worker-8"  daemon [_thread_blocked, id=22636, stack(0x000000f1f8b00000,0x000000f1f8c00000) (1024K)]
  0x000002c9f4504610 JavaThread "PatternSearchJob-worker-7"  daemon [_thread_blocked, id=23888, stack(0x000000f1f8c00000,0x000000f1f8d00000) (1024K)]
  0x000002c9f4504ca0 JavaThread "PatternSearchJob-worker-9"  daemon [_thread_blocked, id=9112, stack(0x000000f1f8d00000,0x000000f1f8e00000) (1024K)]
  0x000002c9f4505330 JavaThread "PatternSearchJob-worker-10" daemon [_thread_blocked, id=5144, stack(0x000000f1f8e00000,0x000000f1f8f00000) (1024K)]
  0x000002c9f4501eb0 JavaThread "PatternSearchJob-worker-11" daemon [_thread_blocked, id=29056, stack(0x000000f1f8f00000,0x000000f1f9000000) (1024K)]
Total: 77

Other Threads:
  0x000002c996034970 VMThread "VM Thread"                           [id=29852, stack(0x000000f1f2800000,0x000000f1f2900000) (1024K)] _threads_hazard_ptr=0x000002c9f5f02910
  0x000002c995f2ca00 WatcherThread "VM Periodic Task Thread"        [id=21020, stack(0x000000f1f2700000,0x000000f1f2800000) (1024K)]
  0x000002c9960c7d20 WorkerThread "GC Thread#0"                     [id=23984, stack(0x000000f1f2600000,0x000000f1f2700000) (1024K)]
  0x000002c9f41a22b0 WorkerThread "GC Thread#1"                     [id=16060, stack(0x000000f1f3400000,0x000000f1f3500000) (1024K)]
  0x000002c9f4123f70 WorkerThread "GC Thread#2"                     [id=28904, stack(0x000000f1f3500000,0x000000f1f3600000) (1024K)]
  0x000002c9eef90260 WorkerThread "GC Thread#3"                     [id=30380, stack(0x000000f1f3600000,0x000000f1f3700000) (1024K)]
  0x000002c9eef90610 WorkerThread "GC Thread#4"                     [id=30392, stack(0x000000f1f3700000,0x000000f1f3800000) (1024K)]
  0x000002c9eef909c0 WorkerThread "GC Thread#5"                     [id=22756, stack(0x000000f1f3800000,0x000000f1f3900000) (1024K)]
  0x000002c9f481f080 WorkerThread "GC Thread#6"                     [id=30408, stack(0x000000f1f3900000,0x000000f1f3a00000) (1024K)]
  0x000002c9f45636f0 WorkerThread "GC Thread#7"                     [id=28744, stack(0x000000f1f4100000,0x000000f1f4200000) (1024K)]
  0x000002c9f542d720 WorkerThread "GC Thread#8"                     [id=25748, stack(0x000000f1f4c00000,0x000000f1f4d00000) (1024K)]
  0x000002c9f4c54310 WorkerThread "GC Thread#9"                     [id=30212, stack(0x000000f1f4d00000,0x000000f1f4e00000) (1024K)]
Total: 12

Threads with active compile tasks:
C2 CompilerThread0  328449 16678   !   4       org.eclipse.osgi.internal.loader.BundleLoader::findClass0 (490 bytes)
Total: 1

VM state: synchronizing (normal execution)

VM Mutex/Monitor currently owned by a thread:  ([mutex/lock_event])
[0x00007ffed9c3f570] Threads_lock - owner thread: 0x000002c996034970

Heap address: 0x0000000080000000, size: 2048 MB, Compressed Oops mode: 32-bit

CDS archive(s) mapped at: [0x000002c9ad000000-0x000002c9adba0000-0x000002c9adba0000), size 12189696, SharedBaseAddress: 0x000002c9ad000000, ArchiveRelocationMode: 1.
Compressed class space mapped at: 0x000002c9ae000000-0x000002c9ee000000, reserved size: 1073741824
Narrow klass base: 0x000002c9ad000000, Narrow klass shift: 0, Narrow klass range: 0x100000000

GC Precious Log:
 CardTable entry size: 512
 CPUs: 12 total, 12 available
 Memory: 5989M
 Large Page Support: Disabled
 NUMA Support: Disabled
 Compressed Oops: Enabled (32-bit)
 Alignments: Space 512K, Generation 512K, Heap 2M
 Heap Min Capacity: 100M
 Heap Initial Capacity: 100M
 Heap Max Capacity: 2G
 Pre-touch: Disabled
 Parallel Workers: 10

Heap:
 PSYoungGen      total 2048K, used 732K [0x00000000d5580000, 0x00000000d5880000, 0x0000000100000000)
  eden space 1536K, 26% used [0x00000000d5580000,0x00000000d55e7248,0x00000000d5700000)
  from space 512K, 62% used [0x00000000d5800000,0x00000000d5850000,0x00000000d5880000)
  to   space 512K, 0% used [0x00000000d5780000,0x00000000d5780000,0x00000000d5800000)
 ParOldGen       total 681984K, used 681725K [0x0000000080000000, 0x00000000a9a00000, 0x00000000d5580000)
  object space 681984K, 99% used [0x0000000080000000,0x00000000a99bf6f0,0x00000000a9a00000)
 Metaspace       used 81582K, committed 83200K, reserved 1179648K
  class space    used 7759K, committed 8512K, reserved 1048576K

Card table byte_map: [0x000002c995a40000,0x000002c995e50000] _byte_map_base: 0x000002c995640000

Marking Bits: (ParMarkBitMap*) 0x00007ffed9c44460
 Begin Bits: [0x000002c9a8550000, 0x000002c9aa550000)
 End Bits:   [0x000002c9aa550000, 0x000002c9ac550000)

Polling page: 0x000002c993ca0000

Metaspace:

Usage:
  Non-class:     72.09 MB used.
      Class:      7.58 MB used.
       Both:     79.67 MB used.

Virtual space:
  Non-class space:      128.00 MB reserved,      72.94 MB ( 57%) committed,  2 nodes.
      Class space:        1.00 GB reserved,       8.31 MB ( <1%) committed,  1 nodes.
             Both:        1.12 GB reserved,      81.25 MB (  7%) committed. 

Chunk freelists:
   Non-Class:  6.53 MB
       Class:  7.74 MB
        Both:  14.27 MB

MaxMetaspaceSize: unlimited
CompressedClassSpaceSize: 1.00 GB
Initial GC threshold: 21.00 MB
Current GC threshold: 97.31 MB
CDS: on
 - commit_granule_bytes: 65536.
 - commit_granule_words: 8192.
 - virtual_space_node_default_size: 8388608.
 - enlarge_chunks_in_place: 1.
 - use_allocation_guard: 0.


Internal statistics:

num_allocs_failed_limit: 9.
num_arena_births: 1406.
num_arena_deaths: 14.
num_vsnodes_births: 3.
num_vsnodes_deaths: 0.
num_space_committed: 1300.
num_space_uncommitted: 0.
num_chunks_returned_to_freelist: 23.
num_chunks_taken_from_freelist: 5227.
num_chunk_merges: 10.
num_chunk_splits: 3129.
num_chunks_enlarged: 1646.
num_inconsistent_stats: 0.

CodeHeap 'non-profiled nmethods': size=120000Kb used=11061Kb max_used=11061Kb free=108938Kb
 bounds [0x000002c9a0d70000, 0x000002c9a1840000, 0x000002c9a82a0000]
CodeHeap 'profiled nmethods': size=120000Kb used=35926Kb max_used=35926Kb free=84073Kb
 bounds [0x000002c9992a0000, 0x000002c99b5c0000, 0x000002c9a07d0000]
CodeHeap 'non-nmethods': size=5760Kb used=1485Kb max_used=1576Kb free=4274Kb
 bounds [0x000002c9a07d0000, 0x000002c9a0a40000, 0x000002c9a0d70000]
CodeCache: size=245760Kb, used=48472Kb, max_used=48563Kb, free=197285Kb
 total_blobs=16621, nmethods=15823, adapters=701, full_count=0
Compilation: enabled, stopped_count=0, restarted_count=0

Compilation events (20 events):
Event: 257.706 Thread 0x000002c9eec07be0 16669       4       java.net.URI::toLower (19 bytes)
Event: 257.707 Thread 0x000002c9eec0aec0 nmethod 16668 0x000002c99b5b1110 code [0x000002c99b5b12e0, 0x000002c99b5b1500]
Event: 257.707 Thread 0x000002c9eec07be0 nmethod 16669 0x000002c9a183c690 code [0x000002c9a183c820, 0x000002c9a183c8b0]
Event: 257.709 Thread 0x000002c9eec07be0 16670       4       org.eclipse.core.internal.registry.ReferenceMap::get (54 bytes)
Event: 257.715 Thread 0x000002c9eec07be0 nmethod 16670 0x000002c9a183c990 code [0x000002c9a183cb20, 0x000002c9a183ccd0]
Event: 319.226 Thread 0x000002c9eec0aec0 16671       3       org.eclipse.core.internal.utils.StringPool::add (50 bytes)
Event: 319.267 Thread 0x000002c9eec0aec0 nmethod 16671 0x000002c99b5b1610 code [0x000002c99b5b1800, 0x000002c99b5b1cd0]
Event: 319.269 Thread 0x000002c9eec0aec0 16672       3       org.eclipse.core.internal.dtree.AbstractDataTreeNode::storeStrings (42 bytes)
Event: 319.272 Thread 0x000002c9eec0aec0 nmethod 16672 0x000002c99b5b1e90 code [0x000002c99b5b2060, 0x000002c99b5b23d8]
Event: 319.273 Thread 0x000002c9eec0aec0 16673       3       org.eclipse.core.internal.dtree.DataTreeNode::storeStrings (28 bytes)
Event: 319.273 Thread 0x000002c9eec0aec0 nmethod 16673 0x000002c99b5b2590 code [0x000002c99b5b2760, 0x000002c99b5b2be0]
Event: 319.290 Thread 0x000002c9eec0aec0 16674       3       org.eclipse.core.internal.resources.ResourceInfo::shareStrings (43 bytes)
Event: 319.300 Thread 0x000002c9eec0aec0 nmethod 16674 0x000002c99b5b2d10 code [0x000002c99b5b2ee0, 0x000002c99b5b31a8]
Event: 325.282 Thread 0x000002c9eec0aec0 16675       3       org.eclipse.jdt.ls.core.internal.filesystem.JLSFile::getChild (121 bytes)
Event: 325.332 Thread 0x000002c9eec0aec0 nmethod 16675 0x000002c99b5b3310 code [0x000002c99b5b3700, 0x000002c99b5b4e30]
Event: 325.518 Thread 0x000002c9eec07be0 16677       4       org.eclipse.osgi.internal.loader.BundleLoader::findClass (8 bytes)
Event: 325.587 Thread 0x000002c9eec07be0 nmethod 16677 0x000002c9a183d310 code [0x000002c9a183d4a0, 0x000002c9a183d560]
Event: 325.607 Thread 0x000002c9eec07be0 16678   !   4       org.eclipse.osgi.internal.loader.BundleLoader::findClass0 (490 bytes)
Event: 327.648 Thread 0x000002c9eec0aec0 16679       3       java.net.URI::equal (19 bytes)
Event: 327.649 Thread 0x000002c9eec0aec0 nmethod 16679 0x000002c99b5b5790 code [0x000002c99b5b5940, 0x000002c99b5b5ab0]

GC Heap History (20 events):
Event: 92.837 GC heap before
{Heap before GC invocations=1004 (full 3):
 PSYoungGen      total 2048K, used 1824K [0x00000000d5580000, 0x00000000d5880000, 0x0000000100000000)
  eden space 1536K, 100% used [0x00000000d5580000,0x00000000d5700000,0x00000000d5700000)
  from space 512K, 56% used [0x00000000d5800000,0x00000000d5848000,0x00000000d5880000)
  to   space 512K, 0% used [0x00000000d5780000,0x00000000d5780000,0x00000000d5800000)
 ParOldGen       total 679936K, used 679512K [0x0000000080000000, 0x00000000a9800000, 0x00000000d5580000)
  object space 679936K, 99% used [0x0000000080000000,0x00000000a9796140,0x00000000a9800000)
 Metaspace       used 81440K, committed 83008K, reserved 1179648K
  class space    used 7742K, committed 8448K, reserved 1048576K
}
Event: 92.840 GC heap after
{Heap after GC invocations=1004 (full 3):
 PSYoungGen      total 2048K, used 512K [0x00000000d5580000, 0x00000000d5900000, 0x0000000100000000)
  eden space 1536K, 0% used [0x00000000d5580000,0x00000000d5580000,0x00000000d5700000)
  from space 512K, 100% used [0x00000000d5780000,0x00000000d5800000,0x00000000d5800000)
  to   space 1024K, 0% used [0x00000000d5800000,0x00000000d5800000,0x00000000d5900000)
 ParOldGen       total 679936K, used 679720K [0x0000000080000000, 0x00000000a9800000, 0x00000000d5580000)
  object space 679936K, 99% used [0x0000000080000000,0x00000000a97ca170,0x00000000a9800000)
 Metaspace       used 81440K, committed 83008K, reserved 1179648K
  class space    used 7742K, committed 8448K, reserved 1048576K
}
Event: 92.877 GC heap before
{Heap before GC invocations=1005 (full 3):
 PSYoungGen      total 2048K, used 2048K [0x00000000d5580000, 0x00000000d5900000, 0x0000000100000000)
  eden space 1536K, 100% used [0x00000000d5580000,0x00000000d5700000,0x00000000d5700000)
  from space 512K, 100% used [0x00000000d5780000,0x00000000d5800000,0x00000000d5800000)
  to   space 1024K, 0% used [0x00000000d5800000,0x00000000d5800000,0x00000000d5900000)
 ParOldGen       total 679936K, used 679720K [0x0000000080000000, 0x00000000a9800000, 0x00000000d5580000)
  object space 679936K, 99% used [0x0000000080000000,0x00000000a97ca170,0x00000000a9800000)
 Metaspace       used 81440K, committed 83008K, reserved 1179648K
  class space    used 7742K, committed 8448K, reserved 1048576K
}
Event: 92.880 GC heap after
{Heap after GC invocations=1005 (full 3):
 PSYoungGen      total 2048K, used 352K [0x00000000d5580000, 0x00000000d5880000, 0x0000000100000000)
  eden space 1536K, 0% used [0x00000000d5580000,0x00000000d5580000,0x00000000d5700000)
  from space 512K, 68% used [0x00000000d5800000,0x00000000d5858000,0x00000000d5880000)
  to   space 512K, 0% used [0x00000000d5780000,0x00000000d5780000,0x00000000d5800000)
 ParOldGen       total 680448K, used 680197K [0x0000000080000000, 0x00000000a9880000, 0x00000000d5580000)
  object space 680448K, 99% used [0x0000000080000000,0x00000000a9841490,0x00000000a9880000)
 Metaspace       used 81440K, committed 83008K, reserved 1179648K
  class space    used 7742K, committed 8448K, reserved 1048576K
}
Event: 92.925 GC heap before
{Heap before GC invocations=1006 (full 3):
 PSYoungGen      total 2048K, used 1888K [0x00000000d5580000, 0x00000000d5880000, 0x0000000100000000)
  eden space 1536K, 100% used [0x00000000d5580000,0x00000000d5700000,0x00000000d5700000)
  from space 512K, 68% used [0x00000000d5800000,0x00000000d5858000,0x00000000d5880000)
  to   space 512K, 0% used [0x00000000d5780000,0x00000000d5780000,0x00000000d5800000)
 ParOldGen       total 680448K, used 680197K [0x0000000080000000, 0x00000000a9880000, 0x00000000d5580000)
  object space 680448K, 99% used [0x0000000080000000,0x00000000a9841490,0x00000000a9880000)
 Metaspace       used 81442K, committed 83008K, reserved 1179648K
  class space    used 7743K, committed 8448K, reserved 1048576K
}
Event: 92.926 GC heap after
{Heap after GC invocations=1006 (full 3):
 PSYoungGen      total 2048K, used 224K [0x00000000d5580000, 0x00000000d5880000, 0x0000000100000000)
  eden space 1536K, 0% used [0x00000000d5580000,0x00000000d5580000,0x00000000d5700000)
  from space 512K, 43% used [0x00000000d5780000,0x00000000d57b8000,0x00000000d5800000)
  to   space 512K, 0% used [0x00000000d5800000,0x00000000d5800000,0x00000000d5880000)
 ParOldGen       total 680448K, used 680261K [0x0000000080000000, 0x00000000a9880000, 0x00000000d5580000)
  object space 680448K, 99% used [0x0000000080000000,0x00000000a9851490,0x00000000a9880000)
 Metaspace       used 81442K, committed 83008K, reserved 1179648K
  class space    used 7743K, committed 8448K, reserved 1048576K
}
Event: 92.963 GC heap before
{Heap before GC invocations=1007 (full 3):
 PSYoungGen      total 2048K, used 1749K [0x00000000d5580000, 0x00000000d5880000, 0x0000000100000000)
  eden space 1536K, 99% used [0x00000000d5580000,0x00000000d56fd6f8,0x00000000d5700000)
  from space 512K, 43% used [0x00000000d5780000,0x00000000d57b8000,0x00000000d5800000)
  to   space 512K, 0% used [0x00000000d5800000,0x00000000d5800000,0x00000000d5880000)
 ParOldGen       total 680448K, used 680261K [0x0000000080000000, 0x00000000a9880000, 0x00000000d5580000)
  object space 680448K, 99% used [0x0000000080000000,0x00000000a9851490,0x00000000a9880000)
 Metaspace       used 81455K, committed 83008K, reserved 1179648K
  class space    used 7743K, committed 8448K, reserved 1048576K
}
Event: 92.965 GC heap after
{Heap after GC invocations=1007 (full 3):
 PSYoungGen      total 2048K, used 448K [0x00000000d5580000, 0x00000000d5880000, 0x0000000100000000)
  eden space 1536K, 0% used [0x00000000d5580000,0x00000000d5580000,0x00000000d5700000)
  from space 512K, 87% used [0x00000000d5800000,0x00000000d5870000,0x00000000d5880000)
  to   space 512K, 0% used [0x00000000d5780000,0x00000000d5780000,0x00000000d5800000)
 ParOldGen       total 680448K, used 680349K [0x0000000080000000, 0x00000000a9880000, 0x00000000d5580000)
  object space 680448K, 99% used [0x0000000080000000,0x00000000a9867490,0x00000000a9880000)
 Metaspace       used 81455K, committed 83008K, reserved 1179648K
  class space    used 7743K, committed 8448K, reserved 1048576K
}
Event: 92.992 GC heap before
{Heap before GC invocations=1008 (full 3):
 PSYoungGen      total 2048K, used 1984K [0x00000000d5580000, 0x00000000d5880000, 0x0000000100000000)
  eden space 1536K, 100% used [0x00000000d5580000,0x00000000d5700000,0x00000000d5700000)
  from space 512K, 87% used [0x00000000d5800000,0x00000000d5870000,0x00000000d5880000)
  to   space 512K, 0% used [0x00000000d5780000,0x00000000d5780000,0x00000000d5800000)
 ParOldGen       total 680448K, used 680349K [0x0000000080000000, 0x00000000a9880000, 0x00000000d5580000)
  object space 680448K, 99% used [0x0000000080000000,0x00000000a9867490,0x00000000a9880000)
 Metaspace       used 81456K, committed 83008K, reserved 1179648K
  class space    used 7743K, committed 8448K, reserved 1048576K
}
Event: 92.995 GC heap after
{Heap after GC invocations=1008 (full 3):
 PSYoungGen      total 2048K, used 288K [0x00000000d5580000, 0x00000000d5880000, 0x0000000100000000)
  eden space 1536K, 0% used [0x00000000d5580000,0x00000000d5580000,0x00000000d5700000)
  from space 512K, 56% used [0x00000000d5780000,0x00000000d57c8000,0x00000000d5800000)
  to   space 512K, 0% used [0x00000000d5800000,0x00000000d5800000,0x00000000d5880000)
 ParOldGen       total 680960K, used 680671K [0x0000000080000000, 0x00000000a9900000, 0x00000000d5580000)
  object space 680960K, 99% used [0x0000000080000000,0x00000000a98b7db0,0x00000000a9900000)
 Metaspace       used 81456K, committed 83008K, reserved 1179648K
  class space    used 7743K, committed 8448K, reserved 1048576K
}
Event: 93.015 GC heap before
{Heap before GC invocations=1009 (full 3):
 PSYoungGen      total 2048K, used 1824K [0x00000000d5580000, 0x00000000d5880000, 0x0000000100000000)
  eden space 1536K, 100% used [0x00000000d5580000,0x00000000d5700000,0x00000000d5700000)
  from space 512K, 56% used [0x00000000d5780000,0x00000000d57c8000,0x00000000d5800000)
  to   space 512K, 0% used [0x00000000d5800000,0x00000000d5800000,0x00000000d5880000)
 ParOldGen       total 680960K, used 680671K [0x0000000080000000, 0x00000000a9900000, 0x00000000d5580000)
  object space 680960K, 99% used [0x0000000080000000,0x00000000a98b7db0,0x00000000a9900000)
 Metaspace       used 81460K, committed 83008K, reserved 1179648K
  class space    used 7743K, committed 8448K, reserved 1048576K
}
Event: 93.018 GC heap after
{Heap after GC invocations=1009 (full 3):
 PSYoungGen      total 2048K, used 512K [0x00000000d5580000, 0x00000000d5900000, 0x0000000100000000)
  eden space 1536K, 0% used [0x00000000d5580000,0x00000000d5580000,0x00000000d5700000)
  from space 512K, 100% used [0x00000000d5800000,0x00000000d5880000,0x00000000d5880000)
  to   space 1024K, 0% used [0x00000000d5700000,0x00000000d5700000,0x00000000d5800000)
 ParOldGen       total 680960K, used 680877K [0x0000000080000000, 0x00000000a9900000, 0x00000000d5580000)
  object space 680960K, 99% used [0x0000000080000000,0x00000000a98eb6d0,0x00000000a9900000)
 Metaspace       used 81460K, committed 83008K, reserved 1179648K
  class space    used 7743K, committed 8448K, reserved 1048576K
}
Event: 93.057 GC heap before
{Heap before GC invocations=1010 (full 3):
 PSYoungGen      total 2048K, used 2048K [0x00000000d5580000, 0x00000000d5900000, 0x0000000100000000)
  eden space 1536K, 100% used [0x00000000d5580000,0x00000000d5700000,0x00000000d5700000)
  from space 512K, 100% used [0x00000000d5800000,0x00000000d5880000,0x00000000d5880000)
  to   space 1024K, 0% used [0x00000000d5700000,0x00000000d5700000,0x00000000d5800000)
 ParOldGen       total 680960K, used 680877K [0x0000000080000000, 0x00000000a9900000, 0x00000000d5580000)
  object space 680960K, 99% used [0x0000000080000000,0x00000000a98eb6d0,0x00000000a9900000)
 Metaspace       used 81460K, committed 83008K, reserved 1179648K
  class space    used 7743K, committed 8448K, reserved 1048576K
}
Event: 93.059 GC heap after
{Heap after GC invocations=1010 (full 3):
 PSYoungGen      total 2560K, used 352K [0x00000000d5580000, 0x00000000d5880000, 0x0000000100000000)
  eden space 1536K, 0% used [0x00000000d5580000,0x00000000d5580000,0x00000000d5700000)
  from space 1024K, 34% used [0x00000000d5700000,0x00000000d5758000,0x00000000d5800000)
  to   space 512K, 0% used [0x00000000d5800000,0x00000000d5800000,0x00000000d5880000)
 ParOldGen       total 681472K, used 681341K [0x0000000080000000, 0x00000000a9980000, 0x00000000d5580000)
  object space 681472K, 99% used [0x0000000080000000,0x00000000a995f6d0,0x00000000a9980000)
 Metaspace       used 81460K, committed 83008K, reserved 1179648K
  class space    used 7743K, committed 8448K, reserved 1048576K
}
Event: 176.987 GC heap before
{Heap before GC invocations=1011 (full 3):
 PSYoungGen      total 2560K, used 1888K [0x00000000d5580000, 0x00000000d5880000, 0x0000000100000000)
  eden space 1536K, 100% used [0x00000000d5580000,0x00000000d5700000,0x00000000d5700000)
  from space 1024K, 34% used [0x00000000d5700000,0x00000000d5758000,0x00000000d5800000)
  to   space 512K, 0% used [0x00000000d5800000,0x00000000d5800000,0x00000000d5880000)
 ParOldGen       total 681472K, used 681341K [0x0000000080000000, 0x00000000a9980000, 0x00000000d5580000)
  object space 681472K, 99% used [0x0000000080000000,0x00000000a995f6d0,0x00000000a9980000)
 Metaspace       used 81498K, committed 83008K, reserved 1179648K
  class space    used 7746K, committed 8448K, reserved 1048576K
}
Event: 177.079 GC heap after
{Heap after GC invocations=1011 (full 3):
 PSYoungGen      total 2048K, used 352K [0x00000000d5580000, 0x00000000d5880000, 0x0000000100000000)
  eden space 1536K, 0% used [0x00000000d5580000,0x00000000d5580000,0x00000000d5700000)
  from space 512K, 68% used [0x00000000d5800000,0x00000000d5858000,0x00000000d5880000)
  to   space 512K, 0% used [0x00000000d5780000,0x00000000d5780000,0x00000000d5800000)
 ParOldGen       total 681984K, used 681493K [0x0000000080000000, 0x00000000a9a00000, 0x00000000d5580000)
  object space 681984K, 99% used [0x0000000080000000,0x00000000a99856f0,0x00000000a9a00000)
 Metaspace       used 81498K, committed 83008K, reserved 1179648K
  class space    used 7746K, committed 8448K, reserved 1048576K
}
Event: 240.806 GC heap before
{Heap before GC invocations=1012 (full 3):
 PSYoungGen      total 2048K, used 1888K [0x00000000d5580000, 0x00000000d5880000, 0x0000000100000000)
  eden space 1536K, 100% used [0x00000000d5580000,0x00000000d5700000,0x00000000d5700000)
  from space 512K, 68% used [0x00000000d5800000,0x00000000d5858000,0x00000000d5880000)
  to   space 512K, 0% used [0x00000000d5780000,0x00000000d5780000,0x00000000d5800000)
 ParOldGen       total 681984K, used 681493K [0x0000000080000000, 0x00000000a9a00000, 0x00000000d5580000)
  object space 681984K, 99% used [0x0000000080000000,0x00000000a99856f0,0x00000000a9a00000)
 Metaspace       used 81505K, committed 83008K, reserved 1179648K
  class space    used 7747K, committed 8448K, reserved 1048576K
}
Event: 241.252 GC heap after
{Heap after GC invocations=1012 (full 3):
 PSYoungGen      total 2048K, used 288K [0x00000000d5580000, 0x00000000d5880000, 0x0000000100000000)
  eden space 1536K, 0% used [0x00000000d5580000,0x00000000d5580000,0x00000000d5700000)
  from space 512K, 56% used [0x00000000d5780000,0x00000000d57c8000,0x00000000d5800000)
  to   space 512K, 0% used [0x00000000d5800000,0x00000000d5800000,0x00000000d5880000)
 ParOldGen       total 681984K, used 681685K [0x0000000080000000, 0x00000000a9a00000, 0x00000000d5580000)
  object space 681984K, 99% used [0x0000000080000000,0x00000000a99b56f0,0x00000000a9a00000)
 Metaspace       used 81505K, committed 83008K, reserved 1179648K
  class space    used 7747K, committed 8448K, reserved 1048576K
}
Event: 325.819 GC heap before
{Heap before GC invocations=1013 (full 3):
 PSYoungGen      total 2048K, used 1823K [0x00000000d5580000, 0x00000000d5880000, 0x0000000100000000)
  eden space 1536K, 99% used [0x00000000d5580000,0x00000000d56ffe50,0x00000000d5700000)
  from space 512K, 56% used [0x00000000d5780000,0x00000000d57c8000,0x00000000d5800000)
  to   space 512K, 0% used [0x00000000d5800000,0x00000000d5800000,0x00000000d5880000)
 ParOldGen       total 681984K, used 681685K [0x0000000080000000, 0x00000000a9a00000, 0x00000000d5580000)
  object space 681984K, 99% used [0x0000000080000000,0x00000000a99b56f0,0x00000000a9a00000)
 Metaspace       used 81549K, committed 83136K, reserved 1179648K
  class space    used 7755K, committed 8512K, reserved 1048576K
}
Event: 326.003 GC heap after
{Heap after GC invocations=1013 (full 3):
 PSYoungGen      total 2048K, used 320K [0x00000000d5580000, 0x00000000d5880000, 0x0000000100000000)
  eden space 1536K, 0% used [0x00000000d5580000,0x00000000d5580000,0x00000000d5700000)
  from space 512K, 62% used [0x00000000d5800000,0x00000000d5850000,0x00000000d5880000)
  to   space 512K, 0% used [0x00000000d5780000,0x00000000d5780000,0x00000000d5800000)
 ParOldGen       total 681984K, used 681725K [0x0000000080000000, 0x00000000a9a00000, 0x00000000d5580000)
  object space 681984K, 99% used [0x0000000080000000,0x00000000a99bf6f0,0x00000000a9a00000)
 Metaspace       used 81549K, committed 83136K, reserved 1179648K
  class space    used 7755K, committed 8512K, reserved 1048576K
}

Dll operation events (12 events):
Event: 0.929 Loaded shared library c:\Users\sujit kumar\.vscode\extensions\redhat.java-1.56.2026071508-win32-x64\jre\21.0.11-win32-x86_64\bin\java.dll
Event: 1.043 Loaded shared library c:\Users\sujit kumar\.vscode\extensions\redhat.java-1.56.2026071508-win32-x64\jre\21.0.11-win32-x86_64\bin\zip.dll
Event: 1.315 Loaded shared library C:\Users\sujit kumar\.vscode\extensions\redhat.java-1.56.2026071508-win32-x64\jre\21.0.11-win32-x86_64\bin\instrument.dll
Event: 2.522 Loaded shared library C:\Users\sujit kumar\.vscode\extensions\redhat.java-1.56.2026071508-win32-x64\jre\21.0.11-win32-x86_64\bin\net.dll
Event: 5.894 Loaded shared library C:\Users\sujit kumar\.vscode\extensions\redhat.java-1.56.2026071508-win32-x64\jre\21.0.11-win32-x86_64\bin\nio.dll
Event: 5.901 Loaded shared library C:\Users\sujit kumar\.vscode\extensions\redhat.java-1.56.2026071508-win32-x64\jre\21.0.11-win32-x86_64\bin\zip.dll
Event: 5.952 Loaded shared library C:\Users\sujit kumar\.vscode\extensions\redhat.java-1.56.2026071508-win32-x64\jre\21.0.11-win32-x86_64\bin\jimage.dll
Event: 6.205 Loaded shared library c:\Users\sujit kumar\.vscode\extensions\redhat.java-1.56.2026071508-win32-x64\jre\21.0.11-win32-x86_64\bin\verify.dll
Event: 12.006 Loaded shared library C:\Users\sujit kumar\AppData\Roaming\Code\User\globalStorage\redhat.java\1.56.2026071508\config_win\org.eclipse.equinox.launcher\org.eclipse.equinox.launcher.win32.win32.x86_64_1.3.100.v20260613-0559\eclipse_11924.dll
Event: 18.499 Loaded shared library C:\Users\sujit kumar\AppData\Local\Temp\jna--1123618105\jna17861241461130839014.dll
Event: 22.526 Loaded shared library C:\Users\sujit kumar\.vscode\extensions\redhat.java-1.56.2026071508-win32-x64\jre\21.0.11-win32-x86_64\bin\sunmscapi.dll
Event: 23.326 Loaded shared library C:\Users\sujit kumar\.vscode\extensions\redhat.java-1.56.2026071508-win32-x64\jre\21.0.11-win32-x86_64\bin\extnet.dll

Deoptimization events (20 events):
Event: 325.413 Thread 0x000002c9f4b07230 Uncommon trap: trap_request=0xffffff45 fr.pc=0x000002c9a11cd7fc relative=0x000000000000063c
Event: 325.413 Thread 0x000002c9f4b07230 Uncommon trap: reason=unstable_if action=reinterpret pc=0x000002c9a11cd7fc method=java.util.Properties.getProperty(Ljava/lang/String;)Ljava/lang/String; @ 36 c2
Event: 325.413 Thread 0x000002c9f4b07230 DEOPT PACKING pc=0x000002c9a11cd7fc sp=0x000000f1f51fe6c0
Event: 325.414 Thread 0x000002c9f4b07230 DEOPT UNPACKING pc=0x000002c9a0823aa2 sp=0x000000f1f51fe668 mode 2
Event: 325.679 Thread 0x000002c9f4b07230 Uncommon trap: trap_request=0xffffff45 fr.pc=0x000002c9a12f23d8 relative=0x0000000000000138
Event: 325.689 Thread 0x000002c9f4b07230 Uncommon trap: reason=unstable_if action=reinterpret pc=0x000002c9a12f23d8 method=java.util.concurrent.TimeUnit.toMillis(J)J @ 18 c2
Event: 325.689 Thread 0x000002c9f4b07230 DEOPT PACKING pc=0x000002c9a12f23d8 sp=0x000000f1f51fe930
Event: 325.689 Thread 0x000002c9f4b07230 DEOPT UNPACKING pc=0x000002c9a0823aa2 sp=0x000000f1f51fe8b0 mode 2
Event: 325.789 Thread 0x000002c9f4506d70 Uncommon trap: trap_request=0xffffff45 fr.pc=0x000002c9a1769678 relative=0x0000000000000458
Event: 325.789 Thread 0x000002c9f4506d70 Uncommon trap: reason=unstable_if action=reinterpret pc=0x000002c9a1769678 method=java.util.stream.AbstractPipeline.evaluateToArrayNode(Ljava/util/function/IntFunction;)Ljava/util/stream/Node; @ 26 c2
Event: 325.789 Thread 0x000002c9f4506d70 DEOPT PACKING pc=0x000002c9a1769678 sp=0x000000f1f24fecf0
Event: 325.790 Thread 0x000002c9f4506d70 DEOPT UNPACKING pc=0x000002c9a0823aa2 sp=0x000000f1f24feca0 mode 2
Event: 325.790 Thread 0x000002c9f4506d70 Uncommon trap: trap_request=0xffffff45 fr.pc=0x000002c9a13cb174 relative=0x00000000000000d4
Event: 325.791 Thread 0x000002c9f4506d70 Uncommon trap: reason=unstable_if action=reinterpret pc=0x000002c9a13cb174 method=java.util.stream.AbstractPipeline.sourceSpliterator(I)Ljava/util/Spliterator; @ 82 c2
Event: 325.791 Thread 0x000002c9f4506d70 DEOPT PACKING pc=0x000002c9a13cb174 sp=0x000000f1f24fec90
Event: 325.791 Thread 0x000002c9f4506d70 DEOPT UNPACKING pc=0x000002c9a0823aa2 sp=0x000000f1f24fec00 mode 2
Event: 325.791 Thread 0x000002c9f4506d70 Uncommon trap: trap_request=0xffffff45 fr.pc=0x000002c9a176a3b4 relative=0x0000000000000414
Event: 325.791 Thread 0x000002c9f4506d70 Uncommon trap: reason=unstable_if action=reinterpret pc=0x000002c9a176a3b4 method=java.util.stream.AbstractPipeline.evaluate(Ljava/util/Spliterator;ZLjava/util/function/IntFunction;)Ljava/util/stream/Node; @ 4 c2
Event: 325.791 Thread 0x000002c9f4506d70 DEOPT PACKING pc=0x000002c9a176a3b4 sp=0x000000f1f24fec50
Event: 325.791 Thread 0x000002c9f4506d70 DEOPT UNPACKING pc=0x000002c9a0823aa2 sp=0x000000f1f24fec18 mode 2

Classes loaded (20 events):
Event: 54.207 Loading class java/util/stream/ReduceOps$1 done
Event: 54.207 Loading class java/util/stream/ReduceOps$1ReducingSink
Event: 54.209 Loading class java/util/stream/ReduceOps$1ReducingSink done
Event: 54.423 Loading class com/sun/org/apache/xerces/internal/util/URI
Event: 54.426 Loading class com/sun/org/apache/xerces/internal/util/URI done
Event: 54.449 Loading class org/xml/sax/SAXNotRecognizedException
Event: 54.450 Loading class org/xml/sax/SAXNotRecognizedException done
Event: 54.450 Loading class org/xml/sax/SAXNotSupportedException
Event: 54.452 Loading class org/xml/sax/SAXNotSupportedException done
Event: 54.458 Loading class com/sun/org/apache/xerces/internal/xni/XNIException
Event: 54.460 Loading class com/sun/org/apache/xerces/internal/xni/XNIException done
Event: 54.460 Loading class com/sun/org/apache/xerces/internal/xni/parser/XMLParseException
Event: 54.462 Loading class com/sun/org/apache/xerces/internal/xni/parser/XMLParseException done
Event: 325.793 Loading class java/util/stream/Nodes$CollectorTask$OfRef
Event: 325.806 Loading class java/util/stream/Nodes$CollectorTask
Event: 326.006 Loading class java/util/stream/Nodes$CollectorTask done
Event: 326.006 Loading class java/util/stream/Nodes$CollectorTask$OfRef done
Event: 326.360 Loading class java/util/function/LongFunction
Event: 326.362 Loading class java/util/function/LongFunction done
Event: 326.369 Loading class java/util/stream/Nodes$ConcNode

Classes unloaded (7 events):
Event: 19.214 Thread 0x000002c996034970 Unloading class 0x000002c9ae1c4800 'java/lang/invoke/LambdaForm$MH+0x000002c9ae1c4800'
Event: 19.214 Thread 0x000002c996034970 Unloading class 0x000002c9ae1c4400 'java/lang/invoke/LambdaForm$MH+0x000002c9ae1c4400'
Event: 19.214 Thread 0x000002c996034970 Unloading class 0x000002c9ae1c4000 'java/lang/invoke/LambdaForm$MH+0x000002c9ae1c4000'
Event: 19.214 Thread 0x000002c996034970 Unloading class 0x000002c9ae1c3c00 'java/lang/invoke/LambdaForm$MH+0x000002c9ae1c3c00'
Event: 19.214 Thread 0x000002c996034970 Unloading class 0x000002c9ae1c3800 'java/lang/invoke/LambdaForm$BMH+0x000002c9ae1c3800'
Event: 19.214 Thread 0x000002c996034970 Unloading class 0x000002c9ae1c3400 'java/lang/invoke/LambdaForm$DMH+0x000002c9ae1c3400'
Event: 19.214 Thread 0x000002c996034970 Unloading class 0x000002c9ae1c2000 'java/lang/invoke/LambdaForm$DMH+0x000002c9ae1c2000'

Classes redefined (0 events):
No events

Internal exceptions (20 events):
Event: 54.332 Thread 0x000002c9f4b07230 Exception <a 'java/lang/NullPointerException'{0x00000000d55c3750}> (0x00000000d55c3750) 
thrown [s\src\hotspot\share\interpreter\linkResolver.cpp, line 1372]
Event: 54.332 Thread 0x000002c9f4b07230 Exception <a 'java/lang/NullPointerException'{0x00000000d55c3c30}> (0x00000000d55c3c30) 
thrown [s\src\hotspot\share\interpreter\linkResolver.cpp, line 1372]
Event: 54.332 Thread 0x000002c9f4b07230 Exception <a 'java/lang/NullPointerException'{0x00000000d55c4478}> (0x00000000d55c4478) 
thrown [s\src\hotspot\share\interpreter\linkResolver.cpp, line 1372]
Event: 54.333 Thread 0x000002c9f4b07230 Exception <a 'java/lang/NullPointerException'{0x00000000d55cbd20}> (0x00000000d55cbd20) 
thrown [s\src\hotspot\share\interpreter\linkResolver.cpp, line 1372]
Event: 54.452 Thread 0x000002c9f4b07f50 Exception <a 'java/lang/NullPointerException'{0x00000000d55bcb70}> (0x00000000d55bcb70) 
thrown [s\src\hotspot\share\interpreter\linkResolver.cpp, line 1372]
Event: 57.675 Thread 0x000002c9f6f8ccf0 Exception <a 'java/lang/NullPointerException'{0x00000000d55d9598}> (0x00000000d55d9598) 
thrown [s\src\hotspot\share\interpreter\linkResolver.cpp, line 1372]
Event: 57.675 Thread 0x000002c9f6f8ccf0 Exception <a 'java/lang/NullPointerException'{0x00000000d55daab0}> (0x00000000d55daab0) 
thrown [s\src\hotspot\share\interpreter\linkResolver.cpp, line 1372]
Event: 57.710 Thread 0x000002c9f6f8ccf0 Exception <a 'java/lang/NullPointerException'{0x00000000d55b2f58}> (0x00000000d55b2f58) 
thrown [s\src\hotspot\share\interpreter\linkResolver.cpp, line 1372]
Event: 57.710 Thread 0x000002c9f6f8ccf0 Exception <a 'java/lang/NullPointerException'{0x00000000d55b4140}> (0x00000000d55b4140) 
thrown [s\src\hotspot\share\interpreter\linkResolver.cpp, line 1372]
Event: 60.500 Thread 0x000002c9f4b07230 Exception <a 'java/lang/NullPointerException'{0x00000000d5617360}> (0x00000000d5617360) 
thrown [s\src\hotspot\share\interpreter\linkResolver.cpp, line 1372]
Event: 60.500 Thread 0x000002c9f4b07230 Exception <a 'java/lang/NullPointerException'{0x00000000d5618140}> (0x00000000d5618140) 
thrown [s\src\hotspot\share\interpreter\linkResolver.cpp, line 1372]
Event: 60.592 Thread 0x000002c9f4b07230 Exception <a 'java/lang/NullPointerException'{0x00000000d560fd10}> (0x00000000d560fd10) 
thrown [s\src\hotspot\share\interpreter\linkResolver.cpp, line 1372]
Event: 60.593 Thread 0x000002c9f4b07230 Exception <a 'java/lang/NullPointerException'{0x00000000d5615268}> (0x00000000d5615268) 
thrown [s\src\hotspot\share\interpreter\linkResolver.cpp, line 1372]
Event: 60.594 Thread 0x000002c9f4b07230 Exception <a 'java/lang/NullPointerException'{0x00000000d5616340}> (0x00000000d5616340) 
thrown [s\src\hotspot\share\interpreter\linkResolver.cpp, line 1372]
Event: 60.786 Thread 0x000002c9f4b07230 Exception <a 'java/lang/NullPointerException'{0x00000000d55ca288}> (0x00000000d55ca288) 
thrown [s\src\hotspot\share\interpreter\linkResolver.cpp, line 1372]
Event: 60.786 Thread 0x000002c9f4b07230 Exception <a 'java/lang/NullPointerException'{0x00000000d55caf50}> (0x00000000d55caf50) 
thrown [s\src\hotspot\share\interpreter\linkResolver.cpp, line 1372]
Event: 60.818 Thread 0x000002c9f54754a0 Exception <a 'java/lang/IncompatibleClassChangeError'{0x00000000d55a7e40}: Found class java.lang.Object, but interface was expected> (0x00000000d55a7e40) 
thrown [s\src\hotspot\share\interpreter\linkResolver.cpp, line 840]
Event: 92.843 Thread 0x000002c9f4b07230 Exception <a 'java/lang/NullPointerException'{0x00000000d559e858}> (0x00000000d559e858) 
thrown [s\src\hotspot\share\interpreter\linkResolver.cpp, line 1372]
Event: 92.896 Thread 0x000002c9f4b07230 Exception <a 'java/lang/NullPointerException'{0x00000000d56028f0}> (0x00000000d56028f0) 
thrown [s\src\hotspot\share\interpreter\linkResolver.cpp, line 1372]
Event: 93.009 Thread 0x000002c9f4b07230 Exception <a 'java/lang/NullPointerException'{0x00000000d56c8188}> (0x00000000d56c8188) 
thrown [s\src\hotspot\share\interpreter\linkResolver.cpp, line 1372]

ZGC Phase Switch (0 events):
No events

VM Operations (20 events):
Event: 146.386 Executing safepoint VM operation: Cleanup
Event: 146.386 Executing safepoint VM operation: Cleanup done
Event: 176.986 Executing safepoint VM operation: ParallelGCFailedAllocation (Allocation Failure)
Event: 177.079 Executing safepoint VM operation: ParallelGCFailedAllocation (Allocation Failure) done
Event: 178.094 Executing safepoint VM operation: Cleanup
Event: 178.094 Executing safepoint VM operation: Cleanup done
Event: 232.588 Executing safepoint VM operation: Cleanup
Event: 232.595 Executing safepoint VM operation: Cleanup done
Event: 240.805 Executing safepoint VM operation: ParallelGCFailedAllocation (Allocation Failure)
Event: 241.252 Executing safepoint VM operation: ParallelGCFailedAllocation (Allocation Failure) done
Event: 271.482 Executing safepoint VM operation: Cleanup
Event: 271.482 Executing safepoint VM operation: Cleanup done
Event: 319.582 Executing safepoint VM operation: Cleanup
Event: 319.587 Executing safepoint VM operation: Cleanup done
Event: 325.641 Executing safepoint VM operation: Cleanup
Event: 325.656 Executing safepoint VM operation: Cleanup done
Event: 325.818 Executing safepoint VM operation: ParallelGCFailedAllocation (Allocation Failure)
Event: 326.003 Executing safepoint VM operation: ParallelGCFailedAllocation (Allocation Failure) done
Event: 326.354 Executing non-safepoint VM operation: HandshakeAllThreads (Deoptimize)
Event: 326.355 Executing non-safepoint VM operation: HandshakeAllThreads (Deoptimize) done

Memory protections (0 events):
No events

Nmethod flushes (20 events):
Event: 25.867 Thread 0x000002c996034970 flushing  nmethod 0x000002c999c33910
Event: 25.867 Thread 0x000002c996034970 flushing  nmethod 0x000002c999c33d90
Event: 25.867 Thread 0x000002c996034970 flushing  nmethod 0x000002c999c3d110
Event: 25.867 Thread 0x000002c996034970 flushing  nmethod 0x000002c999c3df10
Event: 25.867 Thread 0x000002c996034970 flushing  nmethod 0x000002c999c4a010
Event: 25.867 Thread 0x000002c996034970 flushing  nmethod 0x000002c999c4b610
Event: 25.867 Thread 0x000002c996034970 flushing  nmethod 0x000002c999c4e010
Event: 25.867 Thread 0x000002c996034970 flushing  nmethod 0x000002c999c53d10
Event: 25.867 Thread 0x000002c996034970 flushing  nmethod 0x000002c999c54510
Event: 25.867 Thread 0x000002c996034970 flushing  nmethod 0x000002c999c7a690
Event: 25.867 Thread 0x000002c996034970 flushing  nmethod 0x000002c999cd9910
Event: 25.867 Thread 0x000002c996034970 flushing  nmethod 0x000002c999ce4710
Event: 25.867 Thread 0x000002c996034970 flushing  nmethod 0x000002c999cfbb90
Event: 25.867 Thread 0x000002c996034970 flushing  nmethod 0x000002c999d2b490
Event: 25.867 Thread 0x000002c996034970 flushing  nmethod 0x000002c999d2bb90
Event: 25.867 Thread 0x000002c996034970 flushing  nmethod 0x000002c999d2c190
Event: 25.867 Thread 0x000002c996034970 flushing  nmethod 0x000002c999d2ca10
Event: 25.867 Thread 0x000002c996034970 flushing  nmethod 0x000002c999d30690
Event: 25.867 Thread 0x000002c996034970 flushing  nmethod 0x000002c999d37610
Event: 25.867 Thread 0x000002c996034970 flushing  nmethod 0x000002c999d37e10

Events (20 events):
Event: 76.906 Thread 0x000002c9f58a1d40 Thread exited: 0x000002c9f58a1d40
Event: 76.917 Thread 0x000002c9fa6b4010 Thread exited: 0x000002c9fa6b4010
Event: 79.124 Thread 0x000002c9eec0aec0 Thread added: 0x000002c9fa6b4010
Event: 84.294 Thread 0x000002c9fa6b4010 Thread exited: 0x000002c9fa6b4010
Event: 92.888 Thread 0x000002c9eec0aec0 Thread added: 0x000002c9fa6b4010
Event: 98.094 Thread 0x000002c9fa6b4010 Thread exited: 0x000002c9fa6b4010
Event: 111.733 Thread 0x000002c9f6f8fae0 Thread exited: 0x000002c9f6f8fae0
Event: 111.924 Thread 0x000002c9f5474e10 Thread exited: 0x000002c9f5474e10
Event: 122.086 Thread 0x000002c9f54754a0 Thread exited: 0x000002c9f54754a0
Event: 139.101 Thread 0x000002c9f4b01650 Thread exited: 0x000002c9f4b01650
Event: 139.222 Thread 0x000002c9f4b04ad0 Thread exited: 0x000002c9f4b04ad0
Event: 150.900 Thread 0x000002c9f4b078c0 Thread exited: 0x000002c9f4b078c0
Event: 152.928 Thread 0x000002c9f6f8d380 Thread exited: 0x000002c9f6f8d380
Event: 171.747 Thread 0x000002c9f6f90e90 Thread exited: 0x000002c9f6f90e90
Event: 182.345 Thread 0x000002c9f54761c0 Thread exited: 0x000002c9f54761c0
Event: 231.772 Thread 0x000002c9f6f8e0a0 Thread exited: 0x000002c9f6f8e0a0
Event: 242.193 Thread 0x000002c9f5478290 Thread exited: 0x000002c9f5478290
Event: 291.779 Thread 0x000002c9f47c8710 Thread exited: 0x000002c9f47c8710
Event: 302.212 Thread 0x000002c9f5478920 Thread exited: 0x000002c9f5478920
Event: 325.744 Thread 0x000002c9f4b07230 Thread added: 0x000002c9f4506d70


Dynamic libraries:
0x00007ff7bf950000 - 0x00007ff7bf95e000 	c:\Users\sujit kumar\.vscode\extensions\redhat.java-1.56.2026071508-win32-x64\jre\21.0.11-win32-x86_64\bin\java.exe
0x00007fffb5fc0000 - 0x00007fffb6226000 	C:\WINDOWS\SYSTEM32\ntdll.dll
0x00007fff84ad0000 - 0x00007fff84af1000 	C:\Program Files\Avast Software\Avast\aswhook.dll
0x00007fffb4500000 - 0x00007fffb45c9000 	C:\WINDOWS\System32\KERNEL32.DLL
0x00007fffb3250000 - 0x00007fffb364a000 	C:\WINDOWS\System32\KERNELBASE.dll
0x00007fffafd20000 - 0x00007fffafdc0000 	C:\WINDOWS\SYSTEM32\apphelp.dll
0x00007fffb3b30000 - 0x00007fffb3c7c000 	C:\WINDOWS\System32\ucrtbase.dll
0x00007fff95620000 - 0x00007fff95638000 	c:\Users\sujit kumar\.vscode\extensions\redhat.java-1.56.2026071508-win32-x64\jre\21.0.11-win32-x86_64\bin\jli.dll
0x00007fff89710000 - 0x00007fff8972e000 	c:\Users\sujit kumar\.vscode\extensions\redhat.java-1.56.2026071508-win32-x64\jre\21.0.11-win32-x86_64\bin\VCRUNTIME140.dll
0x00007fffb4ad0000 - 0x00007fffb4c97000 	C:\WINDOWS\System32\USER32.dll
0x00007fff95730000 - 0x00007fff959c2000 	C:\WINDOWS\WinSxS\amd64_microsoft.windows.common-controls_6595b64144ccf1df_6.0.26100.8521_none_3e08b75ce33403b3\COMCTL32.dll
0x00007fffb3b00000 - 0x00007fffb3b27000 	C:\WINDOWS\System32\win32u.dll
0x00007fffb4050000 - 0x00007fffb40f9000 	C:\WINDOWS\System32\msvcrt.dll
0x00007fffb4aa0000 - 0x00007fffb4acb000 	C:\WINDOWS\System32\GDI32.dll
0x00007fffb36e0000 - 0x00007fffb380b000 	C:\WINDOWS\System32\gdi32full.dll
0x00007fffb3c80000 - 0x00007fffb3d23000 	C:\WINDOWS\System32\msvcp_win.dll
0x00007fffb4100000 - 0x00007fffb4132000 	C:\WINDOWS\System32\IMM32.DLL
0x00007fff9db10000 - 0x00007fff9db1c000 	c:\Users\sujit kumar\.vscode\extensions\redhat.java-1.56.2026071508-win32-x64\jre\21.0.11-win32-x86_64\bin\vcruntime140_1.dll
0x00007ffee8010000 - 0x00007ffee809d000 	c:\Users\sujit kumar\.vscode\extensions\redhat.java-1.56.2026071508-win32-x64\jre\21.0.11-win32-x86_64\bin\msvcp140.dll
0x00007ffed8f80000 - 0x00007ffed9d22000 	c:\Users\sujit kumar\.vscode\extensions\redhat.java-1.56.2026071508-win32-x64\jre\21.0.11-win32-x86_64\bin\server\jvm.dll
0x00007fffb45d0000 - 0x00007fffb4686000 	C:\WINDOWS\System32\ADVAPI32.dll
0x00007fffb4150000 - 0x00007fffb41fa000 	C:\WINDOWS\System32\sechost.dll
0x00007fffb5da0000 - 0x00007fffb5eb8000 	C:\WINDOWS\System32\RPCRT4.dll
0x00007fffb5850000 - 0x00007fffb58d0000 	C:\WINDOWS\System32\WS2_32.dll
0x00007fffaa6a0000 - 0x00007fffaa6d6000 	C:\WINDOWS\SYSTEM32\WINMM.dll
0x00007fffac0c0000 - 0x00007fffac0cb000 	C:\WINDOWS\SYSTEM32\VERSION.dll
0x00007fffb30b0000 - 0x00007fffb310e000 	C:\WINDOWS\SYSTEM32\POWRPROF.dll
0x00007fffb3090000 - 0x00007fffb30a4000 	C:\WINDOWS\SYSTEM32\UMPDC.dll
0x00007fffb1fe0000 - 0x00007fffb1ffb000 	C:\WINDOWS\SYSTEM32\kernel.appcore.dll
0x00007fff8a3e0000 - 0x00007fff8a3ea000 	c:\Users\sujit kumar\.vscode\extensions\redhat.java-1.56.2026071508-win32-x64\jre\21.0.11-win32-x86_64\bin\jimage.dll
0x00007fffb0a50000 - 0x00007fffb0c92000 	C:\WINDOWS\SYSTEM32\DBGHELP.DLL
0x00007fffb4710000 - 0x00007fffb4a93000 	C:\WINDOWS\System32\combase.dll
0x00007fffb3e90000 - 0x00007fffb3f69000 	C:\WINDOWS\System32\OLEAUT32.dll
0x00007fffa5470000 - 0x00007fffa54ab000 	C:\WINDOWS\SYSTEM32\dbgcore.DLL
0x00007fffb3990000 - 0x00007fffb3a38000 	C:\WINDOWS\System32\bcryptPrimitives.dll
0x00007fff897e0000 - 0x00007fff897ef000 	c:\Users\sujit kumar\.vscode\extensions\redhat.java-1.56.2026071508-win32-x64\jre\21.0.11-win32-x86_64\bin\instrument.dll
0x00007fff7d190000 - 0x00007fff7d1b0000 	c:\Users\sujit kumar\.vscode\extensions\redhat.java-1.56.2026071508-win32-x64\jre\21.0.11-win32-x86_64\bin\java.dll
0x00007fff73970000 - 0x00007fff73988000 	c:\Users\sujit kumar\.vscode\extensions\redhat.java-1.56.2026071508-win32-x64\jre\21.0.11-win32-x86_64\bin\zip.dll
0x00007fffb50c0000 - 0x00007fffb5844000 	C:\WINDOWS\System32\SHELL32.dll
0x00007fffb0e50000 - 0x00007fffb16d0000 	C:\WINDOWS\SYSTEM32\windows.storage.dll
0x00007fffb4de0000 - 0x00007fffb4ed6000 	C:\WINDOWS\System32\SHCORE.dll
0x00007fffb3fd0000 - 0x00007fffb4037000 	C:\WINDOWS\System32\shlwapi.dll
0x00007fffb3170000 - 0x00007fffb3199000 	C:\WINDOWS\SYSTEM32\profapi.dll
0x00007fff896e0000 - 0x00007fff896f0000 	C:\Users\sujit kumar\.vscode\extensions\redhat.java-1.56.2026071508-win32-x64\jre\21.0.11-win32-x86_64\bin\net.dll
0x00007fffaa8c0000 - 0x00007fffaa9e9000 	C:\WINDOWS\SYSTEM32\WINHTTP.dll
0x00007fffb2550000 - 0x00007fffb25bc000 	C:\WINDOWS\system32\mswsock.dll
0x00007fff4f780000 - 0x00007fff4f796000 	C:\Users\sujit kumar\.vscode\extensions\redhat.java-1.56.2026071508-win32-x64\jre\21.0.11-win32-x86_64\bin\nio.dll
0x00007fff86480000 - 0x00007fff86490000 	c:\Users\sujit kumar\.vscode\extensions\redhat.java-1.56.2026071508-win32-x64\jre\21.0.11-win32-x86_64\bin\verify.dll
0x00007ffee8960000 - 0x00007ffee89a5000 	C:\Users\sujit kumar\AppData\Roaming\Code\User\globalStorage\redhat.java\1.56.2026071508\config_win\org.eclipse.equinox.launcher\org.eclipse.equinox.launcher.win32.win32.x86_64_1.3.100.v20260613-0559\eclipse_11924.dll
0x00007fffb4260000 - 0x00007fffb43f8000 	C:\WINDOWS\System32\ole32.dll
0x00007fffb2840000 - 0x00007fffb285b000 	C:\WINDOWS\SYSTEM32\CRYPTSP.dll
0x00007fffb1f40000 - 0x00007fffb1f79000 	C:\WINDOWS\system32\rsaenh.dll
0x00007fffb2600000 - 0x00007fffb2633000 	C:\WINDOWS\SYSTEM32\USERENV.dll
0x00007fffb3140000 - 0x00007fffb316a000 	C:\WINDOWS\SYSTEM32\bcrypt.dll
0x00007fffb2830000 - 0x00007fffb283c000 	C:\WINDOWS\SYSTEM32\CRYPTBASE.dll
0x00007fffb1a90000 - 0x00007fffb1ac3000 	C:\WINDOWS\SYSTEM32\IPHLPAPI.DLL
0x00007fffb4140000 - 0x00007fffb414a000 	C:\WINDOWS\System32\NSI.dll
0x00007ffee80c0000 - 0x00007ffee8109000 	C:\Users\sujit kumar\AppData\Local\Temp\jna--1123618105\jna17861241461130839014.dll
0x00007fffb4040000 - 0x00007fffb4048000 	C:\WINDOWS\System32\PSAPI.DLL
0x00007fffaa8a0000 - 0x00007fffaa8bd000 	C:\WINDOWS\SYSTEM32\dhcpcsvc6.DLL
0x00007fffaa670000 - 0x00007fffaa695000 	C:\WINDOWS\SYSTEM32\dhcpcsvc.DLL
0x00007fffa6650000 - 0x00007fffa665e000 	C:\Users\sujit kumar\.vscode\extensions\redhat.java-1.56.2026071508-win32-x64\jre\21.0.11-win32-x86_64\bin\sunmscapi.dll
0x00007fffb3810000 - 0x00007fffb3988000 	C:\WINDOWS\System32\CRYPT32.dll
0x00007fffb2a50000 - 0x00007fffb2a80000 	C:\WINDOWS\SYSTEM32\ncrypt.dll
0x00007fffb2a00000 - 0x00007fffb2a3f000 	C:\WINDOWS\SYSTEM32\NTASN1.dll
0x00007fffb1ad0000 - 0x00007fffb1c1a000 	C:\WINDOWS\SYSTEM32\DNSAPI.dll
0x00007fffb2370000 - 0x00007fffb237d000 	C:\WINDOWS\SYSTEM32\DSPARSE.dll
0x00007fffa6760000 - 0x00007fffa676b000 	C:\Windows\System32\rasadhlp.dll
0x00007fffa6780000 - 0x00007fffa6806000 	C:\WINDOWS\System32\fwpuclnt.dll
0x00007fff9db30000 - 0x00007fff9db39000 	C:\Users\sujit kumar\.vscode\extensions\redhat.java-1.56.2026071508-win32-x64\jre\21.0.11-win32-x86_64\bin\extnet.dll

JVMTI agents:
c:\Users\sujit kumar\.vscode\extensions\redhat.java-1.56.2026071508-win32-x64\lombok\lombok-1.18.39-4050.jar path:c:\Users\sujit kumar\.vscode\extensions\redhat.java-1.56.2026071508-win32-x64\jre\21.0.11-win32-x86_64\bin\instrument.dll, loaded, initialized, instrumentlib options:none

dbghelp: loaded successfully - version: 4.0.5 - missing functions: none
symbol engine: initialized successfully - sym options: 0x614 - pdb path: .;c:\Users\sujit kumar\.vscode\extensions\redhat.java-1.56.2026071508-win32-x64\jre\21.0.11-win32-x86_64\bin;C:\WINDOWS\SYSTEM32;C:\Program Files\Avast Software\Avast;C:\WINDOWS\WinSxS\amd64_microsoft.windows.common-controls_6595b64144ccf1df_6.0.26100.8521_none_3e08b75ce33403b3;c:\Users\sujit kumar\.vscode\extensions\redhat.java-1.56.2026071508-win32-x64\jre\21.0.11-win32-x86_64\bin\server;C:\Users\sujit kumar\AppData\Roaming\Code\User\globalStorage\redhat.java\1.56.2026071508\config_win\org.eclipse.equinox.launcher\org.eclipse.equinox.launcher.win32.win32.x86_64_1.3.100.v20260613-0559;C:\Users\sujit kumar\AppData\Local\Temp\jna--1123618105

VM Arguments:
jvm_args: --add-modules=ALL-SYSTEM --add-opens=java.base/java.util=ALL-UNNAMED --add-opens=java.base/java.lang=ALL-UNNAMED --add-opens=java.base/sun.nio.fs=ALL-UNNAMED -Declipse.application=org.eclipse.jdt.ls.core.id1 -Dosgi.bundles.defaultStartLevel=4 -Declipse.product=org.eclipse.jdt.ls.core.product -Djava.import.generatesMetadataFilesAtProjectRoot=false -DDetectVMInstallationsJob.disabled=true -Dfile.encoding=utf8 -XX:+UseParallelGC -XX:GCTimeRatio=4 -XX:AdaptiveSizePolicyWeight=90 -Dsun.zip.disableMemoryMapping=true -Xmx2G -Xms100m -Xlog:disable -javaagent:c:\Users\sujit kumar\.vscode\extensions\redhat.java-1.56.2026071508-win32-x64\lombok\lombok-1.18.39-4050.jar -XX:+HeapDumpOnOutOfMemoryError -XX:HeapDumpPath=c:\Users\sujit kumar\AppData\Roaming\Code\User\workspaceStorage\909e001eae301016b7e0bf0a875534cd\redhat.java -Daether.dependencyCollector.impl=bf -XX:+UnlockDiagnosticVMOptions -XX:+AllowArchivingWithJavaAgent -XX:+AutoCreateSharedArchive -XX:SharedArchiveFile=c:\Users\sujit kumar\AppData\Roaming\Code\User\globalStorage\redhat.java\1.56.2026071508\jdtls.jsa 
java_command: c:\Users\sujit kumar\.vscode\extensions\redhat.java-1.56.2026071508-win32-x64\server\plugins\org.eclipse.equinox.launcher_1.7.200.v20260619-2039.jar -configuration c:\Users\sujit kumar\AppData\Roaming\Code\User\globalStorage\redhat.java\1.56.2026071508\config_win -data c:\Users\sujit kumar\AppData\Roaming\Code\User\workspaceStorage\909e001eae301016b7e0bf0a875534cd\redhat.java\jdt_ws --pipe=\\.\pipe\lsp-114eb65f4631c6e92911b1651aa4ac00-sock
java_class_path (initial): c:\Users\sujit kumar\.vscode\extensions\redhat.java-1.56.2026071508-win32-x64\server\plugins\org.eclipse.equinox.launcher_1.7.200.v20260619-2039.jar
Launcher Type: SUN_STANDARD

[Global flags]
    uintx AdaptiveSizePolicyWeight                 = 90                                        {product} {command line}
     bool AllowArchivingWithJavaAgent              = true                             {JVMCI diagnostic} {command line}
     bool AutoCreateSharedArchive                  = true                                {JVMCI product} {command line}
     intx CICompilerCount                          = 4                                         {product} {ergonomic}
    uintx GCTimeRatio                              = 4                                         {product} {command line}
     bool HeapDumpOnOutOfMemoryError               = true                                   {manageable} {command line}
    ccstr HeapDumpPath                             = c:\Users\sujit kumar\AppData\Roaming\Code\User\workspaceStorage\909e001eae301016b7e0bf0a875534cd\redhat.java         {manageable} {command line}
   size_t InitialHeapSize                          = 104857600                                 {product} {command line}
   size_t MaxHeapSize                              = 2147483648                                {product} {command line}
   size_t MaxNewSize                               = 715653120                                 {product} {ergonomic}
   size_t MinHeapDeltaBytes                        = 524288                                    {product} {ergonomic}
   size_t MinHeapSize                              = 104857600                                 {product} {command line}
   size_t NewSize                                  = 34603008                                  {product} {ergonomic}
    uintx NonNMethodCodeHeapSize                   = 5839372                                {pd product} {ergonomic}
    uintx NonProfiledCodeHeapSize                  = 122909434                              {pd product} {ergonomic}
   size_t OldSize                                  = 70254592                                  {product} {ergonomic}
    uintx ProfiledCodeHeapSize                     = 122909434                              {pd product} {ergonomic}
    uintx ReservedCodeCacheSize                    = 251658240                              {pd product} {ergonomic}
     bool SegmentedCodeCache                       = true                                      {product} {ergonomic}
    ccstr SharedArchiveFile                        =                                     {JVMCI product} {command line}
   size_t SoftMaxHeapSize                          = 2147483648                             {manageable} {ergonomic}
     bool UnlockDiagnosticVMOptions                = true                                   {diagnostic} {command line}
     bool UseCompressedOops                        = true                           {product lp64_product} {ergonomic}
     bool UseLargePagesIndividualAllocation        = false                                  {pd product} {ergonomic}
     bool UseParallelGC                            = true                                      {product} {command line}

Logging:
Log output configuration:
 #0: stdout all=off uptime,level,tags foldmultilines=false
 #1: stderr all=off uptime,level,tags foldmultilines=false

Release file:
JAVA_VERSION="21.0.11" 
MODULES="java.base java.compiler java.datatransfer java.xml java.prefs java.desktop java.instrument java.logging java.management java.security.sasl java.naming java.rmi java.management.rmi java.net.http java.scripting java.security.jgss java.transaction.xa java.sql java.sql.rowset java.xml.crypto java.se java.smartcardio jdk.accessibility jdk.internal.jvmstat jdk.attach jdk.charsets jdk.internal.opt jdk.zipfs jdk.compiler jdk.crypto.ec jdk.crypto.cryptoki jdk.crypto.mscapi jdk.dynalink jdk.internal.ed jdk.editpad jdk.hotspot.agent jdk.httpserver jdk.internal.le jdk.internal.vm.ci jdk.internal.vm.compiler jdk.internal.vm.compiler.management jdk.jartool jdk.javadoc jdk.jcmd jdk.management jdk.management.agent jdk.jconsole jdk.jdeps jdk.jdwp.agent jdk.jdi jdk.jfr jdk.jshell jdk.jsobject jdk.jstatd jdk.localedata jdk.management.jfr jdk.naming.dns jdk.naming.rmi jdk.net jdk.nio.mapmode jdk.random jdk.sctp jdk.security.auth jdk.security.jgss jdk.unsupported jdk.unsupported.desktop jdk.xml.dom" 

Environment Variables:
PATH=C:\Program Files\Common Files\Oracle\Java\javapath;C:\WINDOWS\system32;C:\WINDOWS;C:\WINDOWS\System32\Wbem;C:\WINDOWS\System32\WindowsPowerShell\v1.0\;C:\WINDOWS\System32\OpenSSH\;C:\php-8.4.5;C:\Program Files\Git\cmd;C:\Program Files\Java\jdk-21\bin;C:\Program Files\nodejs\;C:\Program Files\MongoDB\Server\8.2\bin;C:\Users\sujit kumar\AppData\Local\Programs\Python\Python312\Scripts\;C:\Users\sujit kumar\AppData\Local\Programs\Python\Python312\;C:\Users\sujit kumar\AppData\Local\Microsoft\WindowsApps;C:\Users\sujit kumar\AppData\Local\Programs\Microsoft VS Code\bin;C:\php-8.4.5;C:\Program Files\Git\bin;C:\Users\sujit kumar\AppData\Roaming\npm;C:\Users\sujit kumar\AppData\Local\Programs\cursor\resources\app\bin;C:\Users\sujit kumar\AppData\Local\Programs\Windsurf\bin;C:\mongosh\
USERNAME=sujit kumar
OS=Windows_NT
PROCESSOR_IDENTIFIER=AMD64 Family 23 Model 104 Stepping 1, AuthenticAMD
TMP=C:\Users\SUJITK~1\AppData\Local\Temp
TEMP=C:\Users\SUJITK~1\AppData\Local\Temp




Periodic native trim disabled

---------------  S Y S T E M  ---------------

OS:
 Windows 11 , 64 bit Build 26100 (10.0.26100.8521)
OS uptime: 1 days 0:50 hours

CPU: total 12 (initial active 12) (12 cores per cpu, 2 threads per core) family 23 model 104 stepping 1 microcode 0x8608109, cx8, cmov, fxsr, ht, mmx, 3dnowpref, sse, sse2, sse3, ssse3, sse4a, sse4.1, sse4.2, popcnt, lzcnt, tsc, tscinvbit, avx, avx2, aes, clmul, bmi1, bmi2, adx, sha, fma, vzeroupper, clflush, clflushopt, rdtscp, rdpid, f16c
Processor Information for the first 12 processors :
  Max Mhz: 2100, Current Mhz: 2100, Mhz Limit: 2100

Memory: 4k page, system-wide physical 5989M (447M free)
TotalPageFile size 24421M (AvailPageFile size 0M)
current process WorkingSet (physical memory assigned to process): 135M, peak: 463M
current process commit charge ("private bytes"): 996M, peak: 1018M

vm_info: OpenJDK 64-Bit Server VM (21.0.11+10-LTS) for windows-amd64 JRE (21.0.11+10-LTS), built on 2026-04-21T00:00:00Z by "admin" with MS VC++ 17.12 (VS2022)

END.
