#
# There is insufficient memory for the Java Runtime Environment to continue.
# Native memory allocation (malloc) failed to allocate 1391696 bytes. Error detail: Chunk::new
# Possible reasons:
#   The system is out of physical RAM or swap space
#   This process is running with CompressedOops enabled, and the Java Heap may be blocking the growth of the native heap
# Possible solutions:
#   Reduce memory load on the system
#   Increase physical memory or swap space
#   Check if swap backing store is full
#   Decrease Java heap size (-Xmx/-Xms)
#   Decrease number of Java threads
#   Decrease Java thread stack sizes (-Xss)
#   Set larger code cache with -XX:ReservedCodeCacheSize=
#   JVM is running with Unscaled Compressed Oops mode in which the Java heap is
#     placed in the first 4GB address space. The Java Heap base address is the
#     maximum limit for the native heap growth. Please use -XX:HeapBaseMinAddress
#     to set the Java Heap base and to place the Java Heap above 4GB virtual address.
# This output file may be truncated or incomplete.
#
#  Out of Memory Error (arena.cpp:168), pid=26400, tid=3000
#
# JRE version: OpenJDK Runtime Environment Temurin-21.0.11+10 (21.0.11+10) (build 21.0.11+10-LTS)
# Java VM: OpenJDK 64-Bit Server VM Temurin-21.0.11+10 (21.0.11+10-LTS, mixed mode, sharing, tiered, compressed oops, compressed class ptrs, parallel gc, windows-amd64)
# No core dump will be written. Minidumps are not enabled by default on client versions of Windows
#

---------------  S U M M A R Y ------------

Command Line: --add-modules=ALL-SYSTEM --add-opens=java.base/java.util=ALL-UNNAMED --add-opens=java.base/java.lang=ALL-UNNAMED --add-opens=java.base/sun.nio.fs=ALL-UNNAMED -Declipse.application=org.eclipse.jdt.ls.core.id1 -Dosgi.bundles.defaultStartLevel=4 -Declipse.product=org.eclipse.jdt.ls.core.product -Djava.import.generatesMetadataFilesAtProjectRoot=false -DDetectVMInstallationsJob.disabled=true -Dfile.encoding=utf8 -XX:+UseParallelGC -XX:GCTimeRatio=4 -XX:AdaptiveSizePolicyWeight=90 -Dsun.zip.disableMemoryMapping=true -Xmx2G -Xms100m -Xlog:disable -javaagent:c:\Users\sujit kumar\.windsurf\extensions\redhat.java-1.55.0-win32-x64\lombok\lombok-1.18.39-4050.jar -XX:+HeapDumpOnOutOfMemoryError -XX:HeapDumpPath=c:\Users\sujit kumar\AppData\Roaming\Windsurf\User\workspaceStorage\909e001eae301016b7e0bf0a875534cd\redhat.java -Daether.dependencyCollector.impl=bf c:\Users\sujit kumar\.windsurf\extensions\redhat.java-1.55.0-win32-x64\server\plugins\org.eclipse.equinox.launcher_1.7.200.v20260619-2039.jar -configuration c:\Users\sujit kumar\AppData\Roaming\Windsurf\User\globalStorage\redhat.java\1.55.0\config_win -data c:\Users\sujit kumar\AppData\Roaming\Windsurf\User\workspaceStorage\909e001eae301016b7e0bf0a875534cd\redhat.java\jdt_ws --pipe=\\.\pipe\lsp-40555245f4290002c8b4d00945c53adb-sock

Host: AMD Ryzen 5 5500U with Radeon Graphics         , 12 cores, 5G,  Windows 11 , 64 bit Build 26100 (10.0.26100.8521)
Time: Wed Jul 15 11:05:28 2026 India Standard Time elapsed time: 2928.965993 seconds (0d 0h 48m 48s)

---------------  T H R E A D  ---------------

Current thread (0x000001a6fe046fe0):  JavaThread "C2 CompilerThread2" daemon [_thread_in_native, id=3000, stack(0x0000004890200000,0x0000004890300000) (1024K)]


Current CompileTask:
C2:2928966 24884       4       org.eclipse.jdt.internal.compiler.lookup.InferenceContext18::collectDependencies (796 bytes)

Stack: [0x0000004890200000,0x0000004890300000]
Native frames: (J=compiled Java code, j=interpreted, Vv=VM code, C=native code)
V  [jvm.dll+0x6d7e19]
V  [jvm.dll+0x8b5096]
V  [jvm.dll+0x8b764e]
V  [jvm.dll+0x8b7d33]
V  [jvm.dll+0x284596]
V  [jvm.dll+0xc685d]
V  [jvm.dll+0xc6da1]
V  [jvm.dll+0x3bed31]
V  [jvm.dll+0x38b2b2]
V  [jvm.dll+0x38a6fa]
V  [jvm.dll+0x24c700]
V  [jvm.dll+0x24bce0]
V  [jvm.dll+0x1cb4ae]
V  [jvm.dll+0x25baad]
V  [jvm.dll+0x25a03a]
V  [jvm.dll+0x3f868e]
V  [jvm.dll+0x85fb0d]
V  [jvm.dll+0x6d664d]
C  [ucrtbase.dll+0x2cd30]
C  [KERNEL32.DLL+0x2e957]
C  [ntdll.dll+0x87c1c]


---------------  P R O C E S S  ---------------

Threads class SMR info:
_java_thread_list=0x000001a6f92bd190, length=97, elements={
0x000001a698214d10, 0x000001a6b0f1ef90, 0x000001a6b0f24100, 0x000001a6b0f28f40,
0x000001a6b0f2afd0, 0x000001a6b0f2e0d0, 0x000001a6f3469040, 0x000001a6f3470360,
0x000001a6f3472be0, 0x000001a6f3697860, 0x000001a6f3695e20, 0x000001a6f3695790,
0x000001a6f92db460, 0x000001a6f92d9a20, 0x000001a6f92dc180, 0x000001a6f92dbaf0,
0x000001a6f92da740, 0x000001a6f92def70, 0x000001a6f92df600, 0x000001a6f92e1040,
0x000001a6fb92e490, 0x000001a6fb92f1b0, 0x000001a6fb92fed0, 0x000001a6fb930560,
0x000001a6fb92f840, 0x000001a6fb931280, 0x000001a6fb92de00, 0x000001a6fb931fa0,
0x000001a6fb931910, 0x000001a6fb92eb20, 0x000001a6fb935420, 0x000001a6fb932630,
0x000001a6fb932cc0, 0x000001a6fb934d90, 0x000001a6fb933350, 0x000001a6fb934070,
0x000001a6fbe22dd0, 0x000001a6fbe23af0, 0x000001a6fbe23460, 0x000001a6fbe25bc0,
0x000001a6fbe22740, 0x000001a6fbe27c90, 0x000001a6fbc820e0, 0x000001a6fbc83b20,
0x000001a6fd1c64f0, 0x000001a6fd1c5140, 0x000001a6f92dfc90, 0x000001a6f92dd530,
0x000001a6fbc84840, 0x000001a6fbc85bf0, 0x000001a6fd1bf560, 0x000001a6fd1c3700,
0x000001a6fd1c3070, 0x000001a6fd1c2350, 0x000001a6fd1c5e60, 0x000001a6f92dc810,
0x000001a6f92e09b0, 0x000001a6fbc7f980, 0x000001a6fbc82e00, 0x000001a6fbc841b0,
0x000001a6fbc813c0, 0x000001a6fbc84ed0, 0x000001a6fbc82770, 0x000001a6fbc81a50,
0x000001a6fbc86280, 0x000001a6fbc85560, 0x000001a6fbe25530, 0x000001a6fbe268e0,
0x000001a6fbe24810, 0x000001a6fbe24ea0, 0x000001a6fbe28320, 0x000001a6fd1c0fa0,
0x000001a6fd1bfbf0, 0x000001a6fd1c4420, 0x000001a6fd1c1630, 0x000001a6fd1c57d0,
0x000001a6fd1c6b80, 0x000001a6f36964b0, 0x000001a6f3695100, 0x000001a6f3696b40,
0x000001a6f36943e0, 0x000001a6f36971d0, 0x000001a6f92dcea0, 0x000001a6f92ddbc0,
0x000001a6f92de250, 0x000001a6f92dadd0, 0x000001a6f92e0320, 0x000001a6fb930bf0,
0x000001a6fb9339e0, 0x000001a6fc7fe2a0, 0x000001a6fc7fdc10, 0x000001a6fc7ff650,
0x000001a6fc7fcef0, 0x000001a6fc7fe930, 0x000001a6fc7fefc0, 0x000001a6fe048b20,
0x000001a6fe046fe0
}

Java Threads: ( => current thread )
  0x000001a698214d10 JavaThread "main"                              [_thread_blocked, id=30508, stack(0x000000488a700000,0x000000488a800000) (1024K)]
  0x000001a6b0f1ef90 JavaThread "Reference Handler"          daemon [_thread_blocked, id=28340, stack(0x000000488ab00000,0x000000488ac00000) (1024K)]
  0x000001a6b0f24100 JavaThread "Finalizer"                  daemon [_thread_blocked, id=22776, stack(0x000000488ac00000,0x000000488ad00000) (1024K)]
  0x000001a6b0f28f40 JavaThread "Signal Dispatcher"          daemon [_thread_blocked, id=16380, stack(0x000000488ad00000,0x000000488ae00000) (1024K)]
  0x000001a6b0f2afd0 JavaThread "Attach Listener"            daemon [_thread_blocked, id=228, stack(0x000000488ae00000,0x000000488af00000) (1024K)]
  0x000001a6b0f2e0d0 JavaThread "Service Thread"             daemon [_thread_blocked, id=14176, stack(0x000000488af00000,0x000000488b000000) (1024K)]
  0x000001a6f3469040 JavaThread "Monitor Deflation Thread"   daemon [_thread_blocked, id=19888, stack(0x000000488b000000,0x000000488b100000) (1024K)]
  0x000001a6f3470360 JavaThread "C2 CompilerThread0"         daemon [_thread_in_vm, id=2312, stack(0x000000488b100000,0x000000488b200000) (1024K)]
  0x000001a6f3472be0 JavaThread "C1 CompilerThread0"         daemon [_thread_in_vm, id=9208, stack(0x000000488b200000,0x000000488b300000) (1024K)]
  0x000001a6f3697860 JavaThread "Common-Cleaner"             daemon [_thread_blocked, id=29520, stack(0x000000488b400000,0x000000488b500000) (1024K)]
  0x000001a6f3695e20 JavaThread "Notification Thread"        daemon [_thread_blocked, id=15240, stack(0x000000488b500000,0x000000488b600000) (1024K)]
  0x000001a6f3695790 JavaThread "Active Thread: Equinox Container: 0ab94da1-b4e9-4d81-99c8-f692addd1f4f"        [_thread_blocked, id=6224, stack(0x000000488c200000,0x000000488c300000) (1024K)]
  0x000001a6f92db460 JavaThread "Framework Event Dispatcher: Equinox Container: 0ab94da1-b4e9-4d81-99c8-f692addd1f4f" daemon [_thread_blocked, id=11188, stack(0x000000488b300000,0x000000488b400000) (1024K)]
  0x000001a6f92d9a20 JavaThread "Start Level: Equinox Container: 0ab94da1-b4e9-4d81-99c8-f692addd1f4f" daemon [_thread_blocked, id=27052, stack(0x000000488c400000,0x000000488c500000) (1024K)]
  0x000001a6f92dc180 JavaThread "Bundle File Closer"         daemon [_thread_blocked, id=14420, stack(0x000000488c600000,0x000000488c700000) (1024K)]
  0x000001a6f92dbaf0 JavaThread "Refresh Thread: Equinox Container: 0ab94da1-b4e9-4d81-99c8-f692addd1f4f" daemon [_thread_blocked, id=18836, stack(0x000000488c700000,0x000000488c800000) (1024K)]
  0x000001a6f92da740 JavaThread "SCR Component Actor"        daemon [_thread_blocked, id=6748, stack(0x000000488c500000,0x000000488c600000) (1024K)]
  0x000001a6f92def70 JavaThread "Worker-JM"                         [_thread_blocked, id=9696, stack(0x000000488d200000,0x000000488d300000) (1024K)]
  0x000001a6f92df600 JavaThread "Java indexing"              daemon [_thread_in_Java, id=12744, stack(0x000000488d500000,0x000000488d600000) (1024K)]
  0x000001a6f92e1040 JavaThread "JNA Cleaner"                daemon [_thread_blocked, id=6736, stack(0x000000488d800000,0x000000488d900000) (1024K)]
  0x000001a6fb92e490 JavaThread "Thread-1"                   daemon [_thread_in_native, id=11080, stack(0x000000488dd00000,0x000000488de00000) (1024K)]
  0x000001a6fb92f1b0 JavaThread "Thread-2"                   daemon [_thread_in_native, id=21060, stack(0x000000488de00000,0x000000488df00000) (1024K)]
  0x000001a6fb92fed0 JavaThread "Thread-3"                   daemon [_thread_in_native, id=28124, stack(0x000000488df00000,0x000000488e000000) (1024K)]
  0x000001a6fb930560 JavaThread "Thread-4"                   daemon [_thread_in_native, id=27368, stack(0x000000488e000000,0x000000488e100000) (1024K)]
  0x000001a6fb92f840 JavaThread "Thread-5"                   daemon [_thread_in_native, id=3424, stack(0x000000488e100000,0x000000488e200000) (1024K)]
  0x000001a6fb931280 JavaThread "Thread-6"                   daemon [_thread_in_native, id=29736, stack(0x000000488e200000,0x000000488e300000) (1024K)]
  0x000001a6fb92de00 JavaThread "Thread-7"                   daemon [_thread_in_native, id=9948, stack(0x000000488e300000,0x000000488e400000) (1024K)]
  0x000001a6fb931fa0 JavaThread "Thread-8"                   daemon [_thread_in_native, id=25048, stack(0x000000488e400000,0x000000488e500000) (1024K)]
  0x000001a6fb931910 JavaThread "Thread-9"                   daemon [_thread_in_native, id=24692, stack(0x000000488e500000,0x000000488e600000) (1024K)]
  0x000001a6fb92eb20 JavaThread "Thread-10"                  daemon [_thread_in_native, id=21712, stack(0x000000488e600000,0x000000488e700000) (1024K)]
  0x000001a6fb935420 JavaThread "Thread-11"                  daemon [_thread_in_native, id=30676, stack(0x000000488e700000,0x000000488e800000) (1024K)]
  0x000001a6fb932630 JavaThread "Thread-12"                  daemon [_thread_in_native, id=10360, stack(0x000000488e800000,0x000000488e900000) (1024K)]
  0x000001a6fb932cc0 JavaThread "Thread-13"                  daemon [_thread_in_native, id=10136, stack(0x000000488e900000,0x000000488ea00000) (1024K)]
  0x000001a6fb934d90 JavaThread "pool-2-thread-1"                   [_thread_blocked, id=29976, stack(0x000000488ea00000,0x000000488eb00000) (1024K)]
  0x000001a6fb933350 JavaThread "WorkspaceEventsHandler"            [_thread_blocked, id=29424, stack(0x000000488eb00000,0x000000488ec00000) (1024K)]
  0x000001a6fb934070 JavaThread "pool-1-thread-1"                   [_thread_blocked, id=26848, stack(0x000000488ec00000,0x000000488ed00000) (1024K)]
  0x000001a6fbe22dd0 JavaThread "PatternSearchJob-worker-2"  daemon [_thread_blocked, id=28448, stack(0x000000488a600000,0x000000488a700000) (1024K)]
  0x000001a6fbe23af0 JavaThread "PatternSearchJob-worker-3"  daemon [_thread_blocked, id=28432, stack(0x000000488bc00000,0x000000488bd00000) (1024K)]
  0x000001a6fbe23460 JavaThread "PatternSearchJob-worker-4"  daemon [_thread_blocked, id=7172, stack(0x0000004890500000,0x0000004890600000) (1024K)]
  0x000001a6fbe25bc0 JavaThread "PatternSearchJob-worker-5"  daemon [_thread_blocked, id=2636, stack(0x0000004890800000,0x0000004890900000) (1024K)]
  0x000001a6fbe22740 JavaThread "PatternSearchJob-worker-7"  daemon [_thread_blocked, id=4684, stack(0x0000004890a00000,0x0000004890b00000) (1024K)]
  0x000001a6fbe27c90 JavaThread "PatternSearchJob-worker-10" daemon [_thread_blocked, id=13296, stack(0x0000004890d00000,0x0000004890e00000) (1024K)]
  0x000001a6fbc820e0 JavaThread "Cleaner-0"                  daemon [_thread_blocked, id=23020, stack(0x000000488d900000,0x000000488da00000) (1024K)]
  0x000001a6fbc83b20 JavaThread "PatternSearchJob-worker-12" daemon [_thread_blocked, id=27344, stack(0x000000488dc00000,0x000000488dd00000) (1024K)]
  0x000001a6fd1c64f0 JavaThread "PatternSearchJob-worker-16" daemon [_thread_blocked, id=14224, stack(0x000000488ee00000,0x000000488ef00000) (1024K)]
  0x000001a6fd1c5140 JavaThread "PatternSearchJob-worker-13" daemon [_thread_blocked, id=27072, stack(0x000000488f000000,0x000000488f100000) (1024K)]
  0x000001a6f92dfc90 JavaThread "Compiler Source File Reader" daemon [_thread_blocked, id=22932, stack(0x000000488be00000,0x000000488bf00000) (1024K)]
  0x000001a6f92dd530 JavaThread "Compiler Source File Reader" daemon [_thread_blocked, id=11988, stack(0x000000488cd00000,0x000000488ce00000) (1024K)]
  0x000001a6fbc84840 JavaThread "Compiler Source File Reader" daemon [_thread_blocked, id=18816, stack(0x000000488c900000,0x000000488ca00000) (1024K)]
  0x000001a6fbc85bf0 JavaThread "LocalFile Deleter"          daemon [_thread_blocked, id=11144, stack(0x000000488d600000,0x000000488d700000) (1024K)]
  0x000001a6fd1bf560 JavaThread "LocalFile Deleter"          daemon [_thread_blocked, id=11484, stack(0x000000488f200000,0x000000488f300000) (1024K)]
  0x000001a6fd1c3700 JavaThread "LocalFile Deleter"          daemon [_thread_blocked, id=26772, stack(0x000000488f300000,0x000000488f400000) (1024K)]
  0x000001a6fd1c3070 JavaThread "LocalFile Deleter"          daemon [_thread_blocked, id=23868, stack(0x000000488f400000,0x000000488f500000) (1024K)]
  0x000001a6fd1c2350 JavaThread "LocalFile Deleter"          daemon [_thread_blocked, id=23920, stack(0x000000488f600000,0x000000488f700000) (1024K)]
  0x000001a6fd1c5e60 JavaThread "LocalFile Deleter"          daemon [_thread_blocked, id=7040, stack(0x000000488f800000,0x000000488f900000) (1024K)]
  0x000001a6f92dc810 JavaThread "Worker-20"                         [_thread_blocked, id=24696, stack(0x000000488c100000,0x000000488c200000) (1024K)]
  0x000001a6f92e09b0 JavaThread "Worker-21: Building"               [_thread_blocked, id=22504, stack(0x000000488c000000,0x000000488c100000) (1024K)]
  0x000001a6fbc7f980 JavaThread "Worker-22: Java indexing... "        [_thread_blocked, id=3032, stack(0x000000488a400000,0x000000488a500000) (1024K)]
  0x000001a6fbc82e00 JavaThread "LocalFile Deleter"          daemon [_thread_blocked, id=1084, stack(0x000000488bd00000,0x000000488be00000) (1024K)]
  0x000001a6fbc841b0 JavaThread "LocalFile Deleter"          daemon [_thread_blocked, id=22868, stack(0x000000488bf00000,0x000000488c000000) (1024K)]
  0x000001a6fbc813c0 JavaThread "LocalFile Deleter"          daemon [_thread_blocked, id=27196, stack(0x000000488c800000,0x000000488c900000) (1024K)]
  0x000001a6fbc84ed0 JavaThread "LocalFile Deleter"          daemon [_thread_blocked, id=22956, stack(0x000000488ca00000,0x000000488cb00000) (1024K)]
  0x000001a6fbc82770 JavaThread "LocalFile Deleter"          daemon [_thread_blocked, id=5200, stack(0x000000488cb00000,0x000000488cc00000) (1024K)]
  0x000001a6fbc81a50 JavaThread "LocalFile Deleter"          daemon [_thread_blocked, id=10728, stack(0x000000488cc00000,0x000000488cd00000) (1024K)]
  0x000001a6fbc86280 JavaThread "Compiler Source File Reader" daemon [_thread_blocked, id=28460, stack(0x000000488d000000,0x000000488d100000) (1024K)]
  0x000001a6fbc85560 JavaThread "Compiler Source File Reader" daemon [_thread_blocked, id=22320, stack(0x000000488d100000,0x000000488d200000) (1024K)]
  0x000001a6fbe25530 JavaThread "Compiler Source File Reader" daemon [_thread_blocked, id=25904, stack(0x000000488d300000,0x000000488d400000) (1024K)]
  0x000001a6fbe268e0 JavaThread "Compiler Source File Reader" daemon [_thread_blocked, id=4436, stack(0x000000488d400000,0x000000488d500000) (1024K)]
  0x000001a6fbe24810 JavaThread "Compiler Source File Reader" daemon [_thread_blocked, id=29988, stack(0x000000488d700000,0x000000488d800000) (1024K)]
  0x000001a6fbe24ea0 JavaThread "Compiler Source File Reader" daemon [_thread_blocked, id=22616, stack(0x000000488da00000,0x000000488db00000) (1024K)]
  0x000001a6fbe28320 JavaThread "Compiler Source File Reader" daemon [_thread_blocked, id=24032, stack(0x000000488db00000,0x000000488dc00000) (1024K)]
  0x000001a6fd1c0fa0 JavaThread "Compiler Processing Task"   daemon [_thread_blocked, id=28576, stack(0x000000488ed00000,0x000000488ee00000) (1024K)]
  0x000001a6fd1bfbf0 JavaThread "Worker-23"                         [_thread_blocked, id=14768, stack(0x000000488ef00000,0x000000488f000000) (1024K)]
  0x000001a6fd1c4420 JavaThread "Worker-24"                         [_thread_blocked, id=23176, stack(0x000000488f100000,0x000000488f200000) (1024K)]
  0x000001a6fd1c1630 JavaThread "ForkJoinPool.commonPool-worker-27" daemon [_thread_blocked, id=15192, stack(0x000000488f500000,0x000000488f600000) (1024K)]
  0x000001a6fd1c57d0 JavaThread "ForkJoinPool.commonPool-worker-28" daemon [_thread_blocked, id=24024, stack(0x000000488f700000,0x000000488f800000) (1024K)]
  0x000001a6fd1c6b80 JavaThread "ForkJoinPool.commonPool-worker-29" daemon [_thread_blocked, id=21536, stack(0x000000488f900000,0x000000488fa00000) (1024K)]
  0x000001a6f36964b0 JavaThread "Compiler Class File Writer" daemon [_thread_blocked, id=23324, stack(0x000000488fa00000,0x000000488fb00000) (1024K)]
  0x000001a6f3695100 JavaThread "ForkJoinPool.commonPool-worker-30" daemon [_thread_blocked, id=3140, stack(0x000000488fc00000,0x000000488fd00000) (1024K)]
  0x000001a6f3696b40 JavaThread "ForkJoinPool.commonPool-worker-31" daemon [_thread_blocked, id=21812, stack(0x000000488fd00000,0x000000488fe00000) (1024K)]
  0x000001a6f36943e0 JavaThread "ForkJoinPool.commonPool-worker-32" daemon [_thread_blocked, id=25876, stack(0x000000488fe00000,0x000000488ff00000) (1024K)]
  0x000001a6f36971d0 JavaThread "ForkJoinPool.commonPool-worker-33" daemon [_thread_blocked, id=6916, stack(0x000000488ff00000,0x0000004890000000) (1024K)]
  0x000001a6f92dcea0 JavaThread "ForkJoinPool.commonPool-worker-34" daemon [_thread_blocked, id=12076, stack(0x0000004890000000,0x0000004890100000) (1024K)]
  0x000001a6f92ddbc0 JavaThread "ForkJoinPool.commonPool-worker-35" daemon [_thread_blocked, id=17568, stack(0x0000004890100000,0x0000004890200000) (1024K)]
  0x000001a6f92de250 JavaThread "ForkJoinPool.commonPool-worker-36" daemon [_thread_blocked, id=25228, stack(0x0000004890300000,0x0000004890400000) (1024K)]
  0x000001a6f92dadd0 JavaThread "ForkJoinPool.commonPool-worker-37" daemon [_thread_blocked, id=14812, stack(0x0000004890400000,0x0000004890500000) (1024K)]
  0x000001a6f92e0320 JavaThread "Compiler Class File Writer" daemon [_thread_blocked, id=26784, stack(0x0000004890600000,0x0000004890700000) (1024K)]
  0x000001a6fb930bf0 JavaThread "Compiler Class File Writer" daemon [_thread_blocked, id=28404, stack(0x0000004890700000,0x0000004890800000) (1024K)]
  0x000001a6fb9339e0 JavaThread "Compiler Class File Writer" daemon [_thread_blocked, id=22732, stack(0x0000004890900000,0x0000004890a00000) (1024K)]
  0x000001a6fc7fe2a0 JavaThread "Compiler Class File Writer" daemon [_thread_blocked, id=7008, stack(0x0000004890b00000,0x0000004890c00000) (1024K)]
  0x000001a6fc7fdc10 JavaThread "Compiler Class File Writer" daemon [_thread_blocked, id=27556, stack(0x0000004890c00000,0x0000004890d00000) (1024K)]
  0x000001a6fc7ff650 JavaThread "Compiler Class File Writer" daemon [_thread_blocked, id=26676, stack(0x0000004890e00000,0x0000004890f00000) (1024K)]
  0x000001a6fc7fcef0 JavaThread "Compiler Class File Writer" daemon [_thread_blocked, id=2808, stack(0x0000004890f00000,0x0000004891000000) (1024K)]
  0x000001a6fc7fe930 JavaThread "Compiler Class File Writer" daemon [_thread_blocked, id=13472, stack(0x0000004891000000,0x0000004891100000) (1024K)]
  0x000001a6fc7fefc0 JavaThread "Compiler Class File Writer" daemon [_thread_blocked, id=13144, stack(0x0000004891100000,0x0000004891200000) (1024K)]
  0x000001a6fe048b20 JavaThread "C2 CompilerThread1"         daemon [_thread_blocked, id=12252, stack(0x000000488fb00000,0x000000488fc00000) (1024K)]
=>0x000001a6fe046fe0 JavaThread "C2 CompilerThread2"         daemon [_thread_in_native, id=3000, stack(0x0000004890200000,0x0000004890300000) (1024K)]
Total: 97

Other Threads:
  0x000001a6b0f12300 VMThread "VM Thread"                           [id=22396, stack(0x000000488aa00000,0x000000488ab00000) (1024K)]
  0x000001a6b0e0ca00 WatcherThread "VM Periodic Task Thread"        [id=13360, stack(0x000000488a900000,0x000000488aa00000) (1024K)]
  0x000001a69889e4d0 WorkerThread "GC Thread#0"                     [id=25760, stack(0x000000488a800000,0x000000488a900000) (1024K)]
  0x000001a6f4b31ce0 WorkerThread "GC Thread#1"                     [id=11720, stack(0x000000488b600000,0x000000488b700000) (1024K)]
  0x000001a6f91a68c0 WorkerThread "GC Thread#2"                     [id=23744, stack(0x000000488b700000,0x000000488b800000) (1024K)]
  0x000001a6f4b36250 WorkerThread "GC Thread#3"                     [id=15784, stack(0x000000488b800000,0x000000488b900000) (1024K)]
  0x000001a6f4b36600 WorkerThread "GC Thread#4"                     [id=16600, stack(0x000000488b900000,0x000000488ba00000) (1024K)]
  0x000001a6f47e9570 WorkerThread "GC Thread#5"                     [id=24292, stack(0x000000488ba00000,0x000000488bb00000) (1024K)]
  0x000001a6f47e9920 WorkerThread "GC Thread#6"                     [id=10860, stack(0x000000488bb00000,0x000000488bc00000) (1024K)]
  0x000001a6f9178fe0 WorkerThread "GC Thread#7"                     [id=24116, stack(0x000000488c300000,0x000000488c400000) (1024K)]
  0x000001a6f96a8640 WorkerThread "GC Thread#8"                     [id=26280, stack(0x000000488ce00000,0x000000488cf00000) (1024K)]
  0x000001a6f96a89f0 WorkerThread "GC Thread#9"                     [id=24808, stack(0x000000488cf00000,0x000000488d000000) (1024K)]
Total: 12

Threads with active compile tasks:
C2 CompilerThread0  2929042 24986   !   4       org.eclipse.jdt.internal.core.SearchableEnvironment::getModulesDeclaringPackage (526 bytes)
C2 CompilerThread1  2929042 24999       4       org.eclipse.jdt.internal.compiler.ast.Argument::createBinding (149 bytes)
C2 CompilerThread2  2929042 24884       4       org.eclipse.jdt.internal.compiler.lookup.InferenceContext18::collectDependencies (796 bytes)
Total: 3

VM state: at safepoint (normal execution)

VM Mutex/Monitor currently owned by a thread:  ([mutex/lock_event])
[0x00007ffb218cf570] Threads_lock - owner thread: 0x000001a6b0f12300
[0x00007ffb218cf670] Heap_lock - owner thread: 0x000001a6f92df600

Heap address: 0x0000000080000000, size: 2048 MB, Compressed Oops mode: 32-bit

CDS archive(s) mapped at: [0x000001a6b1000000-0x000001a6b1ba0000-0x000001a6b1ba0000), size 12189696, SharedBaseAddress: 0x000001a6b1000000, ArchiveRelocationMode: 1.
Compressed class space mapped at: 0x000001a6b2000000-0x000001a6f2000000, reserved size: 1073741824
Narrow klass base: 0x000001a6b1000000, Narrow klass shift: 0, Narrow klass range: 0x100000000

GC Precious Log:
 CardTable entry size: 512
 CPUs: 12 total, 12 available
 Memory: 5989M
 Large Page Support: Disabled
 NUMA Support: Disabled
 Compressed Oops: Enabled (32-bit)
 Alignments: Space 512K, Generation 512K, Heap 2M
 Heap Min Capacity: 100M
 Heap Initial Capacity: 100M
 Heap Max Capacity: 2G
 Pre-touch: Disabled
 Parallel Workers: 10

Heap:
 PSYoungGen      total 5120K, used 874K [0x00000000d5580000, 0x00000000d5c00000, 0x0000000100000000)
  eden space 4096K, 6% used [0x00000000d5580000,0x00000000d55c2888,0x00000000d5980000)
  from space 1024K, 59% used [0x00000000d5a80000,0x00000000d5b18000,0x00000000d5b80000)
  to   space 1024K, 0% used [0x00000000d5980000,0x00000000d5980000,0x00000000d5a80000)
 ParOldGen       total 1064960K, used 1064905K [0x0000000080000000, 0x00000000c1000000, 0x00000000d5580000)
  object space 1064960K, 99% used [0x0000000080000000,0x00000000c0ff2418,0x00000000c1000000)
 Metaspace       used 89592K, committed 91200K, reserved 1179648K
  class space    used 8968K, committed 9664K, reserved 1048576K

Card table byte_map: [0x000001a6ac240000,0x000001a6ac650000] _byte_map_base: 0x000001a6abe40000

Marking Bits: (ParMarkBitMap*) 0x00007ffb218d4460
 Begin Bits: [0x000001a6ac900000, 0x000001a6ae900000)
 End Bits:   [0x000001a6ae900000, 0x000001a6b0900000)

Polling page: 0x000001a698930000

Metaspace:

Usage:
  Non-class:     78.73 MB used.
      Class:      8.76 MB used.
       Both:     87.49 MB used.

Virtual space:
  Non-class space:      128.00 MB reserved,      79.62 MB ( 62%) committed,  2 nodes.
      Class space:        1.00 GB reserved,       9.44 MB ( <1%) committed,  1 nodes.
             Both:        1.12 GB reserved,      89.06 MB (  8%) committed. 

Chunk freelists:
   Non-Class:  173.00 KB
       Class:  6.60 MB
        Both:  6.76 MB

MaxMetaspaceSize: unlimited
CompressedClassSpaceSize: 1.00 GB
Initial GC threshold: 21.00 MB
Current GC threshold: 144.62 MB
CDS: on
 - commit_granule_bytes: 65536.
 - commit_granule_words: 8192.
 - virtual_space_node_default_size: 8388608.
 - enlarge_chunks_in_place: 1.
 - use_allocation_guard: 0.


Internal statistics:

num_allocs_failed_limit: 9.
num_arena_births: 1656.
num_arena_deaths: 350.
num_vsnodes_births: 3.
num_vsnodes_deaths: 0.
num_space_committed: 1425.
num_space_uncommitted: 0.
num_chunks_returned_to_freelist: 397.
num_chunks_taken_from_freelist: 6250.
num_chunk_merges: 101.
num_chunk_splits: 3563.
num_chunks_enlarged: 1955.
num_inconsistent_stats: 0.

CodeHeap 'non-profiled nmethods': size=120000Kb used=21016Kb max_used=21016Kb free=98984Kb
 bounds [0x000001a6a4b30000, 0x000001a6a5fc0000, 0x000001a6ac060000]
CodeHeap 'profiled nmethods': size=120000Kb used=48168Kb max_used=48168Kb free=71831Kb
 bounds [0x000001a69d060000, 0x000001a69ff70000, 0x000001a6a4590000]
CodeHeap 'non-nmethods': size=5760Kb used=1529Kb max_used=1636Kb free=4230Kb
 bounds [0x000001a6a4590000, 0x000001a6a4800000, 0x000001a6a4b30000]
CodeCache: size=245760Kb, used=70713Kb, max_used=70820Kb, free=175045Kb
 total_blobs=20479, nmethods=19629, adapters=750, full_count=0
Compilation: enabled, stopped_count=0, restarted_count=0

Compilation events (20 events):
Event: 2927.830 Thread 0x000001a6f3472be0 24971       3       org.eclipse.jdt.internal.core.BinaryType::isMember (12 bytes)
Event: 2927.830 Thread 0x000001a6f3472be0 nmethod 24971 0x000001a69ff5ce90 code [0x000001a69ff5d080, 0x000001a69ff5d608]
Event: 2927.832 Thread 0x000001a6f3472be0 24972       3       org.eclipse.jface.text.AbstractDocument::addPositionCategory (50 bytes)
Event: 2927.832 Thread 0x000001a6f3472be0 nmethod 24972 0x000001a69ff5d790 code [0x000001a69ff5d9c0, 0x000001a69ff5e208]
Event: 2927.832 Thread 0x000001a6f3472be0 24973       3       org.eclipse.jface.text.DefaultPositionUpdater::<init> (23 bytes)
Event: 2927.833 Thread 0x000001a6f3472be0 nmethod 24973 0x000001a69ff5e490 code [0x000001a69ff5e640, 0x000001a69ff5e890]
Event: 2927.843 Thread 0x000001a6f3470360 nmethod 24962 0x000001a6a5fa4090 code [0x000001a6a5fa4380, 0x000001a6a5fa4e28]
Event: 2927.843 Thread 0x000001a6f3470360 24974       4       org.eclipse.jdt.internal.compiler.lookup.AnnotatableTypeSystem::getWildcard (370 bytes)
Event: 2927.850 Thread 0x000001a6f3472be0 24977       3       org.eclipse.jdt.internal.core.ClassFile::unqualifiedName (53 bytes)
Event: 2927.850 Thread 0x000001a6f3472be0 nmethod 24977 0x000001a69ff5e990 code [0x000001a69ff5eb60, 0x000001a69ff5ef48]
Event: 2927.886 Thread 0x000001a6fe048b20 nmethod 24961 0x000001a6a5fa5a10 code [0x000001a6a5fa5fa0, 0x000001a6a5fa8190]
Event: 2927.886 Thread 0x000001a6fe048b20 24978   !   4       org.eclipse.jdt.internal.core.search.indexing.IndexManager::indexDocument (31 bytes)
Event: 2927.917 Thread 0x000001a6f3472be0 24980       3       org.eclipse.jdt.internal.core.util.ResourceCompilationUnit::<init> (106 bytes)
Event: 2927.918 Thread 0x000001a6f3472be0 nmethod 24980 0x000001a69ff5f090 code [0x000001a69ff5f3a0, 0x000001a69ff602e0]
Event: 2927.949 Thread 0x000001a6f3470360 nmethod 24974 0x000001a6a5fa9910 code [0x000001a6a5fa9c40, 0x000001a6a5fabd30]
Event: 2927.949 Thread 0x000001a6fe048b20 nmethod 24978 0x000001a6a5fad310 code [0x000001a6a5fad640, 0x000001a6a5faeae0]
Event: 2927.949 Thread 0x000001a6f3470360 24976       4       org.eclipse.lsp4j.jsonrpc.json.adapters.CollectionTypeAdapter::write (123 bytes)
Event: 2927.949 Thread 0x000001a6fe048b20 24979       4       org.eclipse.jdt.internal.compiler.parser.Parser::consumeMarkerAnnotation (101 bytes)
Event: 2927.958 Thread 0x000001a6fe048b20 nmethod 24979 0x000001a6a5fafa90 code [0x000001a6a5fafc80, 0x000001a6a5fb02b0]
Event: 2927.960 Thread 0x000001a6f3472be0 24981       3       org.eclipse.jdt.internal.compiler.SourceElementParser::endParse (43 bytes)

GC Heap History (20 events):
Event: 2927.633 GC heap after
{Heap after GC invocations=2896 (full 6):
 PSYoungGen      total 3072K, used 896K [0x00000000d5580000, 0x00000000d5b00000, 0x0000000100000000)
  eden space 2048K, 0% used [0x00000000d5580000,0x00000000d5580000,0x00000000d5780000)
  from space 1024K, 87% used [0x00000000d5a00000,0x00000000d5ae0000,0x00000000d5b00000)
  to   space 1536K, 0% used [0x00000000d5800000,0x00000000d5800000,0x00000000d5980000)
 ParOldGen       total 1053696K, used 1053391K [0x0000000080000000, 0x00000000c0500000, 0x00000000d5580000)
  object space 1053696K, 99% used [0x0000000080000000,0x00000000c04b3ef8,0x00000000c0500000)
 Metaspace       used 89571K, committed 91136K, reserved 1179648K
  class space    used 8968K, committed 9664K, reserved 1048576K
}
Event: 2927.639 GC heap before
{Heap before GC invocations=2897 (full 6):
 PSYoungGen      total 3072K, used 2874K [0x00000000d5580000, 0x00000000d5b00000, 0x0000000100000000)
  eden space 2048K, 96% used [0x00000000d5580000,0x00000000d576eb10,0x00000000d5780000)
  from space 1024K, 87% used [0x00000000d5a00000,0x00000000d5ae0000,0x00000000d5b00000)
  to   space 1536K, 0% used [0x00000000d5800000,0x00000000d5800000,0x00000000d5980000)
 ParOldGen       total 1053696K, used 1053391K [0x0000000080000000, 0x00000000c0500000, 0x00000000d5580000)
  object space 1053696K, 99% used [0x0000000080000000,0x00000000c04b3ef8,0x00000000c0500000)
 Metaspace       used 89571K, committed 91136K, reserved 1179648K
  class space    used 8968K, committed 9664K, reserved 1048576K
}
Event: 2927.644 GC heap after
{Heap after GC invocations=2897 (full 6):
 PSYoungGen      total 4096K, used 1083K [0x00000000d5580000, 0x00000000d5b00000, 0x0000000100000000)
  eden space 2560K, 0% used [0x00000000d5580000,0x00000000d5580000,0x00000000d5800000)
  from space 1536K, 70% used [0x00000000d5800000,0x00000000d590ec00,0x00000000d5980000)
  to   space 1536K, 0% used [0x00000000d5980000,0x00000000d5980000,0x00000000d5b00000)
 ParOldGen       total 1054208K, used 1054111K [0x0000000080000000, 0x00000000c0580000, 0x00000000d5580000)
  object space 1054208K, 99% used [0x0000000080000000,0x00000000c0567ef8,0x00000000c0580000)
 Metaspace       used 89571K, committed 91136K, reserved 1179648K
  class space    used 8968K, committed 9664K, reserved 1048576K
}
Event: 2927.650 GC heap before
{Heap before GC invocations=2898 (full 6):
 PSYoungGen      total 4096K, used 3642K [0x00000000d5580000, 0x00000000d5b00000, 0x0000000100000000)
  eden space 2560K, 99% used [0x00000000d5580000,0x00000000d57ffff0,0x00000000d5800000)
  from space 1536K, 70% used [0x00000000d5800000,0x00000000d590ec00,0x00000000d5980000)
  to   space 1536K, 0% used [0x00000000d5980000,0x00000000d5980000,0x00000000d5b00000)
 ParOldGen       total 1054208K, used 1054111K [0x0000000080000000, 0x00000000c0580000, 0x00000000d5580000)
  object space 1054208K, 99% used [0x0000000080000000,0x00000000c0567ef8,0x00000000c0580000)
 Metaspace       used 89571K, committed 91136K, reserved 1179648K
  class space    used 8968K, committed 9664K, reserved 1048576K
}
Event: 2927.654 GC heap after
{Heap after GC invocations=2898 (full 6):
 PSYoungGen      total 4096K, used 605K [0x00000000d5580000, 0x00000000d5a80000, 0x0000000100000000)
  eden space 3072K, 0% used [0x00000000d5580000,0x00000000d5580000,0x00000000d5880000)
  from space 1024K, 59% used [0x00000000d5980000,0x00000000d5a17600,0x00000000d5a80000)
  to   space 1024K, 0% used [0x00000000d5880000,0x00000000d5880000,0x00000000d5980000)
 ParOldGen       total 1055232K, used 1054893K [0x0000000080000000, 0x00000000c0680000, 0x00000000d5580000)
  object space 1055232K, 99% used [0x0000000080000000,0x00000000c062b518,0x00000000c0680000)
 Metaspace       used 89571K, committed 91136K, reserved 1179648K
  class space    used 8968K, committed 9664K, reserved 1048576K
}
Event: 2927.661 GC heap before
{Heap before GC invocations=2899 (full 6):
 PSYoungGen      total 4096K, used 3677K [0x00000000d5580000, 0x00000000d5a80000, 0x0000000100000000)
  eden space 3072K, 100% used [0x00000000d5580000,0x00000000d5880000,0x00000000d5880000)
  from space 1024K, 59% used [0x00000000d5980000,0x00000000d5a17600,0x00000000d5a80000)
  to   space 1024K, 0% used [0x00000000d5880000,0x00000000d5880000,0x00000000d5980000)
 ParOldGen       total 1055232K, used 1054893K [0x0000000080000000, 0x00000000c0680000, 0x00000000d5580000)
  object space 1055232K, 99% used [0x0000000080000000,0x00000000c062b518,0x00000000c0680000)
 Metaspace       used 89571K, committed 91136K, reserved 1179648K
  class space    used 8968K, committed 9664K, reserved 1048576K
}
Event: 2927.665 GC heap after
{Heap after GC invocations=2899 (full 6):
 PSYoungGen      total 4096K, used 1014K [0x00000000d5580000, 0x00000000d5d80000, 0x0000000100000000)
  eden space 3072K, 0% used [0x00000000d5580000,0x00000000d5580000,0x00000000d5880000)
  from space 1024K, 99% used [0x00000000d5880000,0x00000000d597d800,0x00000000d5980000)
  to   space 2048K, 0% used [0x00000000d5b80000,0x00000000d5b80000,0x00000000d5d80000)
 ParOldGen       total 1055744K, used 1055378K [0x0000000080000000, 0x00000000c0700000, 0x00000000d5580000)
  object space 1055744K, 99% used [0x0000000080000000,0x00000000c06a4b38,0x00000000c0700000)
 Metaspace       used 89571K, committed 91136K, reserved 1179648K
  class space    used 8968K, committed 9664K, reserved 1048576K
}
Event: 2927.713 GC heap before
{Heap before GC invocations=2900 (full 6):
 PSYoungGen      total 4096K, used 4086K [0x00000000d5580000, 0x00000000d5d80000, 0x0000000100000000)
  eden space 3072K, 100% used [0x00000000d5580000,0x00000000d5880000,0x00000000d5880000)
  from space 1024K, 99% used [0x00000000d5880000,0x00000000d597d800,0x00000000d5980000)
  to   space 2048K, 0% used [0x00000000d5b80000,0x00000000d5b80000,0x00000000d5d80000)
 ParOldGen       total 1055744K, used 1055378K [0x0000000080000000, 0x00000000c0700000, 0x00000000d5580000)
  object space 1055744K, 99% used [0x0000000080000000,0x00000000c06a4b38,0x00000000c0700000)
 Metaspace       used 89578K, committed 91200K, reserved 1179648K
  class space    used 8968K, committed 9664K, reserved 1048576K
}
Event: 2927.720 GC heap after
{Heap after GC invocations=2900 (full 6):
 PSYoungGen      total 4096K, used 2023K [0x00000000d5580000, 0x00000000d6180000, 0x0000000100000000)
  eden space 2048K, 0% used [0x00000000d5580000,0x00000000d5580000,0x00000000d5780000)
  from space 2048K, 98% used [0x00000000d5b80000,0x00000000d5d79cb0,0x00000000d5d80000)
  to   space 4096K, 0% used [0x00000000d5780000,0x00000000d5780000,0x00000000d5b80000)
 ParOldGen       total 1056768K, used 1056672K [0x0000000080000000, 0x00000000c0800000, 0x00000000d5580000)
  object space 1056768K, 99% used [0x0000000080000000,0x00000000c07e8378,0x00000000c0800000)
 Metaspace       used 89578K, committed 91200K, reserved 1179648K
  class space    used 8968K, committed 9664K, reserved 1048576K
}
Event: 2927.729 GC heap before
{Heap before GC invocations=2901 (full 6):
 PSYoungGen      total 4096K, used 4071K [0x00000000d5580000, 0x00000000d6180000, 0x0000000100000000)
  eden space 2048K, 100% used [0x00000000d5580000,0x00000000d5780000,0x00000000d5780000)
  from space 2048K, 98% used [0x00000000d5b80000,0x00000000d5d79cb0,0x00000000d5d80000)
  to   space 4096K, 0% used [0x00000000d5780000,0x00000000d5780000,0x00000000d5b80000)
 ParOldGen       total 1056768K, used 1056672K [0x0000000080000000, 0x00000000c0800000, 0x00000000d5580000)
  object space 1056768K, 99% used [0x0000000080000000,0x00000000c07e8378,0x00000000c0800000)
 Metaspace       used 89579K, committed 91200K, reserved 1179648K
  class space    used 8968K, committed 9664K, reserved 1048576K
}
Event: 2927.735 GC heap after
{Heap after GC invocations=2901 (full 6):
 PSYoungGen      total 4096K, used 1648K [0x00000000d5580000, 0x00000000d5d00000, 0x0000000100000000)
  eden space 2048K, 0% used [0x00000000d5580000,0x00000000d5580000,0x00000000d5780000)
  from space 2048K, 80% used [0x00000000d5780000,0x00000000d591c000,0x00000000d5980000)
  to   space 2560K, 0% used [0x00000000d5a80000,0x00000000d5a80000,0x00000000d5d00000)
 ParOldGen       total 1058816K, used 1058736K [0x0000000080000000, 0x00000000c0a00000, 0x00000000d5580000)
  object space 1058816K, 99% used [0x0000000080000000,0x00000000c09ec028,0x00000000c0a00000)
 Metaspace       used 89579K, committed 91200K, reserved 1179648K
  class space    used 8968K, committed 9664K, reserved 1048576K
}
Event: 2927.765 GC heap before
{Heap before GC invocations=2902 (full 6):
 PSYoungGen      total 4096K, used 3686K [0x00000000d5580000, 0x00000000d5d00000, 0x0000000100000000)
  eden space 2048K, 99% used [0x00000000d5580000,0x00000000d577dbf8,0x00000000d5780000)
  from space 2048K, 80% used [0x00000000d5780000,0x00000000d591c000,0x00000000d5980000)
  to   space 2560K, 0% used [0x00000000d5a80000,0x00000000d5a80000,0x00000000d5d00000)
 ParOldGen       total 1058816K, used 1058736K [0x0000000080000000, 0x00000000c0a00000, 0x00000000d5580000)
  object space 1058816K, 99% used [0x0000000080000000,0x00000000c09ec028,0x00000000c0a00000)
 Metaspace       used 89580K, committed 91200K, reserved 1179648K
  class space    used 8968K, committed 9664K, reserved 1048576K
}
Event: 2927.773 GC heap after
{Heap after GC invocations=2902 (full 6):
 PSYoungGen      total 4096K, used 1184K [0x00000000d5580000, 0x00000000d5c00000, 0x0000000100000000)
  eden space 2560K, 0% used [0x00000000d5580000,0x00000000d5580000,0x00000000d5800000)
  from space 1536K, 77% used [0x00000000d5a80000,0x00000000d5ba8000,0x00000000d5c00000)
  to   space 1536K, 0% used [0x00000000d5900000,0x00000000d5900000,0x00000000d5a80000)
 ParOldGen       total 1060352K, used 1060096K [0x0000000080000000, 0x00000000c0b80000, 0x00000000d5580000)
  object space 1060352K, 99% used [0x0000000080000000,0x00000000c0b40028,0x00000000c0b80000)
 Metaspace       used 89580K, committed 91200K, reserved 1179648K
  class space    used 8968K, committed 9664K, reserved 1048576K
}
Event: 2927.823 GC heap before
{Heap before GC invocations=2903 (full 6):
 PSYoungGen      total 4096K, used 3744K [0x00000000d5580000, 0x00000000d5c00000, 0x0000000100000000)
  eden space 2560K, 100% used [0x00000000d5580000,0x00000000d5800000,0x00000000d5800000)
  from space 1536K, 77% used [0x00000000d5a80000,0x00000000d5ba8000,0x00000000d5c00000)
  to   space 1536K, 0% used [0x00000000d5900000,0x00000000d5900000,0x00000000d5a80000)
 ParOldGen       total 1060352K, used 1060096K [0x0000000080000000, 0x00000000c0b80000, 0x00000000d5580000)
  object space 1060352K, 99% used [0x0000000080000000,0x00000000c0b40028,0x00000000c0b80000)
 Metaspace       used 89586K, committed 91200K, reserved 1179648K
  class space    used 8968K, committed 9664K, reserved 1048576K
}
Event: 2927.828 GC heap after
{Heap after GC invocations=2903 (full 6):
 PSYoungGen      total 4096K, used 688K [0x00000000d5580000, 0x00000000d5b00000, 0x0000000100000000)
  eden space 3072K, 0% used [0x00000000d5580000,0x00000000d5580000,0x00000000d5880000)
  from space 1024K, 67% used [0x00000000d5900000,0x00000000d59ac010,0x00000000d5a00000)
  to   space 1024K, 0% used [0x00000000d5a00000,0x00000000d5a00000,0x00000000d5b00000)
 ParOldGen       total 1061376K, used 1061112K [0x0000000080000000, 0x00000000c0c80000, 0x00000000d5580000)
  object space 1061376K, 99% used [0x0000000080000000,0x00000000c0c3e028,0x00000000c0c80000)
 Metaspace       used 89586K, committed 91200K, reserved 1179648K
  class space    used 8968K, committed 9664K, reserved 1048576K
}
Event: 2927.902 GC heap before
{Heap before GC invocations=2904 (full 6):
 PSYoungGen      total 4096K, used 3760K [0x00000000d5580000, 0x00000000d5b00000, 0x0000000100000000)
  eden space 3072K, 100% used [0x00000000d5580000,0x00000000d5880000,0x00000000d5880000)
  from space 1024K, 67% used [0x00000000d5900000,0x00000000d59ac010,0x00000000d5a00000)
  to   space 1024K, 0% used [0x00000000d5a00000,0x00000000d5a00000,0x00000000d5b00000)
 ParOldGen       total 1061376K, used 1061112K [0x0000000080000000, 0x00000000c0c80000, 0x00000000d5580000)
  object space 1061376K, 99% used [0x0000000080000000,0x00000000c0c3e028,0x00000000c0c80000)
 Metaspace       used 89588K, committed 91200K, reserved 1179648K
  class space    used 8968K, committed 9664K, reserved 1048576K
}
Event: 2927.907 GC heap after
{Heap after GC invocations=2904 (full 6):
 PSYoungGen      total 4608K, used 800K [0x00000000d5580000, 0x00000000d5b80000, 0x0000000100000000)
  eden space 3584K, 0% used [0x00000000d5580000,0x00000000d5580000,0x00000000d5900000)
  from space 1024K, 78% used [0x00000000d5a00000,0x00000000d5ac8000,0x00000000d5b00000)
  to   space 1024K, 0% used [0x00000000d5900000,0x00000000d5900000,0x00000000d5a00000)
 ParOldGen       total 1061888K, used 1061657K [0x0000000080000000, 0x00000000c0d00000, 0x00000000d5580000)
  object space 1061888K, 99% used [0x0000000080000000,0x00000000c0cc6750,0x00000000c0d00000)
 Metaspace       used 89588K, committed 91200K, reserved 1179648K
  class space    used 8968K, committed 9664K, reserved 1048576K
}
Event: 2927.940 GC heap before
{Heap before GC invocations=2905 (full 6):
 PSYoungGen      total 4608K, used 4384K [0x00000000d5580000, 0x00000000d5b80000, 0x0000000100000000)
  eden space 3584K, 100% used [0x00000000d5580000,0x00000000d5900000,0x00000000d5900000)
  from space 1024K, 78% used [0x00000000d5a00000,0x00000000d5ac8000,0x00000000d5b00000)
  to   space 1024K, 0% used [0x00000000d5900000,0x00000000d5900000,0x00000000d5a00000)
 ParOldGen       total 1061888K, used 1061657K [0x0000000080000000, 0x00000000c0d00000, 0x00000000d5580000)
  object space 1061888K, 99% used [0x0000000080000000,0x00000000c0cc6750,0x00000000c0d00000)
 Metaspace       used 89588K, committed 91200K, reserved 1179648K
  class space    used 8968K, committed 9664K, reserved 1048576K
}
Event: 2927.944 GC heap after
{Heap after GC invocations=2905 (full 6):
 PSYoungGen      total 4608K, used 768K [0x00000000d5580000, 0x00000000d5b00000, 0x0000000100000000)
  eden space 3584K, 0% used [0x00000000d5580000,0x00000000d5580000,0x00000000d5900000)
  from space 1024K, 75% used [0x00000000d5900000,0x00000000d59c0000,0x00000000d5a00000)
  to   space 1024K, 0% used [0x00000000d5a00000,0x00000000d5a00000,0x00000000d5b00000)
 ParOldGen       total 1062400K, used 1062199K [0x0000000080000000, 0x00000000c0d80000, 0x00000000d5580000)
  object space 1062400K, 99% used [0x0000000080000000,0x00000000c0d4dd50,0x00000000c0d80000)
 Metaspace       used 89588K, committed 91200K, reserved 1179648K
  class space    used 8968K, committed 9664K, reserved 1048576K
}
Event: 2927.965 GC heap before
{Heap before GC invocations=2906 (full 6):
 PSYoungGen      total 4608K, used 4352K [0x00000000d5580000, 0x00000000d5b00000, 0x0000000100000000)
  eden space 3584K, 100% used [0x00000000d5580000,0x00000000d5900000,0x00000000d5900000)
  from space 1024K, 75% used [0x00000000d5900000,0x00000000d59c0000,0x00000000d5a00000)
  to   space 1024K, 0% used [0x00000000d5a00000,0x00000000d5a00000,0x00000000d5b00000)
 ParOldGen       total 1062400K, used 1062199K [0x0000000080000000, 0x00000000c0d80000, 0x00000000d5580000)
  object space 1062400K, 99% used [0x0000000080000000,0x00000000c0d4dd50,0x00000000c0d80000)
 Metaspace       used 89588K, committed 91200K, reserved 1179648K
  class space    used 8968K, committed 9664K, reserved 1048576K
}

Dll operation events (14 events):
Event: 0.303 Loaded shared library c:\Users\sujit kumar\.windsurf\extensions\redhat.java-1.55.0-win32-x64\jre\21.0.11-win32-x86_64\bin\java.dll
Event: 0.487 Loaded shared library c:\Users\sujit kumar\.windsurf\extensions\redhat.java-1.55.0-win32-x64\jre\21.0.11-win32-x86_64\bin\zip.dll
Event: 0.530 Loaded shared library C:\Users\sujit kumar\.windsurf\extensions\redhat.java-1.55.0-win32-x64\jre\21.0.11-win32-x86_64\bin\instrument.dll
Event: 0.548 Loaded shared library C:\Users\sujit kumar\.windsurf\extensions\redhat.java-1.55.0-win32-x64\jre\21.0.11-win32-x86_64\bin\net.dll
Event: 0.559 Loaded shared library C:\Users\sujit kumar\.windsurf\extensions\redhat.java-1.55.0-win32-x64\jre\21.0.11-win32-x86_64\bin\nio.dll
Event: 0.564 Loaded shared library C:\Users\sujit kumar\.windsurf\extensions\redhat.java-1.55.0-win32-x64\jre\21.0.11-win32-x86_64\bin\zip.dll
Event: 0.597 Loaded shared library C:\Users\sujit kumar\.windsurf\extensions\redhat.java-1.55.0-win32-x64\jre\21.0.11-win32-x86_64\bin\jimage.dll
Event: 0.728 Loaded shared library c:\Users\sujit kumar\.windsurf\extensions\redhat.java-1.55.0-win32-x64\jre\21.0.11-win32-x86_64\bin\verify.dll
Event: 4.631 Loaded shared library C:\Users\sujit kumar\AppData\Roaming\Windsurf\User\globalStorage\redhat.java\1.55.0\config_win\org.eclipse.equinox.launcher\org.eclipse.equinox.launcher.win32.win32.x86_64_1.3.100.v20260613-0559\eclipse_11924.dll
Event: 8.375 Loaded shared library C:\Users\sujit kumar\.windsurf\extensions\redhat.java-1.55.0-win32-x64\jre\21.0.11-win32-x86_64\bin\management.dll
Event: 8.380 Loaded shared library C:\Users\sujit kumar\.windsurf\extensions\redhat.java-1.55.0-win32-x64\jre\21.0.11-win32-x86_64\bin\management_ext.dll
Event: 10.342 Loaded shared library C:\Users\sujit kumar\AppData\Local\Temp\jna--1123618105\jna17822585122029242076.dll
Event: 11.014 Loaded shared library C:\Users\sujit kumar\.windsurf\extensions\redhat.java-1.55.0-win32-x64\jre\21.0.11-win32-x86_64\bin\sunmscapi.dll
Event: 11.232 Loaded shared library C:\Users\sujit kumar\.windsurf\extensions\redhat.java-1.55.0-win32-x64\jre\21.0.11-win32-x86_64\bin\extnet.dll

Deoptimization events (20 events):
Event: 2927.165 Thread 0x000001a6fd1c0fa0 DEOPT PACKING pc=0x000001a69fdd2097 sp=0x000000488edfeca0
Event: 2927.165 Thread 0x000001a6fd1c0fa0 DEOPT UNPACKING pc=0x000001a6a45e4242 sp=0x000000488edfe160 mode 0
Event: 2927.191 Thread 0x000001a6fd1c0fa0 DEOPT PACKING pc=0x000001a69fdd2097 sp=0x000000488edfeca0
Event: 2927.191 Thread 0x000001a6fd1c0fa0 DEOPT UNPACKING pc=0x000001a6a45e4242 sp=0x000000488edfe160 mode 0
Event: 2927.215 Thread 0x000001a6fd1c0fa0 DEOPT PACKING pc=0x000001a69eb63770 sp=0x000000488edfedf0
Event: 2927.216 Thread 0x000001a6fd1c0fa0 DEOPT UNPACKING pc=0x000001a6a45e4242 sp=0x000000488edfe338 mode 0
Event: 2927.224 Thread 0x000001a6fd1c0fa0 DEOPT PACKING pc=0x000001a69fdd2097 sp=0x000000488edfebd0
Event: 2927.224 Thread 0x000001a6fd1c0fa0 DEOPT UNPACKING pc=0x000001a6a45e4242 sp=0x000000488edfe090 mode 0
Event: 2927.293 Thread 0x000001a6fd1c0fa0 Uncommon trap: trap_request=0xffffff6e fr.pc=0x000001a6a5f651ec relative=0x0000000000000f0c
Event: 2927.293 Thread 0x000001a6fd1c0fa0 Uncommon trap: reason=loop_limit_check action=maybe_recompile pc=0x000001a6a5f651ec method=org.eclipse.jdt.internal.compiler.lookup.BinaryTypeBinding.getMethods([C)[Lorg/eclipse/jdt/internal/compiler/lookup/MethodBinding; @ 227 c2
Event: 2927.293 Thread 0x000001a6fd1c0fa0 DEOPT PACKING pc=0x000001a6a5f651ec sp=0x000000488edfe110
Event: 2927.293 Thread 0x000001a6fd1c0fa0 DEOPT UNPACKING pc=0x000001a6a45e3aa2 sp=0x000000488edfe0b8 mode 2
Event: 2927.518 Thread 0x000001a6f92e09b0 Uncommon trap: trap_request=0xffffffd6 fr.pc=0x000001a6a5efe030 relative=0x00000000000026f0
Event: 2927.518 Thread 0x000001a6f92e09b0 Uncommon trap: reason=array_check action=maybe_recompile pc=0x000001a6a5efe030 method=org.eclipse.core.internal.events.NodeIDMap.put(JLorg/eclipse/core/runtime/IPath;Lorg/eclipse/core/runtime/IPath;)V @ 239 c2
Event: 2927.518 Thread 0x000001a6f92e09b0 DEOPT PACKING pc=0x000001a6a5efe030 sp=0x000000488c0fe640
Event: 2927.518 Thread 0x000001a6f92e09b0 DEOPT UNPACKING pc=0x000001a6a45e3aa2 sp=0x000000488c0fe410 mode 2
Event: 2927.519 Thread 0x000001a6f92e09b0 Uncommon trap: trap_request=0xffffffd6 fr.pc=0x000001a6a5efe030 relative=0x00000000000026f0
Event: 2927.519 Thread 0x000001a6f92e09b0 Uncommon trap: reason=array_check action=maybe_recompile pc=0x000001a6a5efe030 method=org.eclipse.core.internal.events.NodeIDMap.put(JLorg/eclipse/core/runtime/IPath;Lorg/eclipse/core/runtime/IPath;)V @ 239 c2
Event: 2927.519 Thread 0x000001a6f92e09b0 DEOPT PACKING pc=0x000001a6a5efe030 sp=0x000000488c0fe640
Event: 2927.519 Thread 0x000001a6f92e09b0 DEOPT UNPACKING pc=0x000001a6a45e3aa2 sp=0x000000488c0fe410 mode 2

Classes loaded (20 events):
Event: 2913.616 Loading class java/util/concurrent/ConcurrentHashMap$TreeBin
Event: 2913.618 Loading class java/util/concurrent/ConcurrentHashMap$TreeBin done
Event: 2913.659 Loading class java/net/ConnectException
Event: 2913.660 Loading class java/net/ConnectException done
Event: 2913.661 Loading class java/net/NoRouteToHostException
Event: 2913.661 Loading class java/net/NoRouteToHostException done
Event: 2913.950 Loading class java/nio/StringCharBuffer
Event: 2913.952 Loading class java/nio/StringCharBuffer done
Event: 2913.968 Loading class java/util/concurrent/atomic/AtomicMarkableReference
Event: 2913.968 Loading class java/util/concurrent/atomic/AtomicMarkableReference done
Event: 2913.970 Loading class java/util/concurrent/atomic/AtomicMarkableReference$Pair
Event: 2913.971 Loading class java/util/concurrent/atomic/AtomicMarkableReference$Pair done
Event: 2914.090 Loading class javax/net/DefaultSocketFactory
Event: 2914.091 Loading class javax/net/DefaultSocketFactory done
Event: 2917.523 Loading class jdk/internal/module/IllegalAccessLogger
Event: 2917.523 Loading class jdk/internal/module/IllegalAccessLogger done
Event: 2927.117 Loading class jdk/internal/module/IllegalAccessLogger
Event: 2927.117 Loading class jdk/internal/module/IllegalAccessLogger done
Event: 2927.501 Loading class jdk/internal/module/IllegalAccessLogger
Event: 2927.501 Loading class jdk/internal/module/IllegalAccessLogger done

Classes unloaded (20 events):
Event: 2315.543 Thread 0x000001a6b0f12300 Unloading class 0x000001a6b2017400 'java/lang/invoke/LambdaForm$MH+0x000001a6b2017400'
Event: 2315.543 Thread 0x000001a6b0f12300 Unloading class 0x000001a6b2016400 'java/lang/invoke/LambdaForm$MH+0x000001a6b2016400'
Event: 2315.543 Thread 0x000001a6b0f12300 Unloading class 0x000001a6b200d800 'java/lang/invoke/LambdaForm$MH+0x000001a6b200d800'
Event: 2315.543 Thread 0x000001a6b0f12300 Unloading class 0x000001a6b200d400 'java/lang/invoke/LambdaForm$MH+0x000001a6b200d400'
Event: 2315.543 Thread 0x000001a6b0f12300 Unloading class 0x000001a6b200d000 'java/lang/invoke/LambdaForm$MH+0x000001a6b200d000'
Event: 2315.543 Thread 0x000001a6b0f12300 Unloading class 0x000001a6b200cc00 'java/lang/invoke/LambdaForm$MH+0x000001a6b200cc00'
Event: 2315.543 Thread 0x000001a6b0f12300 Unloading class 0x000001a6b200c800 'java/lang/invoke/LambdaForm$BMH+0x000001a6b200c800'
Event: 2315.543 Thread 0x000001a6b0f12300 Unloading class 0x000001a6b200c000 'java/lang/invoke/LambdaForm$DMH+0x000001a6b200c000'
Event: 2315.543 Thread 0x000001a6b0f12300 Unloading class 0x000001a6b2008c00 'java/lang/invoke/LambdaForm$MH+0x000001a6b2008c00'
Event: 2315.543 Thread 0x000001a6b0f12300 Unloading class 0x000001a6b2008800 'java/lang/invoke/LambdaForm$MH+0x000001a6b2008800'
Event: 2315.543 Thread 0x000001a6b0f12300 Unloading class 0x000001a6b2008400 'java/lang/invoke/LambdaForm$MH+0x000001a6b2008400'
Event: 2315.544 Thread 0x000001a6b0f12300 Unloading class 0x000001a6b2007000 'java/lang/invoke/LambdaForm$MH+0x000001a6b2007000'
Event: 2315.544 Thread 0x000001a6b0f12300 Unloading class 0x000001a6b2006c00 'java/lang/invoke/LambdaForm$MH+0x000001a6b2006c00'
Event: 2315.544 Thread 0x000001a6b0f12300 Unloading class 0x000001a6b2006800 'java/lang/invoke/LambdaForm$MH+0x000001a6b2006800'
Event: 2315.544 Thread 0x000001a6b0f12300 Unloading class 0x000001a6b2006400 'java/lang/invoke/LambdaForm$MH+0x000001a6b2006400'
Event: 2315.544 Thread 0x000001a6b0f12300 Unloading class 0x000001a6b2005c00 'java/lang/invoke/LambdaForm$BMH+0x000001a6b2005c00'
Event: 2315.545 Thread 0x000001a6b0f12300 Unloading class 0x000001a6b2004800 'java/lang/invoke/LambdaForm$DMH+0x000001a6b2004800'
Event: 2315.545 Thread 0x000001a6b0f12300 Unloading class 0x000001a6b2002400 'java/lang/invoke/LambdaForm$MH+0x000001a6b2002400'
Event: 2315.545 Thread 0x000001a6b0f12300 Unloading class 0x000001a6b2002000 'java/lang/invoke/LambdaForm$MH+0x000001a6b2002000'
Event: 2315.545 Thread 0x000001a6b0f12300 Unloading class 0x000001a6b2001800 'java/lang/invoke/LambdaForm$MH+0x000001a6b2001800'

Classes redefined (0 events):
No events

Internal exceptions (20 events):
Event: 2927.462 Thread 0x000001a6fd1c0fa0 Implicit null exception at 0x000001a69ded441b to 0x000001a69ded7c7b
Event: 2927.462 Thread 0x000001a6fd1c0fa0 Exception <a 'java/lang/NullPointerException'{0x00000000d55e78f0}> (0x00000000d55e78f0) 
thrown [s\src\hotspot\share\runtime\sharedRuntime.cpp, line 625]
Event: 2927.462 Thread 0x000001a6fd1c0fa0 Implicit null exception at 0x000001a69ded441b to 0x000001a69ded7c7b
Event: 2927.462 Thread 0x000001a6fd1c0fa0 Exception <a 'java/lang/NullPointerException'{0x00000000d55e8290}> (0x00000000d55e8290) 
thrown [s\src\hotspot\share\runtime\sharedRuntime.cpp, line 625]
Event: 2927.462 Thread 0x000001a6fd1c0fa0 Implicit null exception at 0x000001a69ded441b to 0x000001a69ded7c7b
Event: 2927.462 Thread 0x000001a6fd1c0fa0 Exception <a 'java/lang/NullPointerException'{0x00000000d55e8f38}> (0x00000000d55e8f38) 
thrown [s\src\hotspot\share\runtime\sharedRuntime.cpp, line 625]
Event: 2927.480 Thread 0x000001a6f92e09b0 Exception <a 'sun/nio/fs/WindowsException'{0x00000000d568d8e0}> (0x00000000d568d8e0) 
thrown [s\src\hotspot\share\prims\jni.cpp, line 520]
Event: 2927.481 Thread 0x000001a6fd1c3700 Exception <a 'sun/nio/fs/WindowsException'{0x00000000d5692ba0}> (0x00000000d5692ba0) 
thrown [s\src\hotspot\share\prims\jni.cpp, line 520]
Event: 2927.513 Thread 0x000001a6f92e09b0 Exception <a 'sun/nio/fs/WindowsException'{0x00000000d57c9860}> (0x00000000d57c9860) 
thrown [s\src\hotspot\share\prims\jni.cpp, line 520]
Event: 2927.513 Thread 0x000001a6f92e09b0 Exception <a 'sun/nio/fs/WindowsException'{0x00000000d57ca400}> (0x00000000d57ca400) 
thrown [s\src\hotspot\share\prims\jni.cpp, line 520]
Event: 2927.514 Thread 0x000001a6f92e09b0 Exception <a 'sun/nio/fs/WindowsException'{0x00000000d57cb4a8}> (0x00000000d57cb4a8) 
thrown [s\src\hotspot\share\prims\jni.cpp, line 520]
Event: 2927.515 Thread 0x000001a6f92e09b0 Exception <a 'sun/nio/fs/WindowsException'{0x00000000d57cbac0}> (0x00000000d57cbac0) 
thrown [s\src\hotspot\share\prims\jni.cpp, line 520]
Event: 2927.516 Thread 0x000001a6f92e09b0 Exception <a 'sun/nio/fs/WindowsException'{0x00000000d57ccc08}> (0x00000000d57ccc08) 
thrown [s\src\hotspot\share\prims\jni.cpp, line 520]
Event: 2927.516 Thread 0x000001a6f92e09b0 Exception <a 'sun/nio/fs/WindowsException'{0x00000000d57cd498}> (0x00000000d57cd498) 
thrown [s\src\hotspot\share\prims\jni.cpp, line 520]
Event: 2927.517 Thread 0x000001a6f92e09b0 Exception <a 'sun/nio/fs/WindowsException'{0x00000000d57ce3d8}> (0x00000000d57ce3d8) 
thrown [s\src\hotspot\share\prims\jni.cpp, line 520]
Event: 2927.517 Thread 0x000001a6f92e09b0 Exception <a 'sun/nio/fs/WindowsException'{0x00000000d57cec68}> (0x00000000d57cec68) 
thrown [s\src\hotspot\share\prims\jni.cpp, line 520]
Event: 2927.582 Thread 0x000001a6f92df600 Exception <a 'sun/nio/fs/WindowsException'{0x00000000d5935ec8}> (0x00000000d5935ec8) 
thrown [s\src\hotspot\share\prims\jni.cpp, line 520]
Event: 2927.787 Thread 0x000001a6f92df600 Exception <a 'sun/nio/fs/WindowsException'{0x00000000d5596700}> (0x00000000d5596700) 
thrown [s\src\hotspot\share\prims\jni.cpp, line 520]
Event: 2927.954 Thread 0x000001a6f92df600 Implicit null exception at 0x000001a69f638a60 to 0x000001a69f63a6db
Event: 2927.954 Thread 0x000001a6f92df600 Exception <a 'java/lang/NullPointerException'{0x00000000d57074a8}> (0x00000000d57074a8) 
thrown [s\src\hotspot\share\runtime\sharedRuntime.cpp, line 625]

ZGC Phase Switch (0 events):
No events

VM Operations (20 events):
Event: 2927.633 Executing safepoint VM operation: ParallelGCFailedAllocation (Allocation Failure) done
Event: 2927.639 Executing safepoint VM operation: ParallelGCFailedAllocation (Allocation Failure)
Event: 2927.644 Executing safepoint VM operation: ParallelGCFailedAllocation (Allocation Failure) done
Event: 2927.650 Executing safepoint VM operation: ParallelGCFailedAllocation (Allocation Failure)
Event: 2927.654 Executing safepoint VM operation: ParallelGCFailedAllocation (Allocation Failure) done
Event: 2927.661 Executing safepoint VM operation: ParallelGCFailedAllocation (Allocation Failure)
Event: 2927.665 Executing safepoint VM operation: ParallelGCFailedAllocation (Allocation Failure) done
Event: 2927.713 Executing safepoint VM operation: ParallelGCFailedAllocation (Allocation Failure)
Event: 2927.720 Executing safepoint VM operation: ParallelGCFailedAllocation (Allocation Failure) done
Event: 2927.729 Executing safepoint VM operation: ParallelGCFailedAllocation (Allocation Failure)
Event: 2927.735 Executing safepoint VM operation: ParallelGCFailedAllocation (Allocation Failure) done
Event: 2927.765 Executing safepoint VM operation: ParallelGCFailedAllocation (Allocation Failure)
Event: 2927.773 Executing safepoint VM operation: ParallelGCFailedAllocation (Allocation Failure) done
Event: 2927.823 Executing safepoint VM operation: ParallelGCFailedAllocation (Allocation Failure)
Event: 2927.828 Executing safepoint VM operation: ParallelGCFailedAllocation (Allocation Failure) done
Event: 2927.902 Executing safepoint VM operation: ParallelGCFailedAllocation (Allocation Failure)
Event: 2927.907 Executing safepoint VM operation: ParallelGCFailedAllocation (Allocation Failure) done
Event: 2927.940 Executing safepoint VM operation: ParallelGCFailedAllocation (Allocation Failure)
Event: 2927.944 Executing safepoint VM operation: ParallelGCFailedAllocation (Allocation Failure) done
Event: 2927.965 Executing safepoint VM operation: ParallelGCFailedAllocation (Allocation Failure)

Memory protections (0 events):
No events

Nmethod flushes (20 events):
Event: 2320.540 Thread 0x000001a6b0f12300 flushing osr nmethod 0x000001a69f638610
Event: 2320.540 Thread 0x000001a6b0f12300 flushing  nmethod 0x000001a69f68ec90
Event: 2320.540 Thread 0x000001a6b0f12300 flushing  nmethod 0x000001a69f761310
Event: 2320.540 Thread 0x000001a6b0f12300 flushing  nmethod 0x000001a69f763510
Event: 2320.540 Thread 0x000001a6b0f12300 flushing  nmethod 0x000001a69f764090
Event: 2320.540 Thread 0x000001a6b0f12300 flushing  nmethod 0x000001a69f765690
Event: 2320.540 Thread 0x000001a6b0f12300 flushing  nmethod 0x000001a69f765a90
Event: 2320.540 Thread 0x000001a6b0f12300 flushing osr nmethod 0x000001a69f7a1f10
Event: 2320.540 Thread 0x000001a6b0f12300 flushing  nmethod 0x000001a69f7ded10
Event: 2320.540 Thread 0x000001a6b0f12300 flushing  nmethod 0x000001a69f819d10
Event: 2320.540 Thread 0x000001a6b0f12300 flushing  nmethod 0x000001a69f82fc10
Event: 2320.540 Thread 0x000001a6b0f12300 flushing  nmethod 0x000001a69f837190
Event: 2320.540 Thread 0x000001a6b0f12300 flushing  nmethod 0x000001a69f881a10
Event: 2320.540 Thread 0x000001a6b0f12300 flushing  nmethod 0x000001a69f893510
Event: 2320.541 Thread 0x000001a6b0f12300 flushing  nmethod 0x000001a69f89b890
Event: 2320.541 Thread 0x000001a6b0f12300 flushing  nmethod 0x000001a69f89c190
Event: 2320.541 Thread 0x000001a6b0f12300 flushing  nmethod 0x000001a69f89cc90
Event: 2320.541 Thread 0x000001a6b0f12300 flushing  nmethod 0x000001a69f89e210
Event: 2320.541 Thread 0x000001a6b0f12300 flushing  nmethod 0x000001a69f8b8490
Event: 2320.541 Thread 0x000001a6b0f12300 flushing  nmethod 0x000001a69f8ca190

Events (20 events):
Event: 2922.060 Thread 0x000001a6f3472be0 Thread added: 0x000001a6fe0476b0
Event: 2922.087 Thread 0x000001a6f92ddbc0 Thread added: 0x000001a6f92de250
Event: 2922.134 Thread 0x000001a6f92de250 Thread added: 0x000001a6f92dadd0
Event: 2922.255 Thread 0x000001a6f92dc810 Thread added: 0x000001a6f92e0320
Event: 2922.257 Thread 0x000001a6f92dc810 Thread added: 0x000001a6fb930bf0
Event: 2922.291 Thread 0x000001a6f92dc810 Thread added: 0x000001a6fb9339e0
Event: 2922.294 Thread 0x000001a6f92dc810 Thread added: 0x000001a6fc7fe2a0
Event: 2922.296 Thread 0x000001a6f92dc810 Thread added: 0x000001a6fc7fdc10
Event: 2922.300 Thread 0x000001a6f92dc810 Thread added: 0x000001a6fc7ff650
Event: 2922.303 Thread 0x000001a6f92dc810 Thread added: 0x000001a6fc7fcef0
Event: 2922.319 Thread 0x000001a6f92dc810 Thread added: 0x000001a6fc7fe930
Event: 2922.321 Thread 0x000001a6f92dc810 Thread added: 0x000001a6fc7fefc0
Event: 2923.668 Thread 0x000001a6fe0476b0 Thread exited: 0x000001a6fe0476b0
Event: 2923.776 Thread 0x000001a6fcc8a510 Thread exited: 0x000001a6fcc8a510
Event: 2925.521 Thread 0x000001a6f3470360 Thread added: 0x000001a6fe0476b0
Event: 2925.567 Thread 0x000001a6f3470360 Thread added: 0x000001a6fe047d80
Event: 2926.082 Thread 0x000001a6fe047d80 Thread exited: 0x000001a6fe047d80
Event: 2926.082 Thread 0x000001a6fe0476b0 Thread exited: 0x000001a6fe0476b0
Event: 2926.872 Thread 0x000001a6f3470360 Thread added: 0x000001a6fe048b20
Event: 2927.054 Thread 0x000001a6f3472be0 Thread added: 0x000001a6fe046fe0


Dynamic libraries:
0x00007ff6036b0000 - 0x00007ff6036be000 	c:\Users\sujit kumar\.windsurf\extensions\redhat.java-1.55.0-win32-x64\jre\21.0.11-win32-x86_64\bin\java.exe
0x00007ffbf9b40000 - 0x00007ffbf9da6000 	C:\WINDOWS\SYSTEM32\ntdll.dll
0x00007ffbc4830000 - 0x00007ffbc4851000 	C:\Program Files\Avast Software\Avast\aswhook.dll
0x00007ffbf7bd0000 - 0x00007ffbf7c99000 	C:\WINDOWS\System32\KERNEL32.DLL
0x00007ffbf70c0000 - 0x00007ffbf74ba000 	C:\WINDOWS\System32\KERNELBASE.dll
0x00007ffbf3a00000 - 0x00007ffbf3aa0000 	C:\WINDOWS\SYSTEM32\apphelp.dll
0x00007ffbf6e90000 - 0x00007ffbf6fdc000 	C:\WINDOWS\System32\ucrtbase.dll
0x00007ffbd43b0000 - 0x00007ffbd43ce000 	c:\Users\sujit kumar\.windsurf\extensions\redhat.java-1.55.0-win32-x64\jre\21.0.11-win32-x86_64\bin\VCRUNTIME140.dll
0x00007ffbef2d0000 - 0x00007ffbef2e8000 	c:\Users\sujit kumar\.windsurf\extensions\redhat.java-1.55.0-win32-x64\jre\21.0.11-win32-x86_64\bin\jli.dll
0x00007ffbf93c0000 - 0x00007ffbf9587000 	C:\WINDOWS\System32\USER32.dll
0x00007ffbf6fe0000 - 0x00007ffbf7007000 	C:\WINDOWS\System32\win32u.dll
0x00007ffbe0f40000 - 0x00007ffbe11d2000 	C:\WINDOWS\WinSxS\amd64_microsoft.windows.common-controls_6595b64144ccf1df_6.0.26100.8521_none_3e08b75ce33403b3\COMCTL32.dll
0x00007ffbf98f0000 - 0x00007ffbf991b000 	C:\WINDOWS\System32\GDI32.dll
0x00007ffbf8c80000 - 0x00007ffbf8d29000 	C:\WINDOWS\System32\msvcrt.dll
0x00007ffbf74c0000 - 0x00007ffbf75eb000 	C:\WINDOWS\System32\gdi32full.dll
0x00007ffbf7010000 - 0x00007ffbf70b3000 	C:\WINDOWS\System32\msvcp_win.dll
0x00007ffbf7cc0000 - 0x00007ffbf7cf2000 	C:\WINDOWS\System32\IMM32.DLL
0x00007ffbe4930000 - 0x00007ffbe493c000 	c:\Users\sujit kumar\.windsurf\extensions\redhat.java-1.55.0-win32-x64\jre\21.0.11-win32-x86_64\bin\vcruntime140_1.dll
0x00007ffbc0b20000 - 0x00007ffbc0bad000 	c:\Users\sujit kumar\.windsurf\extensions\redhat.java-1.55.0-win32-x64\jre\21.0.11-win32-x86_64\bin\msvcp140.dll
0x00007ffb20c10000 - 0x00007ffb219b2000 	c:\Users\sujit kumar\.windsurf\extensions\redhat.java-1.55.0-win32-x64\jre\21.0.11-win32-x86_64\bin\server\jvm.dll
0x00007ffbf9980000 - 0x00007ffbf9a36000 	C:\WINDOWS\System32\ADVAPI32.dll
0x00007ffbf8bd0000 - 0x00007ffbf8c7a000 	C:\WINDOWS\System32\sechost.dll
0x00007ffbf8e10000 - 0x00007ffbf8f28000 	C:\WINDOWS\System32\RPCRT4.dll
0x00007ffbf78e0000 - 0x00007ffbf7960000 	C:\WINDOWS\System32\WS2_32.dll
0x00007ffbefa50000 - 0x00007ffbefa5b000 	C:\WINDOWS\SYSTEM32\VERSION.dll
0x00007ffbf6c30000 - 0x00007ffbf6c8e000 	C:\WINDOWS\SYSTEM32\POWRPROF.dll
0x00007ffbef9d0000 - 0x00007ffbefa06000 	C:\WINDOWS\SYSTEM32\WINMM.dll
0x00007ffbf6c10000 - 0x00007ffbf6c24000 	C:\WINDOWS\SYSTEM32\UMPDC.dll
0x00007ffbf5b60000 - 0x00007ffbf5b7b000 	C:\WINDOWS\SYSTEM32\kernel.appcore.dll
0x00007ffbddfb0000 - 0x00007ffbddfba000 	c:\Users\sujit kumar\.windsurf\extensions\redhat.java-1.55.0-win32-x64\jre\21.0.11-win32-x86_64\bin\jimage.dll
0x00007ffbf45d0000 - 0x00007ffbf4812000 	C:\WINDOWS\SYSTEM32\DBGHELP.DLL
0x00007ffbf8fb0000 - 0x00007ffbf9333000 	C:\WINDOWS\System32\combase.dll
0x00007ffbf8d30000 - 0x00007ffbf8e09000 	C:\WINDOWS\System32\OLEAUT32.dll
0x00007ffbe8290000 - 0x00007ffbe82cb000 	C:\WINDOWS\SYSTEM32\dbgcore.DLL
0x00007ffbf75f0000 - 0x00007ffbf7698000 	C:\WINDOWS\System32\bcryptPrimitives.dll
0x00007ffbdded0000 - 0x00007ffbddedf000 	c:\Users\sujit kumar\.windsurf\extensions\redhat.java-1.55.0-win32-x64\jre\21.0.11-win32-x86_64\bin\instrument.dll
0x00007ffbca190000 - 0x00007ffbca1b0000 	c:\Users\sujit kumar\.windsurf\extensions\redhat.java-1.55.0-win32-x64\jre\21.0.11-win32-x86_64\bin\java.dll
0x00007ffbf8190000 - 0x00007ffbf8914000 	C:\WINDOWS\System32\SHELL32.dll
0x00007ffbf49d0000 - 0x00007ffbf5250000 	C:\WINDOWS\SYSTEM32\windows.storage.dll
0x00007ffbf9590000 - 0x00007ffbf9686000 	C:\WINDOWS\System32\SHCORE.dll
0x00007ffbf7970000 - 0x00007ffbf79d7000 	C:\WINDOWS\System32\shlwapi.dll
0x00007ffbf6cf0000 - 0x00007ffbf6d19000 	C:\WINDOWS\SYSTEM32\profapi.dll
0x00007ffbc2c60000 - 0x00007ffbc2c78000 	c:\Users\sujit kumar\.windsurf\extensions\redhat.java-1.55.0-win32-x64\jre\21.0.11-win32-x86_64\bin\zip.dll
0x00007ffbd6660000 - 0x00007ffbd6670000 	C:\Users\sujit kumar\.windsurf\extensions\redhat.java-1.55.0-win32-x64\jre\21.0.11-win32-x86_64\bin\net.dll
0x00007ffbec170000 - 0x00007ffbec299000 	C:\WINDOWS\SYSTEM32\WINHTTP.dll
0x00007ffbf60d0000 - 0x00007ffbf613c000 	C:\WINDOWS\system32\mswsock.dll
0x00007ffbcd750000 - 0x00007ffbcd766000 	C:\Users\sujit kumar\.windsurf\extensions\redhat.java-1.55.0-win32-x64\jre\21.0.11-win32-x86_64\bin\nio.dll
0x00007ffbd5fc0000 - 0x00007ffbd5fd0000 	c:\Users\sujit kumar\.windsurf\extensions\redhat.java-1.55.0-win32-x64\jre\21.0.11-win32-x86_64\bin\verify.dll
0x00007ffbb0670000 - 0x00007ffbb06b5000 	C:\Users\sujit kumar\AppData\Roaming\Windsurf\User\globalStorage\redhat.java\1.55.0\config_win\org.eclipse.equinox.launcher\org.eclipse.equinox.launcher.win32.win32.x86_64_1.3.100.v20260613-0559\eclipse_11924.dll
0x00007ffbf8920000 - 0x00007ffbf8ab8000 	C:\WINDOWS\System32\ole32.dll
0x00007ffbd5ec0000 - 0x00007ffbd5eca000 	C:\Users\sujit kumar\.windsurf\extensions\redhat.java-1.55.0-win32-x64\jre\21.0.11-win32-x86_64\bin\management.dll
0x00007ffbd5a90000 - 0x00007ffbd5a9c000 	C:\Users\sujit kumar\.windsurf\extensions\redhat.java-1.55.0-win32-x64\jre\21.0.11-win32-x86_64\bin\management_ext.dll
0x00007ffbf9920000 - 0x00007ffbf9928000 	C:\WINDOWS\System32\PSAPI.DLL
0x00007ffbf63b0000 - 0x00007ffbf63cb000 	C:\WINDOWS\SYSTEM32\CRYPTSP.dll
0x00007ffbf5ac0000 - 0x00007ffbf5af9000 	C:\WINDOWS\system32\rsaenh.dll
0x00007ffbf6180000 - 0x00007ffbf61b3000 	C:\WINDOWS\SYSTEM32\USERENV.dll
0x00007ffbf6cc0000 - 0x00007ffbf6cea000 	C:\WINDOWS\SYSTEM32\bcrypt.dll
0x00007ffbf63d0000 - 0x00007ffbf63dc000 	C:\WINDOWS\SYSTEM32\CRYPTBASE.dll
0x00007ffbf5610000 - 0x00007ffbf5643000 	C:\WINDOWS\SYSTEM32\IPHLPAPI.DLL
0x00007ffbf7cb0000 - 0x00007ffbf7cba000 	C:\WINDOWS\System32\NSI.dll
0x00007ffbac3f0000 - 0x00007ffbac439000 	C:\Users\sujit kumar\AppData\Local\Temp\jna--1123618105\jna17822585122029242076.dll
0x00007ffbec410000 - 0x00007ffbec42d000 	C:\WINDOWS\SYSTEM32\dhcpcsvc6.DLL
0x00007ffbec3e0000 - 0x00007ffbec405000 	C:\WINDOWS\SYSTEM32\dhcpcsvc.DLL
0x00007ffbd1e10000 - 0x00007ffbd1e1e000 	C:\Users\sujit kumar\.windsurf\extensions\redhat.java-1.55.0-win32-x64\jre\21.0.11-win32-x86_64\bin\sunmscapi.dll
0x00007ffbf7730000 - 0x00007ffbf78a8000 	C:\WINDOWS\System32\CRYPT32.dll
0x00007ffbf65d0000 - 0x00007ffbf6600000 	C:\WINDOWS\SYSTEM32\ncrypt.dll
0x00007ffbf6580000 - 0x00007ffbf65bf000 	C:\WINDOWS\SYSTEM32\NTASN1.dll
0x00007ffbf5650000 - 0x00007ffbf579a000 	C:\WINDOWS\SYSTEM32\DNSAPI.dll
0x00007ffbf5ef0000 - 0x00007ffbf5efd000 	C:\WINDOWS\SYSTEM32\DSPARSE.dll
0x00007ffbe9820000 - 0x00007ffbe982b000 	C:\Windows\System32\rasadhlp.dll
0x00007ffbe9850000 - 0x00007ffbe98d6000 	C:\WINDOWS\System32\fwpuclnt.dll
0x00007ffbcd740000 - 0x00007ffbcd749000 	C:\Users\sujit kumar\.windsurf\extensions\redhat.java-1.55.0-win32-x64\jre\21.0.11-win32-x86_64\bin\extnet.dll

JVMTI agents:
c:\Users\sujit kumar\.windsurf\extensions\redhat.java-1.55.0-win32-x64\lombok\lombok-1.18.39-4050.jar path:c:\Users\sujit kumar\.windsurf\extensions\redhat.java-1.55.0-win32-x64\jre\21.0.11-win32-x86_64\bin\instrument.dll, loaded, initialized, instrumentlib options:none

dbghelp: loaded successfully - version: 4.0.5 - missing functions: none
symbol engine: initialized successfully - sym options: 0x614 - pdb path: .;c:\Users\sujit kumar\.windsurf\extensions\redhat.java-1.55.0-win32-x64\jre\21.0.11-win32-x86_64\bin;C:\WINDOWS\SYSTEM32;C:\Program Files\Avast Software\Avast;C:\WINDOWS\WinSxS\amd64_microsoft.windows.common-controls_6595b64144ccf1df_6.0.26100.8521_none_3e08b75ce33403b3;c:\Users\sujit kumar\.windsurf\extensions\redhat.java-1.55.0-win32-x64\jre\21.0.11-win32-x86_64\bin\server;C:\Users\sujit kumar\AppData\Roaming\Windsurf\User\globalStorage\redhat.java\1.55.0\config_win\org.eclipse.equinox.launcher\org.eclipse.equinox.launcher.win32.win32.x86_64_1.3.100.v20260613-0559;C:\Users\sujit kumar\AppData\Local\Temp\jna--1123618105

VM Arguments:
jvm_args: --add-modules=ALL-SYSTEM --add-opens=java.base/java.util=ALL-UNNAMED --add-opens=java.base/java.lang=ALL-UNNAMED --add-opens=java.base/sun.nio.fs=ALL-UNNAMED -Declipse.application=org.eclipse.jdt.ls.core.id1 -Dosgi.bundles.defaultStartLevel=4 -Declipse.product=org.eclipse.jdt.ls.core.product -Djava.import.generatesMetadataFilesAtProjectRoot=false -DDetectVMInstallationsJob.disabled=true -Dfile.encoding=utf8 -XX:+UseParallelGC -XX:GCTimeRatio=4 -XX:AdaptiveSizePolicyWeight=90 -Dsun.zip.disableMemoryMapping=true -Xmx2G -Xms100m -Xlog:disable -javaagent:c:\Users\sujit kumar\.windsurf\extensions\redhat.java-1.55.0-win32-x64\lombok\lombok-1.18.39-4050.jar -XX:+HeapDumpOnOutOfMemoryError -XX:HeapDumpPath=c:\Users\sujit kumar\AppData\Roaming\Windsurf\User\workspaceStorage\909e001eae301016b7e0bf0a875534cd\redhat.java -Daether.dependencyCollector.impl=bf 
java_command: c:\Users\sujit kumar\.windsurf\extensions\redhat.java-1.55.0-win32-x64\server\plugins\org.eclipse.equinox.launcher_1.7.200.v20260619-2039.jar -configuration c:\Users\sujit kumar\AppData\Roaming\Windsurf\User\globalStorage\redhat.java\1.55.0\config_win -data c:\Users\sujit kumar\AppData\Roaming\Windsurf\User\workspaceStorage\909e001eae301016b7e0bf0a875534cd\redhat.java\jdt_ws --pipe=\\.\pipe\lsp-40555245f4290002c8b4d00945c53adb-sock
java_class_path (initial): c:\Users\sujit kumar\.windsurf\extensions\redhat.java-1.55.0-win32-x64\server\plugins\org.eclipse.equinox.launcher_1.7.200.v20260619-2039.jar
Launcher Type: SUN_STANDARD

[Global flags]
    uintx AdaptiveSizePolicyWeight                 = 90                                        {product} {command line}
     intx CICompilerCount                          = 4                                         {product} {ergonomic}
    uintx GCTimeRatio                              = 4                                         {product} {command line}
     bool HeapDumpOnOutOfMemoryError               = true                                   {manageable} {command line}
    ccstr HeapDumpPath                             = c:\Users\sujit kumar\AppData\Roaming\Windsurf\User\workspaceStorage\909e001eae301016b7e0bf0a875534cd\redhat.java         {manageable} {command line}
   size_t InitialHeapSize                          = 104857600                                 {product} {command line}
   size_t MaxHeapSize                              = 2147483648                                {product} {command line}
   size_t MaxNewSize                               = 715653120                                 {product} {ergonomic}
   size_t MinHeapDeltaBytes                        = 524288                                    {product} {ergonomic}
   size_t MinHeapSize                              = 104857600                                 {product} {command line}
   size_t NewSize                                  = 34603008                                  {product} {ergonomic}
    uintx NonNMethodCodeHeapSize                   = 5839372                                {pd product} {ergonomic}
    uintx NonProfiledCodeHeapSize                  = 122909434                              {pd product} {ergonomic}
   size_t OldSize                                  = 70254592                                  {product} {ergonomic}
    uintx ProfiledCodeHeapSize                     = 122909434                              {pd product} {ergonomic}
    uintx ReservedCodeCacheSize                    = 251658240                              {pd product} {ergonomic}
     bool SegmentedCodeCache                       = true                                      {product} {ergonomic}
   size_t SoftMaxHeapSize                          = 2147483648                             {manageable} {ergonomic}
     bool UseCompressedOops                        = true                           {product lp64_product} {ergonomic}
     bool UseLargePagesIndividualAllocation        = false                                  {pd product} {ergonomic}
     bool UseParallelGC                            = true                                      {product} {command line}

Logging:
Log output configuration:
 #0: stdout all=off uptime,level,tags foldmultilines=false
 #1: stderr all=off uptime,level,tags foldmultilines=false

Release file:
JAVA_VERSION="21.0.11" 
MODULES="java.base java.compiler java.datatransfer java.xml java.prefs java.desktop java.instrument java.logging java.management java.security.sasl java.naming java.rmi java.management.rmi java.net.http java.scripting java.security.jgss java.transaction.xa java.sql java.sql.rowset java.xml.crypto java.se java.smartcardio jdk.accessibility jdk.internal.jvmstat jdk.attach jdk.charsets jdk.internal.opt jdk.zipfs jdk.compiler jdk.crypto.ec jdk.crypto.cryptoki jdk.crypto.mscapi jdk.dynalink jdk.internal.ed jdk.editpad jdk.hotspot.agent jdk.httpserver jdk.internal.le jdk.internal.vm.ci jdk.internal.vm.compiler jdk.internal.vm.compiler.management jdk.jartool jdk.javadoc jdk.jcmd jdk.management jdk.management.agent jdk.jconsole jdk.jdeps jdk.jdwp.agent jdk.jdi jdk.jfr jdk.jshell jdk.jsobject jdk.jstatd jdk.localedata jdk.management.jfr jdk.naming.dns jdk.naming.rmi jdk.net jdk.nio.mapmode jdk.random jdk.sctp jdk.security.auth jdk.security.jgss jdk.unsupported jdk.unsupported.desktop jdk.xml.dom" 

Environment Variables:
PATH=C:\Users\sujit kumar\AppData\Local\Programs\Windsurf;C:\Program Files\Common Files\Oracle\Java\javapath;C:\WINDOWS\system32;C:\WINDOWS;C:\WINDOWS\System32\Wbem;C:\WINDOWS\System32\WindowsPowerShell\v1.0\;C:\WINDOWS\System32\OpenSSH\;C:\php-8.4.5;C:\Program Files\Git\cmd;C:\Program Files\Java\jdk-21\bin;C:\Program Files\nodejs\;C:\Program Files\MongoDB\Server\8.2\bin;C:\Users\sujit kumar\AppData\Local\Programs\Python\Python312\Scripts\;C:\Users\sujit kumar\AppData\Local\Programs\Python\Python312\;C:\Users\sujit kumar\AppData\Local\Microsoft\WindowsApps;C:\Users\sujit kumar\AppData\Local\Programs\Microsoft VS Code\bin;C:\php-8.4.5;C:\Program Files\Git\bin;C:\Users\sujit kumar\AppData\Roaming\npm;C:\Users\sujit kumar\AppData\Local\Programs\cursor\resources\app\bin;C:\Users\sujit kumar\AppData\Local\Programs\Windsurf\bin;C:\mongosh\
USERNAME=sujit kumar
OS=Windows_NT
PROCESSOR_IDENTIFIER=AMD64 Family 23 Model 104 Stepping 1, AuthenticAMD
TMP=C:\Users\SUJITK~1\AppData\Local\Temp
TEMP=C:\Users\SUJITK~1\AppData\Local\Temp




Periodic native trim disabled

---------------  S Y S T E M  ---------------

OS:
 Windows 11 , 64 bit Build 26100 (10.0.26100.8521)
OS uptime: 1 days 20:02 hours

CPU: total 12 (initial active 12) (12 cores per cpu, 2 threads per core) family 23 model 104 stepping 1 microcode 0x8608109, cx8, cmov, fxsr, ht, mmx, 3dnowpref, sse, sse2, sse3, ssse3, sse4a, sse4.1, sse4.2, popcnt, lzcnt, tsc, tscinvbit, avx, avx2, aes, clmul, bmi1, bmi2, adx, sha, fma, vzeroupper, clflush, clflushopt, rdtscp, rdpid, f16c
Processor Information for the first 12 processors :
  Max Mhz: 2100, Current Mhz: 2100, Mhz Limit: 2100

Memory: 4k page, system-wide physical 5989M (706M free)
TotalPageFile size 24421M (AvailPageFile size 45M)
current process WorkingSet (physical memory assigned to process): 451M, peak: 767M
current process commit charge ("private bytes"): 1458M, peak: 1628M

vm_info: OpenJDK 64-Bit Server VM (21.0.11+10-LTS) for windows-amd64 JRE (21.0.11+10-LTS), built on 2026-04-21T00:00:00Z by "admin" with MS VC++ 17.12 (VS2022)

END.
