#
# There is insufficient memory for the Java Runtime Environment to continue.
# Native memory allocation (malloc) failed to allocate 240960 bytes. Error detail: Chunk::new
# Possible reasons:
#   The system is out of physical RAM or swap space
#   This process is running with CompressedOops enabled, and the Java Heap may be blocking the growth of the native heap
# Possible solutions:
#   Reduce memory load on the system
#   Increase physical memory or swap space
#   Check if swap backing store is full
#   Decrease Java heap size (-Xmx/-Xms)
#   Decrease number of Java threads
#   Decrease Java thread stack sizes (-Xss)
#   Set larger code cache with -XX:ReservedCodeCacheSize=
#   JVM is running with Unscaled Compressed Oops mode in which the Java heap is
#     placed in the first 4GB address space. The Java Heap base address is the
#     maximum limit for the native heap growth. Please use -XX:HeapBaseMinAddress
#     to set the Java Heap base and to place the Java Heap above 4GB virtual address.
# This output file may be truncated or incomplete.
#
#  Out of Memory Error (arena.cpp:168), pid=20532, tid=248
#
# JRE version: OpenJDK Runtime Environment Temurin-21.0.11+10 (21.0.11+10) (build 21.0.11+10-LTS)
# Java VM: OpenJDK 64-Bit Server VM Temurin-21.0.11+10 (21.0.11+10-LTS, mixed mode, sharing, tiered, compressed oops, compressed class ptrs, parallel gc, windows-amd64)
# No core dump will be written. Minidumps are not enabled by default on client versions of Windows
#

---------------  S U M M A R Y ------------

Command Line: --add-modules=ALL-SYSTEM --add-opens=java.base/java.util=ALL-UNNAMED --add-opens=java.base/java.lang=ALL-UNNAMED --add-opens=java.base/sun.nio.fs=ALL-UNNAMED -Declipse.application=org.eclipse.jdt.ls.core.id1 -Dosgi.bundles.defaultStartLevel=4 -Declipse.product=org.eclipse.jdt.ls.core.product -Djava.import.generatesMetadataFilesAtProjectRoot=false -DDetectVMInstallationsJob.disabled=true -Dfile.encoding=utf8 -XX:+UseParallelGC -XX:GCTimeRatio=4 -XX:AdaptiveSizePolicyWeight=90 -Dsun.zip.disableMemoryMapping=true -Xmx2G -Xms100m -Xlog:disable -javaagent:c:\Users\sujit kumar\.windsurf\extensions\redhat.java-1.55.0-win32-x64\lombok\lombok-1.18.39-4050.jar -XX:+HeapDumpOnOutOfMemoryError -XX:HeapDumpPath=c:\Users\sujit kumar\AppData\Roaming\Windsurf\User\workspaceStorage\909e001eae301016b7e0bf0a875534cd\redhat.java -Daether.dependencyCollector.impl=bf c:\Users\sujit kumar\.windsurf\extensions\redhat.java-1.55.0-win32-x64\server\plugins\org.eclipse.equinox.launcher_1.7.200.v20260619-2039.jar -configuration c:\Users\sujit kumar\AppData\Roaming\Windsurf\User\globalStorage\redhat.java\1.55.0\config_win -data c:\Users\sujit kumar\AppData\Roaming\Windsurf\User\workspaceStorage\909e001eae301016b7e0bf0a875534cd\redhat.java\jdt_ws --pipe=\\.\pipe\lsp-a73be5d96673ebdca613c104eadb3c26-sock

Host: AMD Ryzen 5 5500U with Radeon Graphics         , 12 cores, 5G,  Windows 11 , 64 bit Build 26100 (10.0.26100.8521)
Time: Fri Jul 17 10:26:34 2026 India Standard Time elapsed time: 16.795360 seconds (0d 0h 0m 16s)

---------------  T H R E A D  ---------------

Current thread (0x00000241e568d950):  JavaThread "C2 CompilerThread0" daemon [_thread_in_native, id=248, stack(0x000000fbaeb00000,0x000000fbaec00000) (1024K)]


Current CompileTask:
C2:16795 2121   !   4       java.lang.String::<init> (880 bytes)

Stack: [0x000000fbaeb00000,0x000000fbaec00000]
Native frames: (J=compiled Java code, j=interpreted, Vv=VM code, C=native code)
V  [jvm.dll+0x6d7e19]
V  [jvm.dll+0x8b5096]
V  [jvm.dll+0x8b764e]
V  [jvm.dll+0x8b7d33]
V  [jvm.dll+0x284596]
V  [jvm.dll+0xc685d]
V  [jvm.dll+0xc6da1]
V  [jvm.dll+0x3bed6b]
V  [jvm.dll+0x38b2b2]
V  [jvm.dll+0x38a6fa]
V  [jvm.dll+0x24c700]
V  [jvm.dll+0x24bce0]
V  [jvm.dll+0x1cb4ae]
V  [jvm.dll+0x25baad]
V  [jvm.dll+0x25a03a]
V  [jvm.dll+0x3f868e]
V  [jvm.dll+0x85fb0d]
V  [jvm.dll+0x6d664d]
C  [ucrtbase.dll+0x2cd30]
C  [KERNEL32.DLL+0x2e957]
C  [ntdll.dll+0x87c1c]


---------------  P R O C E S S  ---------------

Threads class SMR info:
_java_thread_list=0x00000241fe4afeb0, length=15, elements={
0x00000241e32a72c0, 0x00000241e557cce0, 0x00000241e5673f50, 0x00000241e567d360,
0x00000241e567e120, 0x00000241e56820f0, 0x00000241e5682bf0, 0x00000241e568d950,
0x00000241e568e620, 0x00000241fd522d00, 0x00000241fd650aa0, 0x00000241fe49d8e0,
0x00000241fd3f6260, 0x00000241fe328040, 0x00000241fe3286b0
}

Java Threads: ( => current thread )
  0x00000241e32a72c0 JavaThread "main"                              [_thread_blocked, id=27916, stack(0x000000fbae100000,0x000000fbae200000) (1024K)]
  0x00000241e557cce0 JavaThread "Reference Handler"          daemon [_thread_blocked, id=4312, stack(0x000000fbae500000,0x000000fbae600000) (1024K)]
  0x00000241e5673f50 JavaThread "Finalizer"                  daemon [_thread_blocked, id=24064, stack(0x000000fbae600000,0x000000fbae700000) (1024K)]
  0x00000241e567d360 JavaThread "Signal Dispatcher"          daemon [_thread_blocked, id=28916, stack(0x000000fbae700000,0x000000fbae800000) (1024K)]
  0x00000241e567e120 JavaThread "Attach Listener"            daemon [_thread_blocked, id=31464, stack(0x000000fbae800000,0x000000fbae900000) (1024K)]
  0x00000241e56820f0 JavaThread "Service Thread"             daemon [_thread_blocked, id=2344, stack(0x000000fbae900000,0x000000fbaea00000) (1024K)]
  0x00000241e5682bf0 JavaThread "Monitor Deflation Thread"   daemon [_thread_blocked, id=28080, stack(0x000000fbaea00000,0x000000fbaeb00000) (1024K)]
=>0x00000241e568d950 JavaThread "C2 CompilerThread0"         daemon [_thread_in_native, id=248, stack(0x000000fbaeb00000,0x000000fbaec00000) (1024K)]
  0x00000241e568e620 JavaThread "C1 CompilerThread0"         daemon [_thread_blocked, id=30592, stack(0x000000fbaec00000,0x000000fbaed00000) (1024K)]
  0x00000241fd522d00 JavaThread "Common-Cleaner"             daemon [_thread_blocked, id=9652, stack(0x000000fbaed00000,0x000000fbaee00000) (1024K)]
  0x00000241fd650aa0 JavaThread "Notification Thread"        daemon [_thread_blocked, id=1704, stack(0x000000fbaee00000,0x000000fbaef00000) (1024K)]
  0x00000241fe49d8e0 JavaThread "Active Thread: Equinox Container: b443f45c-cca4-448a-991d-f5f17a2c612c"        [_thread_blocked, id=26896, stack(0x000000fbaef00000,0x000000fbaf000000) (1024K)]
  0x00000241fd3f6260 JavaThread "Refresh Thread: Equinox Container: b443f45c-cca4-448a-991d-f5f17a2c612c" daemon [_thread_blocked, id=28704, stack(0x000000fbaf700000,0x000000fbaf800000) (1024K)]
  0x00000241fe328040 JavaThread "Framework Event Dispatcher: Equinox Container: b443f45c-cca4-448a-991d-f5f17a2c612c" daemon [_thread_blocked, id=10688, stack(0x000000fbaf800000,0x000000fbaf900000) (1024K)]
  0x00000241fe3286b0 JavaThread "Start Level: Equinox Container: b443f45c-cca4-448a-991d-f5f17a2c612c" daemon [_thread_in_native, id=29724, stack(0x000000fbaf900000,0x000000fbafa00000) (1024K)]
Total: 15

Other Threads:
  0x00000241e5673ba0 VMThread "VM Thread"                           [id=632, stack(0x000000fbae400000,0x000000fbae500000) (1024K)]
  0x00000241e545ca10 WatcherThread "VM Periodic Task Thread"        [id=10544, stack(0x000000fbae300000,0x000000fbae400000) (1024K)]
  0x00000241e55f3bb0 WorkerThread "GC Thread#0"                     [id=31272, stack(0x000000fbae200000,0x000000fbae300000) (1024K)]
  0x00000241fe8eaad0 WorkerThread "GC Thread#1"                     [id=4416, stack(0x000000fbaf000000,0x000000fbaf100000) (1024K)]
  0x00000241fe3c3d60 WorkerThread "GC Thread#2"                     [id=31440, stack(0x000000fbaf100000,0x000000fbaf200000) (1024K)]
  0x00000241fe75fa10 WorkerThread "GC Thread#3"                     [id=23056, stack(0x000000fbaf200000,0x000000fbaf300000) (1024K)]
  0x00000241fe717150 WorkerThread "GC Thread#4"                     [id=25232, stack(0x000000fbaf300000,0x000000fbaf400000) (1024K)]
  0x00000241fe717500 WorkerThread "GC Thread#5"                     [id=5556, stack(0x000000fbaf400000,0x000000fbaf500000) (1024K)]
  0x00000241fe3e2810 WorkerThread "GC Thread#6"                     [id=31408, stack(0x000000fbaf500000,0x000000fbaf600000) (1024K)]
  0x00000241fd55a8a0 WorkerThread "GC Thread#7"                     [id=3336, stack(0x000000fbaf600000,0x000000fbaf700000) (1024K)]
Total: 10

Threads with active compile tasks:
C2 CompilerThread0  21287 2121   !   4       java.lang.String::<init> (880 bytes)
Total: 1

VM state: not at safepoint (normal execution)

VM Mutex/Monitor currently owned by a thread: None

Heap address: 0x0000000080000000, size: 2048 MB, Compressed Oops mode: 32-bit

CDS archive(s) mapped at: [0x0000024180000000-0x0000024180ba0000-0x0000024180ba0000), size 12189696, SharedBaseAddress: 0x0000024180000000, ArchiveRelocationMode: 1.
Compressed class space mapped at: 0x0000024181000000-0x00000241c1000000, reserved size: 1073741824
Narrow klass base: 0x0000024180000000, Narrow klass shift: 0, Narrow klass range: 0x100000000

GC Precious Log:
 CardTable entry size: 512
 CPUs: 12 total, 12 available
 Memory: 5989M
 Large Page Support: Disabled
 NUMA Support: Disabled
 Compressed Oops: Enabled (32-bit)
 Alignments: Space 512K, Generation 512K, Heap 2M
 Heap Min Capacity: 100M
 Heap Initial Capacity: 100M
 Heap Max Capacity: 2G
 Pre-touch: Disabled
 Parallel Workers: 10

Heap:
 PSYoungGen      total 29696K, used 27985K [0x00000000d5580000, 0x00000000d7680000, 0x0000000100000000)
  eden space 25600K, 93% used [0x00000000d5580000,0x00000000d6cdad00,0x00000000d6e80000)
  from space 4096K, 99% used [0x00000000d7280000,0x00000000d7679800,0x00000000d7680000)
  to   space 4096K, 0% used [0x00000000d6e80000,0x00000000d6e80000,0x00000000d7280000)
 ParOldGen       total 68608K, used 1944K [0x0000000080000000, 0x0000000084300000, 0x00000000d5580000)
  object space 68608K, 2% used [0x0000000080000000,0x00000000801e6320,0x0000000084300000)
 Metaspace       used 9475K, committed 9856K, reserved 1114112K
  class space    used 1012K, committed 1152K, reserved 1048576K

Card table byte_map: [0x00000241e4f70000,0x00000241e5380000] _byte_map_base: 0x00000241e4b70000

Marking Bits: (ParMarkBitMap*) 0x00007ffeb60b4460
 Begin Bits: [0x00000241f7a80000, 0x00000241f9a80000)
 End Bits:   [0x00000241f9a80000, 0x00000241fba80000)

Polling page: 0x00000241e3400000

Metaspace:

Usage:
  Non-class:      8.26 MB used.
      Class:   1012.05 KB used.
       Both:      9.25 MB used.

Virtual space:
  Non-class space:       64.00 MB reserved,       8.50 MB ( 13%) committed,  1 nodes.
      Class space:        1.00 GB reserved,       1.12 MB ( <1%) committed,  1 nodes.
             Both:        1.06 GB reserved,       9.62 MB ( <1%) committed. 

Chunk freelists:
   Non-Class:  6.69 MB
       Class:  14.78 MB
        Both:  21.47 MB

MaxMetaspaceSize: unlimited
CompressedClassSpaceSize: 1.00 GB
Initial GC threshold: 21.00 MB
Current GC threshold: 21.00 MB
CDS: on
 - commit_granule_bytes: 65536.
 - commit_granule_words: 8192.
 - virtual_space_node_default_size: 8388608.
 - enlarge_chunks_in_place: 1.
 - use_allocation_guard: 0.


Internal statistics:

num_allocs_failed_limit: 0.
num_arena_births: 258.
num_arena_deaths: 0.
num_vsnodes_births: 2.
num_vsnodes_deaths: 0.
num_space_committed: 154.
num_space_uncommitted: 0.
num_chunks_returned_to_freelist: 0.
num_chunks_taken_from_freelist: 509.
num_chunk_merges: 0.
num_chunk_splits: 325.
num_chunks_enlarged: 214.
num_inconsistent_stats: 0.

CodeHeap 'non-profiled nmethods': size=120000Kb used=919Kb max_used=919Kb free=119080Kb
 bounds [0x00000241f02a0000, 0x00000241f0510000, 0x00000241f77d0000]
CodeHeap 'profiled nmethods': size=120000Kb used=4078Kb max_used=4078Kb free=115921Kb
 bounds [0x00000241e87d0000, 0x00000241e8bd0000, 0x00000241efd00000]
CodeHeap 'non-nmethods': size=5760Kb used=1228Kb max_used=1247Kb free=4531Kb
 bounds [0x00000241efd00000, 0x00000241eff70000, 0x00000241f02a0000]
CodeCache: size=245760Kb, used=6225Kb, max_used=6244Kb, free=239532Kb
 total_blobs=2663, nmethods=2170, adapters=399, full_count=0
Compilation: enabled, stopped_count=0, restarted_count=0

Compilation events (20 events):
Event: 14.371 Thread 0x00000241e568e620 2133   !   3       org.eclipse.osgi.storage.BundleInfo$Generation::getRevision (17 bytes)
Event: 14.371 Thread 0x00000241e568e620 nmethod 2133 0x00000241e8bba810 code [0x00000241e8bba9c0, 0x00000241e8bbabc0]
Event: 14.372 Thread 0x00000241e568e620 2134       3       org.eclipse.osgi.storage.BundleInfo$CachedManifest::get (6 bytes)
Event: 14.373 Thread 0x00000241e568e620 nmethod 2134 0x00000241e8bbac90 code [0x00000241e8bbae40, 0x00000241e8bbaf98]
Event: 14.373 Thread 0x00000241e568e620 2135       3       org.eclipse.osgi.storage.BundleInfo$CachedManifest::get (120 bytes)
Event: 14.374 Thread 0x00000241e568e620 nmethod 2135 0x00000241e8bbb090 code [0x00000241e8bbb400, 0x00000241e8bbc7c8]
Event: 14.374 Thread 0x00000241e568e620 2137       3       org.eclipse.osgi.framework.util.CaseInsensitiveDictionaryMap$EntryIterator::hasNext (10 bytes)
Event: 14.374 Thread 0x00000241e568e620 nmethod 2137 0x00000241e8bbcf90 code [0x00000241e8bbd140, 0x00000241e8bbd318]
Event: 14.374 Thread 0x00000241e568e620 2136       3       org.eclipse.osgi.framework.util.CaseInsensitiveDictionaryMap$KeyIterator::next (27 bytes)
Event: 14.374 Thread 0x00000241e568e620 nmethod 2136 0x00000241e8bbd410 code [0x00000241e8bbd5e0, 0x00000241e8bbd9d0]
Event: 14.376 Thread 0x00000241e568e620 2138       3       org.eclipse.osgi.framework.util.CaseInsensitiveDictionaryMap$CaseInsentiveEntry::getValue (10 bytes)
Event: 14.376 Thread 0x00000241e568e620 nmethod 2138 0x00000241e8bbdb10 code [0x00000241e8bbdcc0, 0x00000241e8bbde98]
Event: 14.974 Thread 0x00000241e568e620 2139       3       java.util.concurrent.TimeUnit::toNanos (45 bytes)
Event: 14.974 Thread 0x00000241e568e620 nmethod 2139 0x00000241e8bbdf90 code [0x00000241e8bbe140, 0x00000241e8bbe390]
Event: 16.390 Thread 0x00000241e568e620 2141       3       sun.nio.fs.NativeBuffers::getNativeBufferFromCache (51 bytes)
Event: 16.391 Thread 0x00000241e568e620 nmethod 2141 0x00000241e8bbe410 code [0x00000241e8bbe600, 0x00000241e8bbed08]
Event: 16.391 Thread 0x00000241e568e620 2142       3       sun.nio.fs.NativeBuffer::close (5 bytes)
Event: 16.391 Thread 0x00000241e568e620 nmethod 2142 0x00000241e8bbef10 code [0x00000241e8bbf0c0, 0x00000241e8bbf268]
Event: 16.391 Thread 0x00000241e568e620 2143       3       sun.nio.fs.NativeBuffer::release (5 bytes)
Event: 16.391 Thread 0x00000241e568e620 nmethod 2143 0x00000241e8bbf310 code [0x00000241e8bbf4c0, 0x00000241e8bbf5f8]

GC Heap History (4 events):
Event: 3.008 GC heap before
{Heap before GC invocations=1 (full 0):
 PSYoungGen      total 29696K, used 25600K [0x00000000d5580000, 0x00000000d7680000, 0x0000000100000000)
  eden space 25600K, 100% used [0x00000000d5580000,0x00000000d6e80000,0x00000000d6e80000)
  from space 4096K, 0% used [0x00000000d7280000,0x00000000d7280000,0x00000000d7680000)
  to   space 4096K, 0% used [0x00000000d6e80000,0x00000000d6e80000,0x00000000d7280000)
 ParOldGen       total 68608K, used 0K [0x0000000080000000, 0x0000000084300000, 0x00000000d5580000)
  object space 68608K, 0% used [0x0000000080000000,0x0000000080000000,0x0000000084300000)
 Metaspace       used 4358K, committed 4608K, reserved 1114112K
  class space    used 473K, committed 576K, reserved 1048576K
}
Event: 3.088 GC heap after
{Heap after GC invocations=1 (full 0):
 PSYoungGen      total 29696K, used 3264K [0x00000000d5580000, 0x00000000d7680000, 0x0000000100000000)
  eden space 25600K, 0% used [0x00000000d5580000,0x00000000d5580000,0x00000000d6e80000)
  from space 4096K, 79% used [0x00000000d6e80000,0x00000000d71b0158,0x00000000d7280000)
  to   space 4096K, 0% used [0x00000000d7280000,0x00000000d7280000,0x00000000d7680000)
 ParOldGen       total 68608K, used 16K [0x0000000080000000, 0x0000000084300000, 0x00000000d5580000)
  object space 68608K, 0% used [0x0000000080000000,0x0000000080004000,0x0000000084300000)
 Metaspace       used 4358K, committed 4608K, reserved 1114112K
  class space    used 473K, committed 576K, reserved 1048576K
}
Event: 10.180 GC heap before
{Heap before GC invocations=2 (full 0):
 PSYoungGen      total 29696K, used 28864K [0x00000000d5580000, 0x00000000d7680000, 0x0000000100000000)
  eden space 25600K, 100% used [0x00000000d5580000,0x00000000d6e80000,0x00000000d6e80000)
  from space 4096K, 79% used [0x00000000d6e80000,0x00000000d71b0158,0x00000000d7280000)
  to   space 4096K, 0% used [0x00000000d7280000,0x00000000d7280000,0x00000000d7680000)
 ParOldGen       total 68608K, used 16K [0x0000000080000000, 0x0000000084300000, 0x00000000d5580000)
  object space 68608K, 0% used [0x0000000080000000,0x0000000080004000,0x0000000084300000)
 Metaspace       used 8026K, committed 8256K, reserved 1114112K
  class space    used 832K, committed 960K, reserved 1048576K
}
Event: 10.190 GC heap after
{Heap after GC invocations=2 (full 0):
 PSYoungGen      total 29696K, used 4070K [0x00000000d5580000, 0x00000000d7680000, 0x0000000100000000)
  eden space 25600K, 0% used [0x00000000d5580000,0x00000000d5580000,0x00000000d6e80000)
  from space 4096K, 99% used [0x00000000d7280000,0x00000000d7679800,0x00000000d7680000)
  to   space 4096K, 0% used [0x00000000d6e80000,0x00000000d6e80000,0x00000000d7280000)
 ParOldGen       total 68608K, used 1944K [0x0000000080000000, 0x0000000084300000, 0x00000000d5580000)
  object space 68608K, 2% used [0x0000000080000000,0x00000000801e6320,0x0000000084300000)
 Metaspace       used 8026K, committed 8256K, reserved 1114112K
  class space    used 832K, committed 960K, reserved 1048576K
}

Dll operation events (9 events):
Event: 0.156 Loaded shared library c:\Users\sujit kumar\.windsurf\extensions\redhat.java-1.55.0-win32-x64\jre\21.0.11-win32-x86_64\bin\java.dll
Event: 0.258 Loaded shared library c:\Users\sujit kumar\.windsurf\extensions\redhat.java-1.55.0-win32-x64\jre\21.0.11-win32-x86_64\bin\zip.dll
Event: 0.282 Loaded shared library C:\Users\sujit kumar\.windsurf\extensions\redhat.java-1.55.0-win32-x64\jre\21.0.11-win32-x86_64\bin\instrument.dll
Event: 0.288 Loaded shared library C:\Users\sujit kumar\.windsurf\extensions\redhat.java-1.55.0-win32-x64\jre\21.0.11-win32-x86_64\bin\net.dll
Event: 0.290 Loaded shared library C:\Users\sujit kumar\.windsurf\extensions\redhat.java-1.55.0-win32-x64\jre\21.0.11-win32-x86_64\bin\nio.dll
Event: 0.294 Loaded shared library C:\Users\sujit kumar\.windsurf\extensions\redhat.java-1.55.0-win32-x64\jre\21.0.11-win32-x86_64\bin\zip.dll
Event: 0.313 Loaded shared library C:\Users\sujit kumar\.windsurf\extensions\redhat.java-1.55.0-win32-x64\jre\21.0.11-win32-x86_64\bin\jimage.dll
Event: 0.393 Loaded shared library c:\Users\sujit kumar\.windsurf\extensions\redhat.java-1.55.0-win32-x64\jre\21.0.11-win32-x86_64\bin\verify.dll
Event: 10.341 Loaded shared library C:\Users\sujit kumar\AppData\Roaming\Windsurf\User\globalStorage\redhat.java\1.55.0\config_win\org.eclipse.equinox.launcher\org.eclipse.equinox.launcher.win32.win32.x86_64_1.3.100.v20260613-0559\eclipse_11924.dll

Deoptimization events (20 events):
Event: 14.371 Thread 0x00000241fe3286b0 Uncommon trap: trap_request=0xffffff45 fr.pc=0x00000241f0373b58 relative=0x0000000000000698
Event: 14.371 Thread 0x00000241fe3286b0 Uncommon trap: reason=unstable_if action=reinterpret pc=0x00000241f0373b58 method=java.util.regex.Matcher.search(I)Z @ 30 c2
Event: 14.371 Thread 0x00000241fe3286b0 DEOPT PACKING pc=0x00000241f0373b58 sp=0x000000fbaf9fe040
Event: 14.371 Thread 0x00000241fe3286b0 DEOPT UNPACKING pc=0x00000241efd53aa2 sp=0x000000fbaf9fe020 mode 2
Event: 14.371 Thread 0x00000241fe3286b0 Uncommon trap: trap_request=0xffffffde fr.pc=0x00000241f0374d64 relative=0x0000000000000304
Event: 14.371 Thread 0x00000241fe3286b0 Uncommon trap: reason=class_check action=maybe_recompile pc=0x00000241f0374d64 method=java.util.regex.Pattern$BmpCharPropertyGreedy.match(Ljava/util/regex/Matcher;ILjava/lang/CharSequence;)Z @ 26 c2
Event: 14.371 Thread 0x00000241fe3286b0 DEOPT PACKING pc=0x00000241f0374d64 sp=0x000000fbaf9fdd20
Event: 14.371 Thread 0x00000241fe3286b0 DEOPT UNPACKING pc=0x00000241efd53aa2 sp=0x000000fbaf9fdcd8 mode 2
Event: 14.371 Thread 0x00000241fe3286b0 Uncommon trap: trap_request=0xffffffde fr.pc=0x00000241f0374d64 relative=0x0000000000000304
Event: 14.371 Thread 0x00000241fe3286b0 Uncommon trap: reason=class_check action=maybe_recompile pc=0x00000241f0374d64 method=java.util.regex.Pattern$BmpCharPropertyGreedy.match(Ljava/util/regex/Matcher;ILjava/lang/CharSequence;)Z @ 26 c2
Event: 14.371 Thread 0x00000241fe3286b0 DEOPT PACKING pc=0x00000241f0374d64 sp=0x000000fbaf9fdc20
Event: 14.371 Thread 0x00000241fe3286b0 DEOPT UNPACKING pc=0x00000241efd53aa2 sp=0x000000fbaf9fdbb8 mode 2
Event: 14.371 Thread 0x00000241fe3286b0 Uncommon trap: trap_request=0xffffffde fr.pc=0x00000241f0374d64 relative=0x0000000000000304
Event: 14.371 Thread 0x00000241fe3286b0 Uncommon trap: reason=class_check action=maybe_recompile pc=0x00000241f0374d64 method=java.util.regex.Pattern$BmpCharPropertyGreedy.match(Ljava/util/regex/Matcher;ILjava/lang/CharSequence;)Z @ 26 c2
Event: 14.371 Thread 0x00000241fe3286b0 DEOPT PACKING pc=0x00000241f0374d64 sp=0x000000fbaf9fdd20
Event: 14.371 Thread 0x00000241fe3286b0 DEOPT UNPACKING pc=0x00000241efd53aa2 sp=0x000000fbaf9fdcd8 mode 2
Event: 14.371 Thread 0x00000241fe3286b0 Uncommon trap: trap_request=0xffffffde fr.pc=0x00000241f0374d64 relative=0x0000000000000304
Event: 14.371 Thread 0x00000241fe3286b0 Uncommon trap: reason=class_check action=maybe_recompile pc=0x00000241f0374d64 method=java.util.regex.Pattern$BmpCharPropertyGreedy.match(Ljava/util/regex/Matcher;ILjava/lang/CharSequence;)Z @ 26 c2
Event: 14.371 Thread 0x00000241fe3286b0 DEOPT PACKING pc=0x00000241f0374d64 sp=0x000000fbaf9fdc20
Event: 14.371 Thread 0x00000241fe3286b0 DEOPT UNPACKING pc=0x00000241efd53aa2 sp=0x000000fbaf9fdbb8 mode 2

Classes loaded (20 events):
Event: 14.089 Loading class sun/util/logging/resources/logging_en_IN
Event: 14.089 Loading class sun/util/logging/resources/logging_en_IN done
Event: 14.090 Loading class java/util/Formatter$DateTime
Event: 14.091 Loading class java/util/Formatter$DateTime done
Event: 14.091 Loading class java/util/Formatter$FixedString
Event: 14.091 Loading class java/util/Formatter$FixedString done
Event: 14.125 Loading class java/time/ZonedDateTime$1
Event: 14.126 Loading class java/time/ZonedDateTime$1 done
Event: 14.138 Loading class jdk/internal/module/ModulePatcher$PatchedModuleReader
Event: 14.138 Loading class jdk/internal/module/ModulePatcher$PatchedModuleReader done
Event: 14.144 Loading class sun/util/resources/LocaleData$CommonResourceBundleProvider
Event: 14.144 Loading class sun/util/resources/LocaleData$LocaleDataResourceBundleProvider
Event: 14.144 Loading class java/util/spi/ResourceBundleProvider
Event: 14.144 Loading class java/util/spi/ResourceBundleProvider done
Event: 14.144 Loading class sun/util/resources/LocaleData$LocaleDataResourceBundleProvider done
Event: 14.144 Loading class sun/util/resources/LocaleData$CommonResourceBundleProvider done
Event: 14.147 Loading class sun/text/resources/cldr/FormatData_en
Event: 14.148 Loading class sun/text/resources/cldr/FormatData_en done
Event: 14.148 Loading class sun/util/resources/Bundles$2
Event: 14.148 Loading class sun/util/resources/Bundles$2 done

Classes unloaded (0 events):
No events

Classes redefined (0 events):
No events

Internal exceptions (20 events):
Event: 3.600 Thread 0x00000241e32a72c0 Implicit null exception at 0x00000241f02f69c9 to 0x00000241f02f733c
Event: 3.601 Thread 0x00000241e32a72c0 Implicit null exception at 0x00000241f02fbe1a to 0x00000241f02fc024
Event: 3.603 Thread 0x00000241e32a72c0 Exception <a 'java/lang/NoSuchMethodError'{0x00000000d57436f8}: 'void java.lang.invoke.DirectMethodHandle$Holder.invokeStatic(java.lang.Object, java.lang.Object, java.lang.Object, java.lang.Object)'> (0x00000000d57436f8) 
thrown [s\src\hotspot\share\interpreter\linkResolver.cpp, line 773]
Event: 3.656 Thread 0x00000241e32a72c0 Implicit null exception at 0x00000241f02fb71a to 0x00000241f02fb924
Event: 3.656 Thread 0x00000241e32a72c0 Implicit null exception at 0x00000241f02fa7bd to 0x00000241f02fa841
Event: 4.083 Thread 0x00000241e32a72c0 Exception <a 'java/lang/NoSuchMethodError'{0x00000000d59eabe0}: 'void java.lang.invoke.DirectMethodHandle$Holder.invokeSpecial(java.lang.Object, java.lang.Object, java.lang.Object)'> (0x00000000d59eabe0) 
thrown [s\src\hotspot\share\interpreter\linkResolver.cpp, line 773]
Event: 4.838 Thread 0x00000241e32a72c0 Exception <a 'java/lang/NoSuchMethodError'{0x00000000d645e510}: 'int java.lang.invoke.DirectMethodHandle$Holder.invokeVirtual(java.lang.Object, java.lang.Object)'> (0x00000000d645e510) 
thrown [s\src\hotspot\share\interpreter\linkResolver.cpp, line 773]
Event: 5.120 Thread 0x00000241e32a72c0 Exception <a 'java/lang/NoSuchMethodError'{0x00000000d65e5070}: 'int java.lang.invoke.DirectMethodHandle$Holder.invokeStaticInit(java.lang.Object, java.lang.Object, java.lang.Object, java.lang.Object)'> (0x00000000d65e5070) 
thrown [s\src\hotspot\share\interpreter\linkResolver.cpp, line 773]
Event: 5.122 Thread 0x00000241e32a72c0 Exception <a 'java/lang/IncompatibleClassChangeError'{0x00000000d65ed758}: Found class java.lang.Object, but interface was expected> (0x00000000d65ed758) 
thrown [s\src\hotspot\share\interpreter\linkResolver.cpp, line 840]
Event: 5.123 Thread 0x00000241e32a72c0 Exception <a 'java/lang/NoSuchMethodError'{0x00000000d65f3d48}: 'void java.lang.invoke.DirectMethodHandle$Holder.invokeStaticInit(java.lang.Object, java.lang.Object)'> (0x00000000d65f3d48) 
thrown [s\src\hotspot\share\interpreter\linkResolver.cpp, line 773]
Event: 5.125 Thread 0x00000241e32a72c0 Exception <a 'java/lang/NoSuchMethodError'{0x00000000d65fcfa0}: 'int java.lang.invoke.DirectMethodHandle$Holder.invokeStaticInit(java.lang.Object, java.lang.Object)'> (0x00000000d65fcfa0) 
thrown [s\src\hotspot\share\interpreter\linkResolver.cpp, line 773]
Event: 5.221 Thread 0x00000241e32a72c0 Exception <a 'java/lang/NoSuchMethodError'{0x00000000d6849d90}: 'java.lang.Object java.lang.invoke.DirectMethodHandle$Holder.newInvokeSpecial(java.lang.Object, int, java.lang.Object)'> (0x00000000d6849d90) 
thrown [s\src\hotspot\share\interpreter\linkResolver.cpp, line 773]
Event: 7.358 Thread 0x00000241e32a72c0 Exception <a 'java/lang/ClassNotFoundException'{0x00000000d6a70158}: sun/net/www/protocol/plurl/Handler> (0x00000000d6a70158) 
thrown [s\src\hotspot\share\classfile\systemDictionary.cpp, line 313]
Event: 7.358 Thread 0x00000241e32a72c0 Exception <a 'java/lang/ClassNotFoundException'{0x00000000d6a70fd8}: sun/net/www/protocol/plurl/Handler> (0x00000000d6a70fd8) 
thrown [s\src\hotspot\share\classfile\systemDictionary.cpp, line 313]
Event: 10.220 Thread 0x00000241e32a72c0 Exception <a 'java/lang/UnsatisfiedLinkError'{0x00000000d55f9e70}: 'void org.eclipse.equinox.launcher.JNIBridge._update_splash()'> (0x00000000d55f9e70) 
thrown [s\src\hotspot\share\prims\nativeLookup.cpp, line 415]
Event: 12.476 Thread 0x00000241fd3f6260 Exception <a 'java/lang/NoSuchMethodError'{0x00000000d58fe788}: 'void java.lang.invoke.DirectMethodHandle$Holder.invokeInterface(java.lang.Object, java.lang.Object, java.lang.Object)'> (0x00000000d58fe788) 
thrown [s\src\hotspot\share\interpreter\linkResolver.cpp, line 773]
Event: 12.753 Thread 0x00000241fe3286b0 Exception <a 'java/lang/NoSuchMethodError'{0x00000000d5ced4e0}: 'java.lang.Object java.lang.invoke.DirectMethodHandle$Holder.newInvokeSpecial(java.lang.Object, java.lang.Object, int, java.lang.Object)'> (0x00000000d5ced4e0) 
thrown [s\src\hotspot\share\interpreter\linkResolver.cpp, line 773]
Event: 12.753 Thread 0x00000241fe3286b0 Exception <a 'java/lang/NoSuchMethodError'{0x00000000d5cf1310}: 'java.lang.Object java.lang.invoke.DirectMethodHandle$Holder.invokeSpecial(java.lang.Object, java.lang.Object, java.lang.Object, int, java.lang.Object)'> (0x00000000d5cf1310) 
thrown [s\src\hotspot\share\interpreter\linkResolver.cpp, line 773]
Event: 12.780 Thread 0x00000241fe3286b0 Exception <a 'java/lang/NoClassDefFoundError'{0x00000000d5d978c8}: jakarta/servlet/ServletContainerInitializer> (0x00000000d5d978c8) 
thrown [s\src\hotspot\share\classfile\systemDictionary.cpp, line 302]
Event: 14.088 Thread 0x00000241fe3286b0 Exception <a 'java/lang/ClassNotFoundException'{0x00000000d5eec048}: sun/util/logging/resources/spi/loggingProvider> (0x00000000d5eec048) 
thrown [s\src\hotspot\share\classfile\systemDictionary.cpp, line 313]

ZGC Phase Switch (0 events):
No events

VM Operations (20 events):
Event: 8.358 Executing safepoint VM operation: Cleanup
Event: 9.114 Executing safepoint VM operation: Cleanup done
Event: 10.180 Executing safepoint VM operation: ParallelGCFailedAllocation (Allocation Failure)
Event: 10.190 Executing safepoint VM operation: ParallelGCFailedAllocation (Allocation Failure) done
Event: 11.201 Executing safepoint VM operation: Cleanup
Event: 11.357 Executing safepoint VM operation: Cleanup done
Event: 12.804 Executing non-safepoint VM operation: HandshakeAllThreads (Deoptimize)
Event: 12.804 Executing non-safepoint VM operation: HandshakeAllThreads (Deoptimize) done
Event: 12.804 Executing safepoint VM operation: Cleanup
Event: 12.804 Executing safepoint VM operation: Cleanup done
Event: 13.811 Executing safepoint VM operation: Cleanup
Event: 13.843 Executing safepoint VM operation: Cleanup done
Event: 14.139 Executing non-safepoint VM operation: HandshakeAllThreads (Deoptimize)
Event: 14.139 Executing non-safepoint VM operation: HandshakeAllThreads (Deoptimize) done
Event: 14.154 Executing non-safepoint VM operation: HandshakeAllThreads (Deoptimize)
Event: 14.154 Executing non-safepoint VM operation: HandshakeAllThreads (Deoptimize) done
Event: 14.165 Executing non-safepoint VM operation: HandshakeAllThreads (Deoptimize)
Event: 14.165 Executing non-safepoint VM operation: HandshakeAllThreads (Deoptimize) done
Event: 15.176 Executing safepoint VM operation: Cleanup
Event: 15.176 Executing safepoint VM operation: Cleanup done

Memory protections (0 events):
No events

Nmethod flushes (0 events):
No events

Events (17 events):
Event: 0.199 Thread 0x00000241e32a72c0 Thread added: 0x00000241e32a72c0
Event: 0.220 Thread 0x00000241e32a72c0 Thread added: 0x00000241e557cce0
Event: 0.221 Thread 0x00000241e32a72c0 Thread added: 0x00000241e5673f50
Event: 0.223 Thread 0x00000241e32a72c0 Thread added: 0x00000241e567d360
Event: 0.223 Thread 0x00000241e32a72c0 Thread added: 0x00000241e567e120
Event: 0.223 Thread 0x00000241e32a72c0 Thread added: 0x00000241e56820f0
Event: 0.223 Thread 0x00000241e32a72c0 Thread added: 0x00000241e5682bf0
Event: 0.223 Thread 0x00000241e32a72c0 Thread added: 0x00000241e568d950
Event: 0.223 Thread 0x00000241e32a72c0 Thread added: 0x00000241e568e620
Event: 0.284 Thread 0x00000241e32a72c0 Thread added: 0x00000241fd522d00
Event: 0.499 Thread 0x00000241e32a72c0 Thread added: 0x00000241fd650aa0
Event: 2.884 Thread 0x00000241e568e620 Thread added: 0x00000241fe3e1d60
Event: 3.117 Thread 0x00000241fe3e1d60 Thread exited: 0x00000241fe3e1d60
Event: 5.158 Thread 0x00000241e32a72c0 Thread added: 0x00000241fe49d8e0
Event: 10.216 Thread 0x00000241e32a72c0 Thread added: 0x00000241fd3f6260
Event: 12.486 Thread 0x00000241fd3f6260 Thread added: 0x00000241fe328040
Event: 12.496 Thread 0x00000241e32a72c0 Thread added: 0x00000241fe3286b0


Dynamic libraries:
0x00007ff775760000 - 0x00007ff77576e000 	c:\Users\sujit kumar\.windsurf\extensions\redhat.java-1.55.0-win32-x64\jre\21.0.11-win32-x86_64\bin\java.exe
0x00007fffb5fc0000 - 0x00007fffb6226000 	C:\WINDOWS\SYSTEM32\ntdll.dll
0x00007fff84ad0000 - 0x00007fff84af1000 	C:\Program Files\Avast Software\Avast\aswhook.dll
0x00007fffb4500000 - 0x00007fffb45c9000 	C:\WINDOWS\System32\KERNEL32.DLL
0x00007fffb3250000 - 0x00007fffb364a000 	C:\WINDOWS\System32\KERNELBASE.dll
0x00007fffb3b30000 - 0x00007fffb3c7c000 	C:\WINDOWS\System32\ucrtbase.dll
0x00007fff4aaa0000 - 0x00007fff4aab8000 	c:\Users\sujit kumar\.windsurf\extensions\redhat.java-1.55.0-win32-x64\jre\21.0.11-win32-x86_64\bin\jli.dll
0x00007fff26ef0000 - 0x00007fff26f0e000 	c:\Users\sujit kumar\.windsurf\extensions\redhat.java-1.55.0-win32-x64\jre\21.0.11-win32-x86_64\bin\VCRUNTIME140.dll
0x00007fffb4ad0000 - 0x00007fffb4c97000 	C:\WINDOWS\System32\USER32.dll
0x00007fffb3b00000 - 0x00007fffb3b27000 	C:\WINDOWS\System32\win32u.dll
0x00007fff95730000 - 0x00007fff959c2000 	C:\WINDOWS\WinSxS\amd64_microsoft.windows.common-controls_6595b64144ccf1df_6.0.26100.8521_none_3e08b75ce33403b3\COMCTL32.dll
0x00007fffb4aa0000 - 0x00007fffb4acb000 	C:\WINDOWS\System32\GDI32.dll
0x00007fffb4050000 - 0x00007fffb40f9000 	C:\WINDOWS\System32\msvcrt.dll
0x00007fffb36e0000 - 0x00007fffb380b000 	C:\WINDOWS\System32\gdi32full.dll
0x00007fffb3c80000 - 0x00007fffb3d23000 	C:\WINDOWS\System32\msvcp_win.dll
0x00007fffb4100000 - 0x00007fffb4132000 	C:\WINDOWS\System32\IMM32.DLL
0x00007fff83770000 - 0x00007fff8377c000 	c:\Users\sujit kumar\.windsurf\extensions\redhat.java-1.55.0-win32-x64\jre\21.0.11-win32-x86_64\bin\vcruntime140_1.dll
0x00007ffee2310000 - 0x00007ffee239d000 	c:\Users\sujit kumar\.windsurf\extensions\redhat.java-1.55.0-win32-x64\jre\21.0.11-win32-x86_64\bin\msvcp140.dll
0x00007ffeb53f0000 - 0x00007ffeb6192000 	c:\Users\sujit kumar\.windsurf\extensions\redhat.java-1.55.0-win32-x64\jre\21.0.11-win32-x86_64\bin\server\jvm.dll
0x00007fffb45d0000 - 0x00007fffb4686000 	C:\WINDOWS\System32\ADVAPI32.dll
0x00007fffb4150000 - 0x00007fffb41fa000 	C:\WINDOWS\System32\sechost.dll
0x00007fffb5da0000 - 0x00007fffb5eb8000 	C:\WINDOWS\System32\RPCRT4.dll
0x00007fffb5850000 - 0x00007fffb58d0000 	C:\WINDOWS\System32\WS2_32.dll
0x00007fffb30b0000 - 0x00007fffb310e000 	C:\WINDOWS\SYSTEM32\POWRPROF.dll
0x00007fffaa6a0000 - 0x00007fffaa6d6000 	C:\WINDOWS\SYSTEM32\WINMM.dll
0x00007fffac0c0000 - 0x00007fffac0cb000 	C:\WINDOWS\SYSTEM32\VERSION.dll
0x00007fffb3090000 - 0x00007fffb30a4000 	C:\WINDOWS\SYSTEM32\UMPDC.dll
0x00007fffb1fe0000 - 0x00007fffb1ffb000 	C:\WINDOWS\SYSTEM32\kernel.appcore.dll
0x00007fff7f150000 - 0x00007fff7f15a000 	c:\Users\sujit kumar\.windsurf\extensions\redhat.java-1.55.0-win32-x64\jre\21.0.11-win32-x86_64\bin\jimage.dll
0x00007fffb0a50000 - 0x00007fffb0c92000 	C:\WINDOWS\SYSTEM32\DBGHELP.DLL
0x00007fffb4710000 - 0x00007fffb4a93000 	C:\WINDOWS\System32\combase.dll
0x00007fffb3e90000 - 0x00007fffb3f69000 	C:\WINDOWS\System32\OLEAUT32.dll
0x00007fffa5470000 - 0x00007fffa54ab000 	C:\WINDOWS\SYSTEM32\dbgcore.DLL
0x00007fffb3990000 - 0x00007fffb3a38000 	C:\WINDOWS\System32\bcryptPrimitives.dll
0x00007fff7d9a0000 - 0x00007fff7d9af000 	c:\Users\sujit kumar\.windsurf\extensions\redhat.java-1.55.0-win32-x64\jre\21.0.11-win32-x86_64\bin\instrument.dll
0x00007fff21c30000 - 0x00007fff21c50000 	c:\Users\sujit kumar\.windsurf\extensions\redhat.java-1.55.0-win32-x64\jre\21.0.11-win32-x86_64\bin\java.dll
0x00007fffb50c0000 - 0x00007fffb5844000 	C:\WINDOWS\System32\SHELL32.dll
0x00007fffb0e50000 - 0x00007fffb16d0000 	C:\WINDOWS\SYSTEM32\windows.storage.dll
0x00007fffb4de0000 - 0x00007fffb4ed6000 	C:\WINDOWS\System32\SHCORE.dll
0x00007fffb3fd0000 - 0x00007fffb4037000 	C:\WINDOWS\System32\shlwapi.dll
0x00007fffb3170000 - 0x00007fffb3199000 	C:\WINDOWS\SYSTEM32\profapi.dll
0x00007fff13c10000 - 0x00007fff13c28000 	c:\Users\sujit kumar\.windsurf\extensions\redhat.java-1.55.0-win32-x64\jre\21.0.11-win32-x86_64\bin\zip.dll
0x00007fff7d180000 - 0x00007fff7d190000 	C:\Users\sujit kumar\.windsurf\extensions\redhat.java-1.55.0-win32-x64\jre\21.0.11-win32-x86_64\bin\net.dll
0x00007fffaa8c0000 - 0x00007fffaa9e9000 	C:\WINDOWS\SYSTEM32\WINHTTP.dll
0x00007fffb2550000 - 0x00007fffb25bc000 	C:\WINDOWS\system32\mswsock.dll
0x00007fff12980000 - 0x00007fff12996000 	C:\Users\sujit kumar\.windsurf\extensions\redhat.java-1.55.0-win32-x64\jre\21.0.11-win32-x86_64\bin\nio.dll
0x00007fff7ba30000 - 0x00007fff7ba40000 	c:\Users\sujit kumar\.windsurf\extensions\redhat.java-1.55.0-win32-x64\jre\21.0.11-win32-x86_64\bin\verify.dll
0x00007ffee70e0000 - 0x00007ffee7125000 	C:\Users\sujit kumar\AppData\Roaming\Windsurf\User\globalStorage\redhat.java\1.55.0\config_win\org.eclipse.equinox.launcher\org.eclipse.equinox.launcher.win32.win32.x86_64_1.3.100.v20260613-0559\eclipse_11924.dll
0x00007fffb4260000 - 0x00007fffb43f8000 	C:\WINDOWS\System32\ole32.dll

JVMTI agents:
c:\Users\sujit kumar\.windsurf\extensions\redhat.java-1.55.0-win32-x64\lombok\lombok-1.18.39-4050.jar path:c:\Users\sujit kumar\.windsurf\extensions\redhat.java-1.55.0-win32-x64\jre\21.0.11-win32-x86_64\bin\instrument.dll, loaded, initialized, instrumentlib options:none

dbghelp: loaded successfully - version: 4.0.5 - missing functions: none
symbol engine: initialized successfully - sym options: 0x614 - pdb path: .;c:\Users\sujit kumar\.windsurf\extensions\redhat.java-1.55.0-win32-x64\jre\21.0.11-win32-x86_64\bin;C:\WINDOWS\SYSTEM32;C:\Program Files\Avast Software\Avast;C:\WINDOWS\WinSxS\amd64_microsoft.windows.common-controls_6595b64144ccf1df_6.0.26100.8521_none_3e08b75ce33403b3;c:\Users\sujit kumar\.windsurf\extensions\redhat.java-1.55.0-win32-x64\jre\21.0.11-win32-x86_64\bin\server;C:\Users\sujit kumar\AppData\Roaming\Windsurf\User\globalStorage\redhat.java\1.55.0\config_win\org.eclipse.equinox.launcher\org.eclipse.equinox.launcher.win32.win32.x86_64_1.3.100.v20260613-0559

VM Arguments:
jvm_args: --add-modules=ALL-SYSTEM --add-opens=java.base/java.util=ALL-UNNAMED --add-opens=java.base/java.lang=ALL-UNNAMED --add-opens=java.base/sun.nio.fs=ALL-UNNAMED -Declipse.application=org.eclipse.jdt.ls.core.id1 -Dosgi.bundles.defaultStartLevel=4 -Declipse.product=org.eclipse.jdt.ls.core.product -Djava.import.generatesMetadataFilesAtProjectRoot=false -DDetectVMInstallationsJob.disabled=true -Dfile.encoding=utf8 -XX:+UseParallelGC -XX:GCTimeRatio=4 -XX:AdaptiveSizePolicyWeight=90 -Dsun.zip.disableMemoryMapping=true -Xmx2G -Xms100m -Xlog:disable -javaagent:c:\Users\sujit kumar\.windsurf\extensions\redhat.java-1.55.0-win32-x64\lombok\lombok-1.18.39-4050.jar -XX:+HeapDumpOnOutOfMemoryError -XX:HeapDumpPath=c:\Users\sujit kumar\AppData\Roaming\Windsurf\User\workspaceStorage\909e001eae301016b7e0bf0a875534cd\redhat.java -Daether.dependencyCollector.impl=bf 
java_command: c:\Users\sujit kumar\.windsurf\extensions\redhat.java-1.55.0-win32-x64\server\plugins\org.eclipse.equinox.launcher_1.7.200.v20260619-2039.jar -configuration c:\Users\sujit kumar\AppData\Roaming\Windsurf\User\globalStorage\redhat.java\1.55.0\config_win -data c:\Users\sujit kumar\AppData\Roaming\Windsurf\User\workspaceStorage\909e001eae301016b7e0bf0a875534cd\redhat.java\jdt_ws --pipe=\\.\pipe\lsp-a73be5d96673ebdca613c104eadb3c26-sock
java_class_path (initial): c:\Users\sujit kumar\.windsurf\extensions\redhat.java-1.55.0-win32-x64\server\plugins\org.eclipse.equinox.launcher_1.7.200.v20260619-2039.jar
Launcher Type: SUN_STANDARD

[Global flags]
    uintx AdaptiveSizePolicyWeight                 = 90                                        {product} {command line}
     intx CICompilerCount                          = 4                                         {product} {ergonomic}
    uintx GCTimeRatio                              = 4                                         {product} {command line}
     bool HeapDumpOnOutOfMemoryError               = true                                   {manageable} {command line}
    ccstr HeapDumpPath                             = c:\Users\sujit kumar\AppData\Roaming\Windsurf\User\workspaceStorage\909e001eae301016b7e0bf0a875534cd\redhat.java         {manageable} {command line}
   size_t InitialHeapSize                          = 104857600                                 {product} {command line}
   size_t MaxHeapSize                              = 2147483648                                {product} {command line}
   size_t MaxNewSize                               = 715653120                                 {product} {ergonomic}
   size_t MinHeapDeltaBytes                        = 524288                                    {product} {ergonomic}
   size_t MinHeapSize                              = 104857600                                 {product} {command line}
   size_t NewSize                                  = 34603008                                  {product} {ergonomic}
    uintx NonNMethodCodeHeapSize                   = 5839372                                {pd product} {ergonomic}
    uintx NonProfiledCodeHeapSize                  = 122909434                              {pd product} {ergonomic}
   size_t OldSize                                  = 70254592                                  {product} {ergonomic}
    uintx ProfiledCodeHeapSize                     = 122909434                              {pd product} {ergonomic}
    uintx ReservedCodeCacheSize                    = 251658240                              {pd product} {ergonomic}
     bool SegmentedCodeCache                       = true                                      {product} {ergonomic}
   size_t SoftMaxHeapSize                          = 2147483648                             {manageable} {ergonomic}
     bool UseCompressedOops                        = true                           {product lp64_product} {ergonomic}
     bool UseLargePagesIndividualAllocation        = false                                  {pd product} {ergonomic}
     bool UseParallelGC                            = true                                      {product} {command line}

Logging:
Log output configuration:
 #0: stdout all=off uptime,level,tags foldmultilines=false
 #1: stderr all=off uptime,level,tags foldmultilines=false

Release file:
JAVA_VERSION="21.0.11" 
MODULES="java.base java.compiler java.datatransfer java.xml java.prefs java.desktop java.instrument java.logging java.management java.security.sasl java.naming java.rmi java.management.rmi java.net.http java.scripting java.security.jgss java.transaction.xa java.sql java.sql.rowset java.xml.crypto java.se java.smartcardio jdk.accessibility jdk.internal.jvmstat jdk.attach jdk.charsets jdk.internal.opt jdk.zipfs jdk.compiler jdk.crypto.ec jdk.crypto.cryptoki jdk.crypto.mscapi jdk.dynalink jdk.internal.ed jdk.editpad jdk.hotspot.agent jdk.httpserver jdk.internal.le jdk.internal.vm.ci jdk.internal.vm.compiler jdk.internal.vm.compiler.management jdk.jartool jdk.javadoc jdk.jcmd jdk.management jdk.management.agent jdk.jconsole jdk.jdeps jdk.jdwp.agent jdk.jdi jdk.jfr jdk.jshell jdk.jsobject jdk.jstatd jdk.localedata jdk.management.jfr jdk.naming.dns jdk.naming.rmi jdk.net jdk.nio.mapmode jdk.random jdk.sctp jdk.security.auth jdk.security.jgss jdk.unsupported jdk.unsupported.desktop jdk.xml.dom" 

Environment Variables:
PATH=C:\Program Files\Common Files\Oracle\Java\javapath;C:\WINDOWS\system32;C:\WINDOWS;C:\WINDOWS\System32\Wbem;C:\WINDOWS\System32\WindowsPowerShell\v1.0\;C:\WINDOWS\System32\OpenSSH\;C:\php-8.4.5;C:\Program Files\Git\cmd;C:\Program Files\Java\jdk-21\bin;C:\Program Files\nodejs\;C:\Program Files\MongoDB\Server\8.2\bin;C:\Users\sujit kumar\AppData\Local\Programs\Python\Python312\Scripts\;C:\Users\sujit kumar\AppData\Local\Programs\Python\Python312\;C:\Users\sujit kumar\AppData\Local\Microsoft\WindowsApps;C:\Users\sujit kumar\AppData\Local\Programs\Microsoft VS Code\bin;C:\php-8.4.5;C:\Program Files\Git\bin;C:\Users\sujit kumar\AppData\Roaming\npm;C:\Users\sujit kumar\AppData\Local\Programs\cursor\resources\app\bin;C:\Users\sujit kumar\AppData\Local\Programs\Windsurf\bin;C:\mongosh\
USERNAME=sujit kumar
OS=Windows_NT
PROCESSOR_IDENTIFIER=AMD64 Family 23 Model 104 Stepping 1, AuthenticAMD
TMP=C:\Users\SUJITK~1\AppData\Local\Temp
TEMP=C:\Users\SUJITK~1\AppData\Local\Temp




Periodic native trim disabled

---------------  S Y S T E M  ---------------

OS:
 Windows 11 , 64 bit Build 26100 (10.0.26100.8521)
OS uptime: 1 days 0:51 hours

CPU: total 12 (initial active 12) (12 cores per cpu, 2 threads per core) family 23 model 104 stepping 1 microcode 0x8608109, cx8, cmov, fxsr, ht, mmx, 3dnowpref, sse, sse2, sse3, ssse3, sse4a, sse4.1, sse4.2, popcnt, lzcnt, tsc, tscinvbit, avx, avx2, aes, clmul, bmi1, bmi2, adx, sha, fma, vzeroupper, clflush, clflushopt, rdtscp, rdpid, f16c
Processor Information for the first 12 processors :
  Max Mhz: 2100, Current Mhz: 2100, Mhz Limit: 2100

Memory: 4k page, system-wide physical 5989M (423M free)
TotalPageFile size 24421M (AvailPageFile size 1M)
current process WorkingSet (physical memory assigned to process): 87M, peak: 99M
current process commit charge ("private bytes"): 249M, peak: 251M

vm_info: OpenJDK 64-Bit Server VM (21.0.11+10-LTS) for windows-amd64 JRE (21.0.11+10-LTS), built on 2026-04-21T00:00:00Z by "admin" with MS VC++ 17.12 (VS2022)

END.
